[2025-03-10 16:13:37] User -> District added ->admin@pds| Requested JSON ->
{"name":"Testing"}
[2025-03-10 16:19:21] User -> District Name Edit->admin@pds| Requested
JSON -> {"name":"Tester","uid":"'67cec2594174d'"}
[2025-03-10 16:23:06] User -> District deleted -> admin@pds| Requested JSON
-> {"uid":"67cec2594174d"} | Tester
[2025-03-10 16:33:24] User -> Warehouse added ->admin@pds| Requested
JSON -> {"name":"saionara","type":"motorable","latitude":"20","storage":"20","district":"Kargil","id":"admin@pds","warehousetype":"swc","longitude":"20"}
[2025-03-10 16:37:31] User -> Warehouse InActive -> admin@pds| G_Rice_A/B
[2025-03-10 16:37:36] User -> Warehouse InActive -> admin@pds| Saionara
[2025-03-10 16:37:52] User -> Warehouse Active -> admin@pds| Saionara
[2025-03-10 16:37:53] User -> Warehouse Active -> admin@pds| G_Rice_A/B
[2025-03-10 16:40:24] User -> Warehouse Edit->admin@pds| Requested JSON
-> {"name":"TATAJI","uniqueid":"WH_67cec6fc331f","active":"1","type":"motorable","latitude":"20","storage":"20","district":"Kargil","id":"admin@pds","warehousetype":"swc","longitude":"20"}
[2025-03-10 16:44:09] User -> Warehouse deleted -> admin@pds| Requested
JSON -> {"uid":"WH_67cec6fc331f"} | Tataji
[2025-03-10 16:44:12] User -> Warehouse deleted -> admin@pds| Requested
JSON -> {"uid":"all"} | all
[2025-03-10 20:05:48] User -> Warehouse Added -> admin@pds| G_Rice_A/B
[2025-03-10 20:05:48] User -> Warehouse Added -> admin@pds| Rice_HO_Khumbathang
[2025-03-10 20:05:48] User -> Warehouse Added -> admin@pds| ABG
[2025-03-10 20:05:48] User -> Warehouse Added -> admin@pds| ABG
[2025-03-10 20:05:48] User -> Warehouse Added -> admin@pds| ABG
[2025-03-10 20:05:48] User -> Warehouse Added -> admin@pds| ABG
[2025-03-10 20:05:48] User -> Warehouse Added -> admin@pds| ABG
[2025-03-10 20:19:29] User -> Warehouse Edit -> admin@pds| G_Rice_A/B
[2025-03-10 20:19:29] User -> Warehouse Edit -> admin@pds| Rice_HO_Khumbathang
[2025-03-10 20:19:29] User -> Warehouse Edit -> admin@pds| ABG
[2025-03-10 20:19:29] User -> Warehouse Edit -> admin@pds| ABG
[2025-03-10 20:19:29] User -> Warehouse Edit -> admin@pds| ABG
[2025-03-10 20:19:29] User -> Warehouse Edit -> admin@pds| ABG
[2025-03-10 20:19:29] User -> Warehouse Edit -> admin@pds| ABG
[2025-03-10 20:20:08] User -> Warehouse Edit -> admin@pds| G_Rice_A/B
[2025-03-10 20:20:08] User -> Warehouse Edit -> admin@pds| Rice_HO_Khumbathang
[2025-03-10 20:20:08] User -> Warehouse Edit -> admin@pds| ABG
[2025-03-10 20:20:08] User -> Warehouse Edit -> admin@pds| ABG
[2025-03-10 20:20:08] User -> Warehouse Edit -> admin@pds| ABG
[2025-03-10 20:20:08] User -> Warehouse Edit -> admin@pds| ABG
[2025-03-10 20:20:08] User -> Warehouse Edit -> admin@pds| ABG
[2025-03-10 20:20:48] User -> Warehouse Edit -> admin@pds| G_Rice_A/B
[2025-03-10 20:20:48] User -> Warehouse Edit -> admin@pds| Rice_HO_Khumbathang
[2025-03-10 20:20:48] User -> Warehouse Edit -> admin@pds| ABG
[2025-03-10 20:20:48] User -> Warehouse Edit -> admin@pds| ABG
[2025-03-10 20:20:48] User -> Warehouse Edit -> admin@pds| ABG
[2025-03-10 20:20:48] User -> Warehouse Edit -> admin@pds| ABG
[2025-03-10 20:20:48] User -> Warehouse Edit -> admin@pds| ABG
[2025-03-10 20:23:34] User -> Warehouse InActive -> admin@pds| Kargil
[2025-03-10 20:23:58] User -> Warehouse InActive -> admin@pds| Leh
[2025-03-10 20:24:38] User -> Warehouse Active -> admin@pds| Kargil
[2025-03-10 20:24:47] User -> Warehouse Active -> admin@pds| Leh
[2025-03-10 20:28:46] User -> FPS added ->admin@pds| Requested JSON -> {"name":"Ankush Upadhyay","type":"Model FPS","latitude":"20.95735","longitude":"84.903912","district":"Leh","id":"admin@pds","demand":"200","demand_rice":"9.25","demand_frice":"27"}
[2025-03-10 20:36:13] User -> Warehouse InActive -> admin@pds| ABG
[2025-03-10 20:36:14] User -> Warehouse InActive -> admin@pds| ABG
[2025-03-10 20:36:16] User -> Warehouse InActive -> admin@pds| G_Rice_A/B
[2025-03-10 21:26:27] User -> Warehouse Active -> admin@pds| ABG
[2025-03-10 21:26:29] User -> Warehouse Active -> admin@pds| ABG
[2025-03-10 21:26:31] User -> Warehouse Active -> admin@pds| G_Rice_A/B
[2025-03-10 21:28:18] User -> Warehouse Edit->admin@pds| Requested JSON
-> {"name":"ABGde","uniqueid":"WH_67cef8c41bdb","active":"1","type":"motorable","latitude":"34.40347","storage":"18577.00","district":"Kargil","id":"NE13008","warehousetype":"swc","longitude":"76.0089"}
[2025-03-10 21:33:18] User -> FPS InActive -> admin@pds| Ankush Upadhyay
[2025-03-10 21:33:43] User -> FPS Edit->admin@pds| Requested JSON -> {"name":"Ankush UpadhyayJI","uniqueid":"FPS_67cefe26c00","active":"0","type":"Model FPS","latitude":"20.95735","longitude":"84.903912","district":"Leh","id":"admin@pds","demand":"200","demand_rice":"9.25","demand_frice":"27"}
[2025-03-10 21:34:24] User -> FPS deleted -> admin@pds| Requested JSON -> {"uid":"FPS_67cefe26c00"} | Ankush Upadhyayji
[2025-03-10 21:35:02] User -> FPS deleted -> admin@pds| Requested JSON -> {"uid":"all"} | all
[2025-03-10 21:37:36] User -> FPS Added -> admin@pds| ABGH
[2025-03-10 21:37:36] User -> FPS Added -> admin@pds| ABGH
[2025-03-10 21:37:36] User -> FPS Added -> admin@pds| ABGH
[2025-03-10 21:37:36] User -> FPS Added -> admin@pds| ABGH
[2025-03-10 21:39:22] User -> FPS Added -> admin@pds| ABGH
[2025-03-10 21:39:22] User -> FPS Added -> admin@pds| ABGH
[2025-03-10 21:39:22] User -> FPS Added -> admin@pds| ABGH
[2025-03-10 21:39:22] User -> FPS Added -> admin@pds| ABGH
[2025-03-10 21:39:22] User -> FPS Added -> admin@pds| ABGH
[2025-03-10 21:39:22] User -> FPS Added -> admin@pds| ABGH
[2025-03-10 21:39:22] User -> FPS Added -> admin@pds| ABGH
[2025-03-10 21:39:22] User -> FPS Added -> admin@pds| ABGH
[2025-03-10 21:39:22] User -> FPS Added -> admin@pds| ABGH
[2025-03-10 21:39:22] User -> FPS Added -> admin@pds| ABGH
[2025-03-10 21:39:22] User -> FPS Added -> admin@pds| ABGH
[2025-03-10 21:39:22] User -> FPS Added -> admin@pds| ABGH
[2025-03-10 21:39:22] User -> FPS Added -> admin@pds| ABGH
[2025-03-10 21:39:22] User -> FPS Added -> admin@pds| ABGH
[2025-03-10 21:39:22] User -> FPS Added -> admin@pds| ABGH
[2025-03-10 21:39:22] User -> FPS Added -> admin@pds| ABGH
[2025-03-10 21:39:22] User -> FPS Added -> admin@pds| ABGH
[2025-03-10 21:39:22] User -> FPS Added -> admin@pds| ABGH
[2025-03-10 21:39:22] User -> FPS Added -> admin@pds| ABGH
[2025-03-10 21:39:22] User -> FPS Added -> admin@pds| ABGH
[2025-03-10 21:39:22] User -> FPS Added -> admin@pds| ABGH
[2025-03-10 21:39:22] User -> FPS Added -> admin@pds| ABGH
[2025-03-10 21:39:22] User -> FPS Added -> admin@pds| ABGH
[2025-03-10 21:39:22] User -> FPS Added -> admin@pds| ABGH
[2025-03-10 21:39:22] User -> FPS Added -> admin@pds| ABGH
[2025-03-10 21:39:22] User -> FPS Added -> admin@pds| ABGH
[2025-03-10 21:39:22] User -> FPS Added -> admin@pds| ABGH
[2025-03-10 21:39:22] User -> FPS Added -> admin@pds| ABGH
[2025-03-10 21:39:22] User -> FPS Added -> admin@pds| ABGH
[2025-03-10 21:39:22] User -> FPS Added -> admin@pds| ABGH
[2025-03-10 21:39:22] User -> FPS Added -> admin@pds| ABGH
[2025-03-10 21:39:22] User -> FPS Added -> admin@pds| ABGH
[2025-03-10 21:39:22] User -> FPS Added -> admin@pds| ABGH
[2025-03-10 21:39:22] User -> FPS Added -> admin@pds| ABGH
[2025-03-10 21:39:22] User -> FPS Added -> admin@pds| ABGH
[2025-03-10 21:39:22] User -> FPS Added -> admin@pds| ABGH
[2025-03-10 21:39:22] User -> FPS Added -> admin@pds| ABGH
[2025-03-10 21:39:22] User -> FPS Added -> admin@pds| ABGH
[2025-03-10 21:39:22] User -> FPS Added -> admin@pds| ABGH
[2025-03-10 21:39:22] User -> FPS Added -> admin@pds| ABGH
[2025-03-10 21:39:22] User -> FPS Added -> admin@pds| ABGH
[2025-03-10 21:39:22] User -> FPS Added -> admin@pds| ABGH
[2025-03-10 21:39:22] User -> FPS Added -> admin@pds| ABGH
[2025-03-10 21:39:22] User -> FPS Added -> admin@pds| ABGH
[2025-03-10 21:39:22] User -> FPS Added -> admin@pds| ABGH
[2025-03-10 21:39:22] User -> FPS Added -> admin@pds| ABGH
[2025-03-10 21:39:22] User -> FPS Added -> admin@pds| ABGH
[2025-03-10 21:39:22] User -> FPS Added -> admin@pds| ABGH
[2025-03-10 21:39:22] User -> FPS Added -> admin@pds| ABGH
[2025-03-10 21:39:22] User -> FPS Added -> admin@pds| ABGH
[2025-03-10 21:39:22] User -> FPS Added -> admin@pds| ABGH
[2025-03-10 21:39:22] User -> FPS Added -> admin@pds| ABGH
[2025-03-10 21:39:22] User -> FPS Added -> admin@pds| ABGH
[2025-03-10 21:39:22] User -> FPS Added -> admin@pds| ABGH
[2025-03-10 21:39:22] User -> FPS Added -> admin@pds| ABGH
[2025-03-10 21:39:22] User -> FPS Added -> admin@pds| ABGH
[2025-03-10 21:39:22] User -> FPS Added -> admin@pds| ABGH
[2025-03-10 21:39:22] User -> FPS Added -> admin@pds| ABGH
[2025-03-10 21:39:22] User -> FPS Added -> admin@pds| ABGH
[2025-03-10 21:39:22] User -> FPS Added -> admin@pds| ABGH
[2025-03-10 21:39:22] User -> FPS Added -> admin@pds| ABGH
[2025-03-10 21:39:22] User -> FPS Added -> admin@pds| ABGH
[2025-03-10 21:39:22] User -> FPS Added -> admin@pds| ABGH
[2025-03-10 21:39:22] User -> FPS Added -> admin@pds| ABGH
[2025-03-10 21:39:22] User -> FPS Added -> admin@pds| ABGH
[2025-03-10 21:39:22] User -> FPS Added -> admin@pds| ABGH
[2025-03-10 21:39:22] User -> FPS Added -> admin@pds| ABGH
[2025-03-10 21:39:22] User -> FPS Added -> admin@pds| ABGH
[2025-03-10 21:39:22] User -> FPS Added -> admin@pds| ABGH
[2025-03-10 21:39:22] User -> FPS Added -> admin@pds| ABGH
[2025-03-10 21:39:22] User -> FPS Added -> admin@pds| ABGH
[2025-03-10 21:39:22] User -> FPS Added -> admin@pds| ABGH
[2025-03-10 21:39:22] User -> FPS Added -> admin@pds| ABGH
[2025-03-10 21:39:22] User -> FPS Added -> admin@pds| ABGH
[2025-03-10 21:39:22] User -> FPS Added -> admin@pds| ABGH
[2025-03-10 21:39:22] User -> FPS Added -> admin@pds| ABGH
[2025-03-10 21:39:22] User -> FPS Added -> admin@pds| ABGH
[2025-03-10 21:39:22] User -> FPS Added -> admin@pds| ABGH
[2025-03-10 21:39:22] User -> FPS Added -> admin@pds| ABGH
[2025-03-10 21:39:22] User -> FPS Added -> admin@pds| ABGH
[2025-03-10 21:39:22] User -> FPS Added -> admin@pds| ABGH
[2025-03-10 21:39:22] User -> FPS Added -> admin@pds| ABGH
[2025-03-10 21:39:22] User -> FPS Added -> admin@pds| ABGH
[2025-03-10 21:39:23] User -> FPS Added -> admin@pds| ABGH
[2025-03-10 21:39:23] User -> FPS Added -> admin@pds| ABGH
[2025-03-10 21:39:23] User -> FPS Added -> admin@pds| ABGH
[2025-03-10 21:39:23] User -> FPS Added -> admin@pds| ABGH
[2025-03-10 21:39:23] User -> FPS Added -> admin@pds| ABGH
[2025-03-10 21:39:23] User -> FPS Added -> admin@pds| ABGH
[2025-03-10 21:39:23] User -> FPS Added -> admin@pds| ABGH
[2025-03-10 21:39:23] User -> FPS Added -> admin@pds| ABGH
[2025-03-10 21:39:23] User -> FPS Added -> admin@pds| ABGH
[2025-03-10 21:39:23] User -> FPS Added -> admin@pds| ABGH
[2025-03-10 21:39:23] User -> FPS Added -> admin@pds| ABGH
[2025-03-10 21:39:23] User -> FPS Added -> admin@pds| ABGH
[2025-03-10 21:39:23] User -> FPS Added -> admin@pds| ABGH
[2025-03-10 21:39:23] User -> FPS Added -> admin@pds| ABGH
[2025-03-10 21:39:23] User -> FPS Added -> admin@pds| ABGH
[2025-03-10 21:39:23] User -> FPS Added -> admin@pds| ABGH
[2025-03-10 21:39:23] User -> FPS Added -> admin@pds| ABGH
[2025-03-10 21:39:23] User -> FPS Added -> admin@pds| ABGH
[2025-03-10 21:39:23] User -> FPS Added -> admin@pds| ABGH
[2025-03-10 21:39:23] User -> FPS Added -> admin@pds| ABGH
[2025-03-10 21:39:23] User -> FPS Added -> admin@pds| ABGH
[2025-03-10 21:39:23] User -> FPS Added -> admin@pds| ABGH
[2025-03-10 21:39:23] User -> FPS Added -> admin@pds| ABGH
[2025-03-10 21:39:23] User -> FPS Added -> admin@pds| ABGH
[2025-03-10 21:39:23] User -> FPS Added -> admin@pds| ABGH
[2025-03-10 21:39:23] User -> FPS Added -> admin@pds| ABGH
[2025-03-10 21:39:23] User -> FPS Added -> admin@pds| ABGH
[2025-03-10 21:39:23] User -> FPS Added -> admin@pds| ABGH
[2025-03-10 21:39:23] User -> FPS Added -> admin@pds| ABGH
[2025-03-10 21:39:23] User -> FPS Added -> admin@pds| ABGH
[2025-03-10 21:39:23] User -> FPS Added -> admin@pds| ABGH
[2025-03-10 21:39:23] User -> FPS Added -> admin@pds| ABGH
[2025-03-10 21:39:23] User -> FPS Added -> admin@pds| ABGH
[2025-03-10 21:39:23] User -> FPS Added -> admin@pds| ABGH
[2025-03-10 21:39:23] User -> FPS Added -> admin@pds| ABGH
[2025-03-10 21:39:23] User -> FPS Added -> admin@pds| ABGH
[2025-03-10 21:39:23] User -> FPS Added -> admin@pds| ABGH
[2025-03-10 21:39:23] User -> FPS Added -> admin@pds| ABGH
[2025-03-10 21:39:23] User -> FPS Added -> admin@pds| ABGH
[2025-03-10 21:39:23] User -> FPS Added -> admin@pds| ABGH
[2025-03-10 21:39:23] User -> FPS Added -> admin@pds| ABGH
[2025-03-10 21:39:23] User -> FPS Added -> admin@pds| ABGH
[2025-03-10 21:39:23] User -> FPS Added -> admin@pds| ABGH
[2025-03-10 21:39:23] User -> FPS Added -> admin@pds| ABGH
[2025-03-10 21:39:23] User -> FPS Added -> admin@pds| ABGH
[2025-03-10 21:39:23] User -> FPS Added -> admin@pds| ABGH
[2025-03-10 21:39:23] User -> FPS Added -> admin@pds| ABGH
[2025-03-10 21:39:23] User -> FPS Added -> admin@pds| ABGH
[2025-03-10 21:39:23] User -> FPS Added -> admin@pds| ABGH
[2025-03-10 21:39:23] User -> FPS Added -> admin@pds| ABGH
[2025-03-10 21:39:23] User -> FPS Added -> admin@pds| ABGH
[2025-03-10 21:39:23] User -> FPS Added -> admin@pds| ABGH
[2025-03-10 21:39:23] User -> FPS Added -> admin@pds| ABGH
[2025-03-10 21:39:23] User -> FPS Added -> admin@pds| ABGH
[2025-03-10 21:39:23] User -> FPS Added -> admin@pds| ABGH
[2025-03-10 21:39:23] User -> FPS Added -> admin@pds| ABGH
[2025-03-10 21:39:23] User -> FPS Added -> admin@pds| ABGH
[2025-03-10 21:39:23] User -> FPS Added -> admin@pds| ABGH
[2025-03-10 21:39:23] User -> FPS Added -> admin@pds| ABGH
[2025-03-10 21:39:23] User -> FPS Added -> admin@pds| ABGH
[2025-03-10 21:39:23] User -> FPS Added -> admin@pds| ABGH
[2025-03-10 21:39:23] User -> FPS Added -> admin@pds| ABGH
[2025-03-10 21:39:23] User -> FPS Added -> admin@pds| ABGH
[2025-03-10 21:39:23] User -> FPS Added -> admin@pds| ABGH
[2025-03-10 21:39:23] User -> FPS Added -> admin@pds| ABGH
[2025-03-10 21:39:23] User -> FPS Added -> admin@pds| ABGH
[2025-03-10 21:39:23] User -> FPS Added -> admin@pds| ABGH
[2025-03-10 21:39:23] User -> FPS Added -> admin@pds| ABGH
[2025-03-10 21:39:23] User -> FPS Added -> admin@pds| ABGH
[2025-03-10 21:39:23] User -> FPS Added -> admin@pds| ABGH
[2025-03-10 21:39:23] User -> FPS Added -> admin@pds| ABGH
[2025-03-10 21:39:23] User -> FPS Added -> admin@pds| ABGH
[2025-03-10 21:39:23] User -> FPS Added -> admin@pds| ABGH
[2025-03-10 21:39:23] User -> FPS Added -> admin@pds| ABGH
[2025-03-10 21:39:23] User -> FPS Added -> admin@pds| ABGH
[2025-03-10 21:39:23] User -> FPS Added -> admin@pds| ABGH
[2025-03-10 21:39:23] User -> FPS Added -> admin@pds| ABGH
[2025-03-10 21:39:23] User -> FPS Added -> admin@pds| ABGH
[2025-03-10 21:39:23] User -> FPS Added -> admin@pds| ABGH
[2025-03-10 21:39:23] User -> FPS Added -> admin@pds| ABGH
[2025-03-10 21:39:23] User -> FPS Added -> admin@pds| ABGH
[2025-03-10 21:39:23] User -> FPS Added -> admin@pds| ABGH
[2025-03-10 21:39:23] User -> FPS Added -> admin@pds| ABGH
[2025-03-10 21:39:23] User -> FPS Added -> admin@pds| ABGH
[2025-03-10 21:39:23] User -> FPS Added -> admin@pds| ABGH
[2025-03-10 21:39:23] User -> FPS Added -> admin@pds| ABGH
[2025-03-10 21:39:23] User -> FPS Added -> admin@pds| ABGH
[2025-03-10 21:39:23] User -> FPS Added -> admin@pds| ABGH
[2025-03-10 21:39:23] User -> FPS Added -> admin@pds| ABGH
[2025-03-10 21:39:23] User -> FPS Added -> admin@pds| ABGH
[2025-03-10 21:39:23] User -> FPS Added -> admin@pds| ABGH
[2025-03-10 21:39:23] User -> FPS Added -> admin@pds| ABGH
[2025-03-10 21:39:23] User -> FPS Added -> admin@pds| ABGH
[2025-03-10 21:39:23] User -> FPS Added -> admin@pds| ABGH
[2025-03-10 21:39:23] User -> FPS Added -> admin@pds| ABGH
[2025-03-10 21:39:23] User -> FPS Added -> admin@pds| ABGH
[2025-03-10 21:39:23] User -> FPS Added -> admin@pds| ABGH
[2025-03-10 21:39:23] User -> FPS Added -> admin@pds| ABGH
[2025-03-10 21:39:23] User -> FPS Added -> admin@pds| ABGH
[2025-03-10 21:39:23] User -> FPS Added -> admin@pds| ABGH
[2025-03-10 21:39:23] User -> FPS Added -> admin@pds| ABGH
[2025-03-10 21:39:23] User -> FPS Added -> admin@pds| ABGH
[2025-03-10 21:39:23] User -> FPS Added -> admin@pds| ABGH
[2025-03-10 21:39:23] User -> FPS Added -> admin@pds| ABGH
[2025-03-10 21:39:23] User -> FPS Added -> admin@pds| ABGH
[2025-03-10 21:39:23] User -> FPS Added -> admin@pds| ABGH
[2025-03-10 21:39:23] User -> FPS Added -> admin@pds| ABGH
[2025-03-10 21:39:23] User -> FPS Added -> admin@pds| ABGH
[2025-03-10 21:39:23] User -> FPS Added -> admin@pds| ABGH
[2025-03-10 21:39:23] User -> FPS Added -> admin@pds| ABGH
[2025-03-10 21:39:23] User -> FPS Added -> admin@pds| ABGH
[2025-03-10 21:39:23] User -> FPS Added -> admin@pds| ABGH
[2025-03-10 21:39:23] User -> FPS Added -> admin@pds| ABGH
[2025-03-10 21:39:23] User -> FPS Added -> admin@pds| ABGH
[2025-03-10 21:39:23] User -> FPS Added -> admin@pds| ABGH
[2025-03-10 21:39:23] User -> FPS Added -> admin@pds| ABGH
[2025-03-10 21:39:23] User -> FPS Added -> admin@pds| ABGH
[2025-03-10 21:39:23] User -> FPS Added -> admin@pds| ABGH
[2025-03-10 21:39:23] User -> FPS Added -> admin@pds| ABGH
[2025-03-10 21:39:23] User -> FPS Added -> admin@pds| ABGH
[2025-03-10 21:39:23] User -> FPS Added -> admin@pds| ABGH
[2025-03-10 21:39:23] User -> FPS Added -> admin@pds| ABGH
[2025-03-10 21:39:23] User -> FPS Added -> admin@pds| ABGH
[2025-03-10 21:39:23] User -> FPS Added -> admin@pds| ABGH
[2025-03-10 21:39:23] User -> FPS Added -> admin@pds| ABGH
[2025-03-10 21:39:23] User -> FPS Added -> admin@pds| ABGH
[2025-03-10 21:39:23] User -> FPS Added -> admin@pds| ABGH
[2025-03-10 21:39:23] User -> FPS Added -> admin@pds| ABGH
[2025-03-10 21:39:23] User -> FPS Added -> admin@pds| ABGH
[2025-03-10 21:39:23] User -> FPS Added -> admin@pds| ABGH
[2025-03-10 21:39:23] User -> FPS Added -> admin@pds| ABGH
[2025-03-10 21:39:23] User -> FPS Added -> admin@pds| ABGH
[2025-03-10 21:39:23] User -> FPS Added -> admin@pds| ABGH
[2025-03-10 21:39:23] User -> FPS Added -> admin@pds| ABGH
[2025-03-10 21:39:23] User -> FPS Added -> admin@pds| ABGH
[2025-03-10 21:39:23] User -> FPS Added -> admin@pds| ABGH
[2025-03-10 21:39:23] User -> FPS Added -> admin@pds| ABGH
[2025-03-10 21:39:23] User -> FPS Added -> admin@pds| ABGH
[2025-03-10 21:39:23] User -> FPS Added -> admin@pds| ABGH
[2025-03-10 21:39:24] User -> FPS Added -> admin@pds| ABGH
[2025-03-10 21:39:24] User -> FPS Added -> admin@pds| ABGH
[2025-03-10 21:39:24] User -> FPS Added -> admin@pds| ABGH
[2025-03-10 21:39:24] User -> FPS Added -> admin@pds| ABGH
[2025-03-10 21:39:24] User -> FPS Added -> admin@pds| ABGH
[2025-03-10 21:39:24] User -> FPS Added -> admin@pds| ABGH
[2025-03-10 21:39:24] User -> FPS Added -> admin@pds| ABGH
[2025-03-10 21:39:24] User -> FPS Added -> admin@pds| ABGH
[2025-03-10 21:39:24] User -> FPS Added -> admin@pds| ABGH
[2025-03-10 21:39:24] User -> FPS Added -> admin@pds| ABGH
[2025-03-10 21:39:24] User -> FPS Added -> admin@pds| ABGH
[2025-03-10 21:39:24] User -> FPS Added -> admin@pds| ABGH
[2025-03-10 21:39:24] User -> FPS Added -> admin@pds| ABGH
[2025-03-10 21:39:24] User -> FPS Added -> admin@pds| ABGH
[2025-03-10 21:39:24] User -> FPS Added -> admin@pds| ABGH
[2025-03-10 21:39:24] User -> FPS Added -> admin@pds| ABGH
[2025-03-10 21:39:24] User -> FPS Added -> admin@pds| ABGH
[2025-03-10 21:39:24] User -> FPS Added -> admin@pds| ABGH
[2025-03-10 21:39:24] User -> FPS Added -> admin@pds| ABGH
[2025-03-10 21:39:24] User -> FPS Added -> admin@pds| ABGH
[2025-03-10 21:39:24] User -> FPS Added -> admin@pds| ABGH
[2025-03-10 21:39:24] User -> FPS Added -> admin@pds| ABGH
[2025-03-10 21:39:24] User -> FPS Added -> admin@pds| ABGH
[2025-03-10 21:39:24] User -> FPS Added -> admin@pds| ABGH
[2025-03-10 21:39:24] User -> FPS Added -> admin@pds| ABGH
[2025-03-10 21:39:24] User -> FPS Added -> admin@pds| ABGH
[2025-03-10 21:39:24] User -> FPS Added -> admin@pds| ABGH
[2025-03-10 21:39:24] User -> FPS Added -> admin@pds| ABGH
[2025-03-10 21:39:24] User -> FPS Added -> admin@pds| ABGH
[2025-03-10 21:39:24] User -> FPS Added -> admin@pds| ABGH
[2025-03-10 21:39:24] User -> FPS Added -> admin@pds| ABGH
[2025-03-10 21:39:24] User -> FPS Added -> admin@pds| ABGH
[2025-03-10 21:39:24] User -> FPS Added -> admin@pds| ABGH
[2025-03-10 21:39:24] User -> FPS Added -> admin@pds| ABGH
[2025-03-10 21:39:24] User -> FPS Added -> admin@pds| ABGH
[2025-03-10 21:39:24] User -> FPS Added -> admin@pds| ABGH
[2025-03-10 21:39:24] User -> FPS Added -> admin@pds| ABGH
[2025-03-10 21:39:24] User -> FPS Added -> admin@pds| ABGH
[2025-03-10 21:39:24] User -> FPS Added -> admin@pds| ABGH
[2025-03-10 21:39:24] User -> FPS Added -> admin@pds| ABGH
[2025-03-10 21:39:24] User -> FPS Added -> admin@pds| ABGH
[2025-03-10 21:39:24] User -> FPS Added -> admin@pds| ABGH
[2025-03-10 21:39:24] User -> FPS Added -> admin@pds| ABGH
[2025-03-10 21:39:24] User -> FPS Added -> admin@pds| ABGH
[2025-03-10 21:39:24] User -> FPS Added -> admin@pds| ABGH
[2025-03-10 21:39:24] User -> FPS Added -> admin@pds| ABGH
[2025-03-10 21:39:24] User -> FPS Added -> admin@pds| ABGH
[2025-03-10 21:39:24] User -> FPS Added -> admin@pds| ABGH
[2025-03-10 21:39:24] User -> FPS Added -> admin@pds| ABGH
[2025-03-10 21:39:24] User -> FPS Added -> admin@pds| ABGH
[2025-03-10 21:39:24] User -> FPS Added -> admin@pds| ABGH
[2025-03-10 21:39:24] User -> FPS Added -> admin@pds| ABGH
[2025-03-10 21:39:24] User -> FPS Added -> admin@pds| ABGH
[2025-03-10 21:39:24] User -> FPS Added -> admin@pds| ABGH
[2025-03-10 21:39:24] User -> FPS Added -> admin@pds| ABGH
[2025-03-10 21:39:24] User -> FPS Added -> admin@pds| ABGH
[2025-03-10 21:39:24] User -> FPS Added -> admin@pds| ABGH
[2025-03-10 21:39:24] User -> FPS Added -> admin@pds| ABGH
[2025-03-10 21:39:24] User -> FPS Added -> admin@pds| ABGH
[2025-03-10 21:39:24] User -> FPS Added -> admin@pds| ABGH
[2025-03-10 21:39:24] User -> FPS Added -> admin@pds| ABGH
[2025-03-10 21:39:24] User -> FPS Added -> admin@pds| ABGH
[2025-03-10 21:39:24] User -> FPS Added -> admin@pds| ABGH
[2025-03-10 21:39:24] User -> FPS Added -> admin@pds| ABGH
[2025-03-10 21:39:24] User -> FPS Added -> admin@pds| ABGH
[2025-03-10 21:39:24] User -> FPS Added -> admin@pds| ABGH
[2025-03-10 21:39:24] User -> FPS Added -> admin@pds| ABGH
[2025-03-10 21:39:24] User -> FPS Added -> admin@pds| ABGH
[2025-03-10 21:39:24] User -> FPS Added -> admin@pds| ABGH
[2025-03-10 21:39:24] User -> FPS Added -> admin@pds| ABGH
[2025-03-10 21:39:24] User -> FPS Added -> admin@pds| ABGH
[2025-03-10 21:39:24] User -> FPS Added -> admin@pds| ABGH
[2025-03-10 21:39:24] User -> FPS Added -> admin@pds| ABGH
[2025-03-10 21:39:24] User -> FPS Added -> admin@pds| ABGH
[2025-03-10 21:39:24] User -> FPS Added -> admin@pds| ABGH
[2025-03-10 21:39:24] User -> FPS Added -> admin@pds| ABGH
[2025-03-10 21:39:24] User -> FPS Added -> admin@pds| ABGH
[2025-03-10 21:39:24] User -> FPS Added -> admin@pds| ABGH
[2025-03-10 21:39:24] User -> FPS Added -> admin@pds| ABGH
[2025-03-10 21:39:24] User -> FPS Added -> admin@pds| ABGH
[2025-03-10 21:39:24] User -> FPS Added -> admin@pds| ABGH
[2025-03-10 21:39:24] User -> FPS Added -> admin@pds| ABGH
[2025-03-10 21:39:24] User -> FPS Added -> admin@pds| ABGH
[2025-03-10 21:39:24] User -> FPS Added -> admin@pds| ABGH
[2025-03-10 21:39:24] User -> FPS Added -> admin@pds| ABGH
[2025-03-10 21:39:24] User -> FPS Added -> admin@pds| ABGH
[2025-03-10 21:39:24] User -> FPS Added -> admin@pds| ABGH
[2025-03-10 21:39:24] User -> FPS Added -> admin@pds| ABGH
[2025-03-10 21:39:24] User -> FPS Added -> admin@pds| ABGH
[2025-03-10 21:39:24] User -> FPS Added -> admin@pds| ABGH
[2025-03-10 21:39:24] User -> FPS Added -> admin@pds| ABGH
[2025-03-10 21:39:24] User -> FPS Added -> admin@pds| ABGH
[2025-03-10 21:39:24] User -> FPS Added -> admin@pds| ABGH
[2025-03-10 21:39:24] User -> FPS Added -> admin@pds| ABGH
[2025-03-10 21:39:24] User -> FPS Added -> admin@pds| ABGH
[2025-03-10 21:39:24] User -> FPS Added -> admin@pds| ABGH
[2025-03-10 21:39:24] User -> FPS Added -> admin@pds| ABGH
[2025-03-10 21:39:24] User -> FPS Added -> admin@pds| ABGH
[2025-03-10 21:39:24] User -> FPS Added -> admin@pds| ABGH
[2025-03-10 21:39:24] User -> FPS Added -> admin@pds| ABGH
[2025-03-10 21:39:24] User -> FPS Added -> admin@pds| ABGH
[2025-03-10 21:39:24] User -> FPS Added -> admin@pds| ABGH
[2025-03-10 21:39:24] User -> FPS Added -> admin@pds| ABGH
[2025-03-10 21:39:24] User -> FPS Added -> admin@pds| ABGH
[2025-03-10 21:39:24] User -> FPS Added -> admin@pds| ABGH
[2025-03-10 21:39:24] User -> FPS Added -> admin@pds| ABGH
[2025-03-10 21:39:24] User -> FPS Added -> admin@pds| ABGH
[2025-03-10 21:39:24] User -> FPS Added -> admin@pds| ABGH
[2025-03-10 21:39:24] User -> FPS Added -> admin@pds| ABGH
[2025-03-10 21:39:24] User -> FPS Added -> admin@pds| ABGH
[2025-03-10 21:39:24] User -> FPS Added -> admin@pds| ABGH
[2025-03-10 21:39:24] User -> FPS Added -> admin@pds| ABGH
[2025-03-10 21:39:24] User -> FPS Added -> admin@pds| ABGH
[2025-03-10 21:39:24] User -> FPS Added -> admin@pds| ABGH
[2025-03-10 21:39:24] User -> FPS Added -> admin@pds| ABGH
[2025-03-10 21:39:24] User -> FPS Added -> admin@pds| ABGH
[2025-03-10 21:39:24] User -> FPS Added -> admin@pds| ABGH
[2025-03-10 21:39:24] User -> FPS Added -> admin@pds| ABGH
[2025-03-10 21:39:24] User -> FPS Added -> admin@pds| ABGH
[2025-03-10 21:39:24] User -> FPS Added -> admin@pds| ABGH
[2025-03-10 21:39:24] User -> FPS Added -> admin@pds| ABGH
[2025-03-10 21:39:24] User -> FPS Added -> admin@pds| ABGH
[2025-03-10 21:39:24] User -> FPS Added -> admin@pds| ABGH
[2025-03-10 21:39:24] User -> FPS Added -> admin@pds| ABGH
[2025-03-10 21:39:24] User -> FPS Added -> admin@pds| ABGH
[2025-03-10 21:39:24] User -> FPS Added -> admin@pds| ABGH
[2025-03-10 21:39:24] User -> FPS Added -> admin@pds| ABGH
[2025-03-10 21:39:24] User -> FPS Added -> admin@pds| ABGH
[2025-03-10 21:39:24] User -> FPS Added -> admin@pds| ABGH
[2025-03-10 21:39:25] User -> FPS Added -> admin@pds| ABGH
[2025-03-10 21:39:25] User -> FPS Added -> admin@pds| ABGH
[2025-03-10 21:39:25] User -> FPS Added -> admin@pds| ABGH
[2025-03-10 21:39:25] User -> FPS Added -> admin@pds| ABGH
[2025-03-10 21:39:25] User -> FPS Added -> admin@pds| ABGH
[2025-03-10 21:39:25] User -> FPS Added -> admin@pds| ABGH
[2025-03-10 21:39:25] User -> FPS Added -> admin@pds| ABGH
[2025-03-10 21:39:25] User -> FPS Added -> admin@pds| ABGH
[2025-03-10 21:39:25] User -> FPS Added -> admin@pds| ABGH
[2025-03-10 21:39:25] User -> FPS Added -> admin@pds| ABGH
[2025-03-10 21:39:25] User -> FPS Added -> admin@pds| ABGH
[2025-03-10 21:39:25] User -> FPS Added -> admin@pds| ABGH
[2025-03-10 21:39:25] User -> FPS Added -> admin@pds| ABGH
[2025-03-10 21:39:25] User -> FPS Added -> admin@pds| ABGH
[2025-03-10 21:39:25] User -> FPS Added -> admin@pds| ABGH
[2025-03-10 21:39:25] User -> FPS Added -> admin@pds| ABGH
[2025-03-10 21:39:25] User -> FPS Added -> admin@pds| ABGH
[2025-03-10 21:39:25] User -> FPS Added -> admin@pds| ABGH
[2025-03-10 21:39:25] User -> FPS Added -> admin@pds| ABGH
[2025-03-10 21:39:25] User -> FPS Added -> admin@pds| ABGH
[2025-03-10 21:39:25] User -> FPS Added -> admin@pds| ABGH
[2025-03-10 21:39:25] User -> FPS Added -> admin@pds| ABGH
[2025-03-10 21:39:25] User -> FPS Added -> admin@pds| ABGH
[2025-03-10 21:39:25] User -> FPS Added -> admin@pds| ABGH
[2025-03-10 21:39:25] User -> FPS Added -> admin@pds| ABGH
[2025-03-10 21:39:25] User -> FPS Added -> admin@pds| ABGH
[2025-03-10 21:39:25] User -> FPS Added -> admin@pds| ABGH
[2025-03-10 21:39:25] User -> FPS Added -> admin@pds| ABGH
[2025-03-10 21:39:25] User -> FPS Added -> admin@pds| ABGH
[2025-03-10 21:39:25] User -> FPS Added -> admin@pds| ABGH
[2025-03-10 21:39:25] User -> FPS Added -> admin@pds| ABGH
[2025-03-10 21:39:25] User -> FPS Added -> admin@pds| ABGH
[2025-03-10 21:43:51] User -> FPS Edit -> admin@pds| ABGH
[2025-03-10 21:43:51] User -> FPS Edit -> admin@pds| ABGH
[2025-03-10 21:43:51] User -> FPS Edit -> admin@pds| ABGH
[2025-03-10 21:43:51] User -> FPS Edit -> admin@pds| ABGH
[2025-03-10 21:43:51] User -> FPS Edit -> admin@pds| ABGH
[2025-03-10 21:43:51] User -> FPS Edit -> admin@pds| ABGH
[2025-03-10 21:43:51] User -> FPS Edit -> admin@pds| ABGH
[2025-03-10 21:43:51] User -> FPS Edit -> admin@pds| ABGH
[2025-03-10 21:43:51] User -> FPS Edit -> admin@pds| ABGH
[2025-03-10 21:43:51] User -> FPS Edit -> admin@pds| ABGH
[2025-03-10 21:43:51] User -> FPS Edit -> admin@pds| ABGH
[2025-03-10 21:43:51] User -> FPS Edit -> admin@pds| ABGH
[2025-03-10 21:43:51] User -> FPS Edit -> admin@pds| ABGH
[2025-03-10 21:43:51] User -> FPS Edit -> admin@pds| ABGH
[2025-03-10 21:43:51] User -> FPS Edit -> admin@pds| ABGH
[2025-03-10 21:43:51] User -> FPS Edit -> admin@pds| ABGH
[2025-03-10 21:43:51] User -> FPS Edit -> admin@pds| ABGH
[2025-03-10 21:43:51] User -> FPS Edit -> admin@pds| ABGH
[2025-03-10 21:43:51] User -> FPS Edit -> admin@pds| ABGH
[2025-03-10 21:43:51] User -> FPS Edit -> admin@pds| ABGH
[2025-03-10 21:43:51] User -> FPS Edit -> admin@pds| ABGH
[2025-03-10 21:43:51] User -> FPS Edit -> admin@pds| ABGH
[2025-03-10 21:43:51] User -> FPS Edit -> admin@pds| ABGH
[2025-03-10 21:43:51] User -> FPS Edit -> admin@pds| ABGH
[2025-03-10 21:43:51] User -> FPS Edit -> admin@pds| ABGH
[2025-03-10 21:43:51] User -> FPS Edit -> admin@pds| ABGH
[2025-03-10 21:43:51] User -> FPS Edit -> admin@pds| ABGH
[2025-03-10 21:43:51] User -> FPS Edit -> admin@pds| ABGH
[2025-03-10 21:43:51] User -> FPS Edit -> admin@pds| ABGH
[2025-03-10 21:43:51] User -> FPS Edit -> admin@pds| ABGH
[2025-03-10 21:43:51] User -> FPS Edit -> admin@pds| ABGH
[2025-03-10 21:43:51] User -> FPS Edit -> admin@pds| ABGH
[2025-03-10 21:43:51] User -> FPS Edit -> admin@pds| ABGH
[2025-03-10 21:43:51] User -> FPS Edit -> admin@pds| ABGH
[2025-03-10 21:43:51] User -> FPS Edit -> admin@pds| ABGH
[2025-03-10 21:43:51] User -> FPS Edit -> admin@pds| ABGH
[2025-03-10 21:43:51] User -> FPS Edit -> admin@pds| ABGH
[2025-03-10 21:43:51] User -> FPS Edit -> admin@pds| ABGH
[2025-03-10 21:43:51] User -> FPS Edit -> admin@pds| ABGH
[2025-03-10 21:43:51] User -> FPS Edit -> admin@pds| ABGH
[2025-03-10 21:43:51] User -> FPS Edit -> admin@pds| ABGH
[2025-03-10 21:43:51] User -> FPS Edit -> admin@pds| ABGH
[2025-03-10 21:43:51] User -> FPS Edit -> admin@pds| ABGH
[2025-03-10 21:43:51] User -> FPS Edit -> admin@pds| ABGH
[2025-03-10 21:43:51] User -> FPS Edit -> admin@pds| ABGH
[2025-03-10 21:43:51] User -> FPS Edit -> admin@pds| ABGH
[2025-03-10 21:43:51] User -> FPS Edit -> admin@pds| ABGH
[2025-03-10 21:43:51] User -> FPS Edit -> admin@pds| ABGH
[2025-03-10 21:43:51] User -> FPS Edit -> admin@pds| ABGH
[2025-03-10 21:43:51] User -> FPS Edit -> admin@pds| ABGH
[2025-03-10 21:43:51] User -> FPS Edit -> admin@pds| ABGH
[2025-03-10 21:43:51] User -> FPS Edit -> admin@pds| ABGH
[2025-03-10 21:43:51] User -> FPS Edit -> admin@pds| ABGH
[2025-03-10 21:43:51] User -> FPS Edit -> admin@pds| ABGH
[2025-03-10 21:43:51] User -> FPS Edit -> admin@pds| ABGH
[2025-03-10 21:43:51] User -> FPS Edit -> admin@pds| ABGH
[2025-03-10 21:43:51] User -> FPS Edit -> admin@pds| ABGH
[2025-03-10 21:43:51] User -> FPS Edit -> admin@pds| ABGH
[2025-03-10 21:43:51] User -> FPS Edit -> admin@pds| ABGH
[2025-03-10 21:43:51] User -> FPS Edit -> admin@pds| ABGH
[2025-03-10 21:43:51] User -> FPS Edit -> admin@pds| ABGH
[2025-03-10 21:43:51] User -> FPS Edit -> admin@pds| ABGH
[2025-03-10 21:43:51] User -> FPS Edit -> admin@pds| ABGH
[2025-03-10 21:43:51] User -> FPS Edit -> admin@pds| ABGH
[2025-03-10 21:43:51] User -> FPS Edit -> admin@pds| ABGH
[2025-03-10 21:43:51] User -> FPS Edit -> admin@pds| ABGH
[2025-03-10 21:43:51] User -> FPS Edit -> admin@pds| ABGH
[2025-03-10 21:43:51] User -> FPS Edit -> admin@pds| ABGH
[2025-03-10 21:43:51] User -> FPS Edit -> admin@pds| ABGH
[2025-03-10 21:43:51] User -> FPS Edit -> admin@pds| ABGH
[2025-03-10 21:43:51] User -> FPS Edit -> admin@pds| ABGH
[2025-03-10 21:43:51] User -> FPS Edit -> admin@pds| ABGH
[2025-03-10 21:43:51] User -> FPS Edit -> admin@pds| ABGH
[2025-03-10 21:43:51] User -> FPS Edit -> admin@pds| ABGH
[2025-03-10 21:43:51] User -> FPS Edit -> admin@pds| ABGH
[2025-03-10 21:43:51] User -> FPS Edit -> admin@pds| ABGH
[2025-03-10 21:43:51] User -> FPS Edit -> admin@pds| ABGH
[2025-03-10 21:43:51] User -> FPS Edit -> admin@pds| ABGH
[2025-03-10 21:43:51] User -> FPS Edit -> admin@pds| ABGH
[2025-03-10 21:43:51] User -> FPS Edit -> admin@pds| ABGH
[2025-03-10 21:43:51] User -> FPS Edit -> admin@pds| ABGH
[2025-03-10 21:43:51] User -> FPS Edit -> admin@pds| ABGH
[2025-03-10 21:43:51] User -> FPS Edit -> admin@pds| ABGH
[2025-03-10 21:43:51] User -> FPS Edit -> admin@pds| ABGH
[2025-03-10 21:43:51] User -> FPS Edit -> admin@pds| ABGH
[2025-03-10 21:43:51] User -> FPS Edit -> admin@pds| ABGH
[2025-03-10 21:43:51] User -> FPS Edit -> admin@pds| ABGH
[2025-03-10 21:43:51] User -> FPS Edit -> admin@pds| ABGH
[2025-03-10 21:43:51] User -> FPS Edit -> admin@pds| ABGH
[2025-03-10 21:43:51] User -> FPS Edit -> admin@pds| ABGH
[2025-03-10 21:43:51] User -> FPS Edit -> admin@pds| ABGH
[2025-03-10 21:43:51] User -> FPS Edit -> admin@pds| ABGH
[2025-03-10 21:43:51] User -> FPS Edit -> admin@pds| ABGH
[2025-03-10 21:43:51] User -> FPS Edit -> admin@pds| ABGH
[2025-03-10 21:43:51] User -> FPS Edit -> admin@pds| ABGH
[2025-03-10 21:43:51] User -> FPS Edit -> admin@pds| ABGH
[2025-03-10 21:43:51] User -> FPS Edit -> admin@pds| ABGH
[2025-03-10 21:43:51] User -> FPS Edit -> admin@pds| ABGH
[2025-03-10 21:43:51] User -> FPS Edit -> admin@pds| ABGH
[2025-03-10 21:43:51] User -> FPS Edit -> admin@pds| ABGH
[2025-03-10 21:43:51] User -> FPS Edit -> admin@pds| ABGH
[2025-03-10 21:43:51] User -> FPS Edit -> admin@pds| ABGH
[2025-03-10 21:43:51] User -> FPS Edit -> admin@pds| ABGH
[2025-03-10 21:43:51] User -> FPS Edit -> admin@pds| ABGH
[2025-03-10 21:43:51] User -> FPS Edit -> admin@pds| ABGH
[2025-03-10 21:43:51] User -> FPS Edit -> admin@pds| ABGH
[2025-03-10 21:43:51] User -> FPS Edit -> admin@pds| ABGH
[2025-03-10 21:43:51] User -> FPS Edit -> admin@pds| ABGH
[2025-03-10 21:43:51] User -> FPS Edit -> admin@pds| ABGH
[2025-03-10 21:43:51] User -> FPS Edit -> admin@pds| ABGH
[2025-03-10 21:43:51] User -> FPS Edit -> admin@pds| ABGH
[2025-03-10 21:43:51] User -> FPS Edit -> admin@pds| ABGH
[2025-03-10 21:43:51] User -> FPS Edit -> admin@pds| ABGH
[2025-03-10 21:43:51] User -> FPS Edit -> admin@pds| ABGH
[2025-03-10 21:43:51] User -> FPS Edit -> admin@pds| ABGH
[2025-03-10 21:43:51] User -> FPS Edit -> admin@pds| ABGH
[2025-03-10 21:43:51] User -> FPS Edit -> admin@pds| ABGH
[2025-03-10 21:43:51] User -> FPS Edit -> admin@pds| ABGH
[2025-03-10 21:43:51] User -> FPS Edit -> admin@pds| ABGH
[2025-03-10 21:43:51] User -> FPS Edit -> admin@pds| ABGH
[2025-03-10 21:43:51] User -> FPS Edit -> admin@pds| ABGH
[2025-03-10 21:43:51] User -> FPS Edit -> admin@pds| ABGH
[2025-03-10 21:43:51] User -> FPS Edit -> admin@pds| ABGH
[2025-03-10 21:43:51] User -> FPS Edit -> admin@pds| ABGH
[2025-03-10 21:43:51] User -> FPS Edit -> admin@pds| ABGH
[2025-03-10 21:43:51] User -> FPS Edit -> admin@pds| ABGH
[2025-03-10 21:43:52] User -> FPS Edit -> admin@pds| ABGH
[2025-03-10 21:43:52] User -> FPS Edit -> admin@pds| ABGH
[2025-03-10 21:43:52] User -> FPS Edit -> admin@pds| ABGH
[2025-03-10 21:43:52] User -> FPS Edit -> admin@pds| ABGH
[2025-03-10 21:43:52] User -> FPS Edit -> admin@pds| ABGH
[2025-03-10 21:43:52] User -> FPS Edit -> admin@pds| ABGH
[2025-03-10 21:43:52] User -> FPS Edit -> admin@pds| ABGH
[2025-03-10 21:43:52] User -> FPS Edit -> admin@pds| ABGH
[2025-03-10 21:43:52] User -> FPS Edit -> admin@pds| ABGH
[2025-03-10 21:43:52] User -> FPS Edit -> admin@pds| ABGH
[2025-03-10 21:43:52] User -> FPS Edit -> admin@pds| ABGH
[2025-03-10 21:43:52] User -> FPS Edit -> admin@pds| ABGH
[2025-03-10 21:43:52] User -> FPS Edit -> admin@pds| ABGH
[2025-03-10 21:43:52] User -> FPS Edit -> admin@pds| ABGH
[2025-03-10 21:43:52] User -> FPS Edit -> admin@pds| ABGH
[2025-03-10 21:43:52] User -> FPS Edit -> admin@pds| ABGH
[2025-03-10 21:43:52] User -> FPS Edit -> admin@pds| ABGH
[2025-03-10 21:43:52] User -> FPS Edit -> admin@pds| ABGH
[2025-03-10 21:43:52] User -> FPS Edit -> admin@pds| ABGH
[2025-03-10 21:43:52] User -> FPS Edit -> admin@pds| ABGH
[2025-03-10 21:43:52] User -> FPS Edit -> admin@pds| ABGH
[2025-03-10 21:43:52] User -> FPS Edit -> admin@pds| ABGH
[2025-03-10 21:43:52] User -> FPS Edit -> admin@pds| ABGH
[2025-03-10 21:43:52] User -> FPS Edit -> admin@pds| ABGH
[2025-03-10 21:43:52] User -> FPS Edit -> admin@pds| ABGH
[2025-03-10 21:43:52] User -> FPS Edit -> admin@pds| ABGH
[2025-03-10 21:43:52] User -> FPS Edit -> admin@pds| ABGH
[2025-03-10 21:43:52] User -> FPS Edit -> admin@pds| ABGH
[2025-03-10 21:43:52] User -> FPS Edit -> admin@pds| ABGH
[2025-03-10 21:43:52] User -> FPS Edit -> admin@pds| ABGH
[2025-03-10 21:43:52] User -> FPS Edit -> admin@pds| ABGH
[2025-03-10 21:43:52] User -> FPS Edit -> admin@pds| ABGH
[2025-03-10 21:43:52] User -> FPS Edit -> admin@pds| ABGH
[2025-03-10 21:43:52] User -> FPS Edit -> admin@pds| ABGH
[2025-03-10 21:43:52] User -> FPS Edit -> admin@pds| ABGH
[2025-03-10 21:43:52] User -> FPS Edit -> admin@pds| ABGH
[2025-03-10 21:43:52] User -> FPS Edit -> admin@pds| ABGH
[2025-03-10 21:43:52] User -> FPS Edit -> admin@pds| ABGH
[2025-03-10 21:43:52] User -> FPS Edit -> admin@pds| ABGH
[2025-03-10 21:43:52] User -> FPS Edit -> admin@pds| ABGH
[2025-03-10 21:43:52] User -> FPS Edit -> admin@pds| ABGH
[2025-03-10 21:43:52] User -> FPS Edit -> admin@pds| ABGH
[2025-03-10 21:43:52] User -> FPS Edit -> admin@pds| ABGH
[2025-03-10 21:43:52] User -> FPS Edit -> admin@pds| ABGH
[2025-03-10 21:43:52] User -> FPS Edit -> admin@pds| ABGH
[2025-03-10 21:43:52] User -> FPS Edit -> admin@pds| ABGH
[2025-03-10 21:43:52] User -> FPS Edit -> admin@pds| ABGH
[2025-03-10 21:43:52] User -> FPS Edit -> admin@pds| ABGH
[2025-03-10 21:43:52] User -> FPS Edit -> admin@pds| ABGH
[2025-03-10 21:43:52] User -> FPS Edit -> admin@pds| ABGH
[2025-03-10 21:43:52] User -> FPS Edit -> admin@pds| ABGH
[2025-03-10 21:43:52] User -> FPS Edit -> admin@pds| ABGH
[2025-03-10 21:43:52] User -> FPS Edit -> admin@pds| ABGH
[2025-03-10 21:43:52] User -> FPS Edit -> admin@pds| ABGH
[2025-03-10 21:43:52] User -> FPS Edit -> admin@pds| ABGH
[2025-03-10 21:43:52] User -> FPS Edit -> admin@pds| ABGH
[2025-03-10 21:43:52] User -> FPS Edit -> admin@pds| ABGH
[2025-03-10 21:43:52] User -> FPS Edit -> admin@pds| ABGH
[2025-03-10 21:43:52] User -> FPS Edit -> admin@pds| ABGH
[2025-03-10 21:43:52] User -> FPS Edit -> admin@pds| ABGH
[2025-03-10 21:43:52] User -> FPS Edit -> admin@pds| ABGH
[2025-03-10 21:43:52] User -> FPS Edit -> admin@pds| ABGH
[2025-03-10 21:43:52] User -> FPS Edit -> admin@pds| ABGH
[2025-03-10 21:43:52] User -> FPS Edit -> admin@pds| ABGH
[2025-03-10 21:43:52] User -> FPS Edit -> admin@pds| ABGH
[2025-03-10 21:43:52] User -> FPS Edit -> admin@pds| ABGH
[2025-03-10 21:43:52] User -> FPS Edit -> admin@pds| ABGH
[2025-03-10 21:43:52] User -> FPS Edit -> admin@pds| ABGH
[2025-03-10 21:43:52] User -> FPS Edit -> admin@pds| ABGH
[2025-03-10 21:43:52] User -> FPS Edit -> admin@pds| ABGH
[2025-03-10 21:43:52] User -> FPS Edit -> admin@pds| ABGH
[2025-03-10 21:43:52] User -> FPS Edit -> admin@pds| ABGH
[2025-03-10 21:43:52] User -> FPS Edit -> admin@pds| ABGH
[2025-03-10 21:43:52] User -> FPS Edit -> admin@pds| ABGH
[2025-03-10 21:43:52] User -> FPS Edit -> admin@pds| ABGH
[2025-03-10 21:43:52] User -> FPS Edit -> admin@pds| ABGH
[2025-03-10 21:43:52] User -> FPS Edit -> admin@pds| ABGH
[2025-03-10 21:43:52] User -> FPS Edit -> admin@pds| ABGH
[2025-03-10 21:43:52] User -> FPS Edit -> admin@pds| ABGH
[2025-03-10 21:43:52] User -> FPS Edit -> admin@pds| ABGH
[2025-03-10 21:43:52] User -> FPS Edit -> admin@pds| ABGH
[2025-03-10 21:43:52] User -> FPS Edit -> admin@pds| ABGH
[2025-03-10 21:43:52] User -> FPS Edit -> admin@pds| ABGH
[2025-03-10 21:43:52] User -> FPS Edit -> admin@pds| ABGH
[2025-03-10 21:43:52] User -> FPS Edit -> admin@pds| ABGH
[2025-03-10 21:43:52] User -> FPS Edit -> admin@pds| ABGH
[2025-03-10 21:43:52] User -> FPS Edit -> admin@pds| ABGH
[2025-03-10 21:43:52] User -> FPS Edit -> admin@pds| ABGH
[2025-03-10 21:43:52] User -> FPS Edit -> admin@pds| ABGH
[2025-03-10 21:43:52] User -> FPS Edit -> admin@pds| ABGH
[2025-03-10 21:43:52] User -> FPS Edit -> admin@pds| ABGH
[2025-03-10 21:43:52] User -> FPS Edit -> admin@pds| ABGH
[2025-03-10 21:43:52] User -> FPS Edit -> admin@pds| ABGH
[2025-03-10 21:43:52] User -> FPS Edit -> admin@pds| ABGH
[2025-03-10 21:43:52] User -> FPS Edit -> admin@pds| ABGH
[2025-03-10 21:43:52] User -> FPS Edit -> admin@pds| ABGH
[2025-03-10 21:43:52] User -> FPS Edit -> admin@pds| ABGH
[2025-03-10 21:43:52] User -> FPS Edit -> admin@pds| ABGH
[2025-03-10 21:43:52] User -> FPS Edit -> admin@pds| ABGH
[2025-03-10 21:43:52] User -> FPS Edit -> admin@pds| ABGH
[2025-03-10 21:43:52] User -> FPS Edit -> admin@pds| ABGH
[2025-03-10 21:43:52] User -> FPS Edit -> admin@pds| ABGH
[2025-03-10 21:43:52] User -> FPS Edit -> admin@pds| ABGH
[2025-03-10 21:43:52] User -> FPS Edit -> admin@pds| ABGH
[2025-03-10 21:43:52] User -> FPS Edit -> admin@pds| ABGH
[2025-03-10 21:43:52] User -> FPS Edit -> admin@pds| ABGH
[2025-03-10 21:43:52] User -> FPS Edit -> admin@pds| ABGH
[2025-03-10 21:43:52] User -> FPS Edit -> admin@pds| ABGH
[2025-03-10 21:43:52] User -> FPS Edit -> admin@pds| ABGH
[2025-03-10 21:43:52] User -> FPS Edit -> admin@pds| ABGH
[2025-03-10 21:43:52] User -> FPS Edit -> admin@pds| ABGH
[2025-03-10 21:43:52] User -> FPS Edit -> admin@pds| ABGH
[2025-03-10 21:43:52] User -> FPS Edit -> admin@pds| ABGH
[2025-03-10 21:43:52] User -> FPS Edit -> admin@pds| ABGH
[2025-03-10 21:43:52] User -> FPS Edit -> admin@pds| ABGH
[2025-03-10 21:43:52] User -> FPS Edit -> admin@pds| ABGH
[2025-03-10 21:43:52] User -> FPS Edit -> admin@pds| ABGH
[2025-03-10 21:43:52] User -> FPS Edit -> admin@pds| ABGH
[2025-03-10 21:43:52] User -> FPS Edit -> admin@pds| ABGH
[2025-03-10 21:43:52] User -> FPS Edit -> admin@pds| ABGH
[2025-03-10 21:43:52] User -> FPS Edit -> admin@pds| ABGH
[2025-03-10 21:43:52] User -> FPS Edit -> admin@pds| ABGH
[2025-03-10 21:43:52] User -> FPS Edit -> admin@pds| ABGH
[2025-03-10 21:43:52] User -> FPS Edit -> admin@pds| ABGH
[2025-03-10 21:43:52] User -> FPS Edit -> admin@pds| ABGH
[2025-03-10 21:43:52] User -> FPS Edit -> admin@pds| ABGH
[2025-03-10 21:43:52] User -> FPS Edit -> admin@pds| ABGH
[2025-03-10 21:43:52] User -> FPS Edit -> admin@pds| ABGH
[2025-03-10 21:43:52] User -> FPS Edit -> admin@pds| ABGH
[2025-03-10 21:43:52] User -> FPS Edit -> admin@pds| ABGH
[2025-03-10 21:43:52] User -> FPS Edit -> admin@pds| ABGH
[2025-03-10 21:43:52] User -> FPS Edit -> admin@pds| ABGH
[2025-03-10 21:43:52] User -> FPS Edit -> admin@pds| ABGH
[2025-03-10 21:43:52] User -> FPS Edit -> admin@pds| ABGH
[2025-03-10 21:43:52] User -> FPS Edit -> admin@pds| ABGH
[2025-03-10 21:43:52] User -> FPS Edit -> admin@pds| ABGH
[2025-03-10 21:43:52] User -> FPS Edit -> admin@pds| ABGH
[2025-03-10 21:43:52] User -> FPS Edit -> admin@pds| ABGH
[2025-03-10 21:43:52] User -> FPS Edit -> admin@pds| ABGH
[2025-03-10 21:43:52] User -> FPS Edit -> admin@pds| ABGH
[2025-03-10 21:43:52] User -> FPS Edit -> admin@pds| ABGH
[2025-03-10 21:43:52] User -> FPS Edit -> admin@pds| ABGH
[2025-03-10 21:43:52] User -> FPS Edit -> admin@pds| ABGH
[2025-03-10 21:43:52] User -> FPS Edit -> admin@pds| ABGH
[2025-03-10 21:43:52] User -> FPS Edit -> admin@pds| ABGH
[2025-03-10 21:43:52] User -> FPS Edit -> admin@pds| ABGH
[2025-03-10 21:43:52] User -> FPS Edit -> admin@pds| ABGH
[2025-03-10 21:43:52] User -> FPS Edit -> admin@pds| ABGH
[2025-03-10 21:43:52] User -> FPS Edit -> admin@pds| ABGH
[2025-03-10 21:43:52] User -> FPS Edit -> admin@pds| ABGH
[2025-03-10 21:43:52] User -> FPS Edit -> admin@pds| ABGH
[2025-03-10 21:43:52] User -> FPS Edit -> admin@pds| ABGH
[2025-03-10 21:43:52] User -> FPS Edit -> admin@pds| ABGH
[2025-03-10 21:43:52] User -> FPS Edit -> admin@pds| ABGH
[2025-03-10 21:43:52] User -> FPS Edit -> admin@pds| ABGH
[2025-03-10 21:43:52] User -> FPS Edit -> admin@pds| ABGH
[2025-03-10 21:43:52] User -> FPS Edit -> admin@pds| ABGH
[2025-03-10 21:43:52] User -> FPS Edit -> admin@pds| ABGH
[2025-03-10 21:43:52] User -> FPS Edit -> admin@pds| ABGH
[2025-03-10 21:43:52] User -> FPS Edit -> admin@pds| ABGH
[2025-03-10 21:43:52] User -> FPS Edit -> admin@pds| ABGH
[2025-03-10 21:43:52] User -> FPS Edit -> admin@pds| ABGH
[2025-03-10 21:43:52] User -> FPS Edit -> admin@pds| ABGH
[2025-03-10 21:43:52] User -> FPS Edit -> admin@pds| ABGH
[2025-03-10 21:43:52] User -> FPS Edit -> admin@pds| ABGH
[2025-03-10 21:43:53] User -> FPS Edit -> admin@pds| ABGH
[2025-03-10 21:43:53] User -> FPS Edit -> admin@pds| ABGH
[2025-03-10 21:43:53] User -> FPS Edit -> admin@pds| ABGH
[2025-03-10 21:43:53] User -> FPS Edit -> admin@pds| ABGH
[2025-03-10 21:43:53] User -> FPS Edit -> admin@pds| ABGH
[2025-03-10 21:43:53] User -> FPS Edit -> admin@pds| ABGH
[2025-03-10 21:43:53] User -> FPS Edit -> admin@pds| ABGH
[2025-03-10 21:43:53] User -> FPS Edit -> admin@pds| ABGH
[2025-03-10 21:43:53] User -> FPS Edit -> admin@pds| ABGH
[2025-03-10 21:43:53] User -> FPS Edit -> admin@pds| ABGH
[2025-03-10 21:43:53] User -> FPS Edit -> admin@pds| ABGH
[2025-03-10 21:43:53] User -> FPS Edit -> admin@pds| ABGH
[2025-03-10 21:43:53] User -> FPS Edit -> admin@pds| ABGH
[2025-03-10 21:43:53] User -> FPS Edit -> admin@pds| ABGH
[2025-03-10 21:43:53] User -> FPS Edit -> admin@pds| ABGH
[2025-03-10 21:43:53] User -> FPS Edit -> admin@pds| ABGH
[2025-03-10 21:43:53] User -> FPS Edit -> admin@pds| ABGH
[2025-03-10 21:43:53] User -> FPS Edit -> admin@pds| ABGH
[2025-03-10 21:43:53] User -> FPS Edit -> admin@pds| ABGH
[2025-03-10 21:43:53] User -> FPS Edit -> admin@pds| ABGH
[2025-03-10 21:43:53] User -> FPS Edit -> admin@pds| ABGH
[2025-03-10 21:43:53] User -> FPS Edit -> admin@pds| ABGH
[2025-03-10 21:43:53] User -> FPS Edit -> admin@pds| ABGH
[2025-03-10 21:43:53] User -> FPS Edit -> admin@pds| ABGH
[2025-03-10 21:43:53] User -> FPS Edit -> admin@pds| ABGH
[2025-03-10 21:43:53] User -> FPS Edit -> admin@pds| ABGH
[2025-03-10 21:43:53] User -> FPS Edit -> admin@pds| ABGH
[2025-03-10 21:43:53] User -> FPS Edit -> admin@pds| ABGH
[2025-03-10 21:43:53] User -> FPS Edit -> admin@pds| ABGH
[2025-03-10 21:43:53] User -> FPS Edit -> admin@pds| ABGH
[2025-03-10 21:43:53] User -> FPS Edit -> admin@pds| ABGH
[2025-03-10 21:43:53] User -> FPS Edit -> admin@pds| ABGH
[2025-03-10 21:43:53] User -> FPS Edit -> admin@pds| ABGH
[2025-03-10 21:43:53] User -> FPS Edit -> admin@pds| ABGH
[2025-03-10 21:43:53] User -> FPS Edit -> admin@pds| ABGH
[2025-03-10 21:43:53] User -> FPS Edit -> admin@pds| ABGH
[2025-03-10 21:43:53] User -> FPS Edit -> admin@pds| ABGH
[2025-03-10 21:43:53] User -> FPS Edit -> admin@pds| ABGH
[2025-03-10 21:43:53] User -> FPS Edit -> admin@pds| ABGH
[2025-03-10 21:43:53] User -> FPS Edit -> admin@pds| ABGH
[2025-03-10 21:43:53] User -> FPS Edit -> admin@pds| ABGH
[2025-03-10 21:43:53] User -> FPS Edit -> admin@pds| ABGH
[2025-03-10 21:43:53] User -> FPS Edit -> admin@pds| ABGH
[2025-03-10 21:43:53] User -> FPS Edit -> admin@pds| ABGH
[2025-03-10 21:43:53] User -> FPS Edit -> admin@pds| ABGH
[2025-03-10 21:43:53] User -> FPS Edit -> admin@pds| ABGH
[2025-03-10 21:43:53] User -> FPS Edit -> admin@pds| ABGH
[2025-03-10 21:43:53] User -> FPS Edit -> admin@pds| ABGH
[2025-03-10 21:43:53] User -> FPS Edit -> admin@pds| ABGH
[2025-03-10 21:43:53] User -> FPS Edit -> admin@pds| ABGH
[2025-03-10 21:43:53] User -> FPS Edit -> admin@pds| ABGH
[2025-03-10 21:43:53] User -> FPS Edit -> admin@pds| ABGH
[2025-03-10 21:43:53] User -> FPS Edit -> admin@pds| ABGH
[2025-03-10 21:43:53] User -> FPS Edit -> admin@pds| ABGH
[2025-03-10 21:43:53] User -> FPS Edit -> admin@pds| ABGH
[2025-03-10 21:43:53] User -> FPS Edit -> admin@pds| ABGH
[2025-03-10 21:43:53] User -> FPS Edit -> admin@pds| ABGH
[2025-03-10 21:43:53] User -> FPS Edit -> admin@pds| ABGH
[2025-03-10 21:43:53] User -> FPS Edit -> admin@pds| ABGH
[2025-03-10 21:43:53] User -> FPS Edit -> admin@pds| ABGH
[2025-03-10 21:43:53] User -> FPS Edit -> admin@pds| ABGH
[2025-03-10 21:43:53] User -> FPS Edit -> admin@pds| ABGH
[2025-03-10 21:43:53] User -> FPS Edit -> admin@pds| ABGH
[2025-03-10 21:43:53] User -> FPS Edit -> admin@pds| ABGH
[2025-03-10 21:43:53] User -> FPS Edit -> admin@pds| ABGH
[2025-03-10 21:43:53] User -> FPS Edit -> admin@pds| ABGH
[2025-03-10 21:43:53] User -> FPS Edit -> admin@pds| ABGH
[2025-03-10 21:43:53] User -> FPS Edit -> admin@pds| ABGH
[2025-03-10 21:43:53] User -> FPS Edit -> admin@pds| ABGH
[2025-03-10 21:43:53] User -> FPS Edit -> admin@pds| ABGH
[2025-03-10 21:43:53] User -> FPS Edit -> admin@pds| ABGH
[2025-03-10 21:43:53] User -> FPS Edit -> admin@pds| ABGH
[2025-03-10 21:43:53] User -> FPS Edit -> admin@pds| ABGH
[2025-03-10 21:43:53] User -> FPS Edit -> admin@pds| ABGH
[2025-03-10 21:43:53] User -> FPS Edit -> admin@pds| ABGH
[2025-03-10 21:43:53] User -> FPS Edit -> admin@pds| ABGH
[2025-03-10 21:43:53] User -> FPS Edit -> admin@pds| ABGH
[2025-03-10 21:43:53] User -> FPS Edit -> admin@pds| ABGH
[2025-03-10 21:43:53] User -> FPS Edit -> admin@pds| ABGH
[2025-03-10 21:43:53] User -> FPS Edit -> admin@pds| ABGH
[2025-03-10 21:43:53] User -> FPS Edit -> admin@pds| ABGH
[2025-03-10 21:43:53] User -> FPS Edit -> admin@pds| ABGH
[2025-03-10 21:43:53] User -> FPS Edit -> admin@pds| ABGH
[2025-03-10 21:43:53] User -> FPS Edit -> admin@pds| ABGH
[2025-03-10 21:43:53] User -> FPS Edit -> admin@pds| ABGH
[2025-03-10 21:43:53] User -> FPS Edit -> admin@pds| ABGH
[2025-03-10 21:43:53] User -> FPS Edit -> admin@pds| ABGH
[2025-03-10 21:43:53] User -> FPS Edit -> admin@pds| ABGH
[2025-03-10 21:43:53] User -> FPS Edit -> admin@pds| ABGH
[2025-03-10 21:43:53] User -> FPS Edit -> admin@pds| ABGH
[2025-03-10 21:43:53] User -> FPS Edit -> admin@pds| ABGH
[2025-03-10 21:43:53] User -> FPS Edit -> admin@pds| ABGH
[2025-03-10 21:46:25] User -> Model FPS InActive -> admin@pds| Kargil
[2025-03-10 21:47:08] User -> Normal FPS InActive -> admin@pds| Kargil
[2025-03-10 21:48:06] User -> Model FPS InActive -> admin@pds| Leh
[2025-03-10 21:48:52] User -> FPS InActive -> admin@pds| ABGH
[2025-03-10 21:49:00] User -> FPS Active -> admin@pds| ABGH
[2025-03-10 21:51:45] User -> FPS Edit->admin@pds| Requested JSON -> {"name":"ABGH","uniqueid":"FPS_67cf0e4879d","active":"1","type":"Normal FPS","latitude":"34.462922","longitude":"76.124506","district":"Kargil","id":"1.004E+11","demand":"12.33","demand_rice":"11.12","demand_frice":"7.91"}
[2025-03-10 21:51:49] User ->All Normal FPS InActive -> admin@pds
[2025-03-10 21:51:56] User ->All Normal FPS Active -> admin@pds
[2025-03-10 21:52:31] User -> Normal FPS InActive -> admin@pds| Kargil
[2025-03-10 21:52:47] User -> Model FPS InActive -> admin@pds| Kargil
[2025-03-10 21:53:09] User -> FPS Edit->admin@pds| Requested JSON -> {"name":"ABGH","uniqueid":"FPS_67cf0e488f0","active":"1","type":"Normal FPS","latitude":"34.2258","longitude":"76","district":"Kargil","id":"1.00401E+11","demand":"15.87","demand_rice":"13.18","demand_frice":"10.72"}
[2025-03-10 21:53:12] User ->All Normal FPS Active -> admin@pds
[2025-03-10 21:53:14] User ->All Normal FPS InActive -> admin@pds
[2025-03-10 21:53:17] User -> FPS Active -> admin@pds| Abgh
[2025-03-10 21:53:31] User -> FPS Edit->admin@pds| Requested JSON -> {"name":"Abgh","uniqueid":"FPS_67cf0e4879d","active":"1","type":"Model FPS","latitude":"34.462922","longitude":"76.124506","district":"Kargil","id":"1.004E+11","demand":"12.33","demand_rice":"11.12","demand_frice":"7.91"}
[2025-03-10 21:53:41] User -> Model FPS Active -> admin@pds| Kargil
[2025-03-10 21:53:52] User -> Model FPS InActive -> admin@pds| Kargil
[2025-03-10 21:57:05] User -> FPS Edit->admin@pds| Requested JSON -> {"name":"ABGH","uniqueid":"FPS_67cf0eb3d57","active":"1","type":"Normal FPS","latitude":"34.462922","longitude":"76.124506","district":"Kargil","id":"100400100001","demand":"12.33","demand_rice":"11.12","demand_frice":"7.91"}
[2025-03-10 21:57:08] User ->All Normal FPS Active -> admin@pds
[2025-03-10 21:57:09] User ->All Normal FPS InActive -> admin@pds
[2025-03-10 21:57:25] User -> FPS Edit->admin@pds| Requested JSON -> {"name":"ABGH","uniqueid":"FPS_67cf0eb3d77","active":"1","type":"Model FPS","latitude":"34.478889","longitude":"76.111372","district":"Kargil","id":"100400100002","demand":"5.34","demand_rice":"4.16","demand_frice":"2.98"}
[2025-03-10 21:57:32] User ->All Normal FPS Active -> admin@pds
[2025-03-10 21:57:34] User ->All Normal FPS InActive -> admin@pds
[2025-03-10 21:57:40] User ->All Normal FPS Active -> admin@pds
[2025-03-10 21:57:46] User ->All Normal FPS InActive -> admin@pds
[2025-03-10 21:57:56] User ->All Normal FPS Active -> admin@pds
[2025-03-10 22:08:54] User ->All Model FPS InActive -> admin@pds
[2025-03-10 22:08:57] User ->All Model FPS Active -> admin@pds
[2025-03-10 22:11:51] User -> User Add ->admin@pds| Requested JSON -> {"newusername":"test@pds","district":"Kargil","newpassword":"test"} | test@pds
[2025-03-10 22:14:34] User -> Block User ->admin@pds| Requested JSON -> {"uid":"67cf164f2e04a"} | test@pds
[2025-03-10 22:17:10] User -> Block User ->admin@pds| Requested JSON -> {"uid":"67cf164f2e04a"} | test@pds
[2025-03-10 22:19:59] User -> Block User ->admin@pds| Requested JSON -> {"uid":"67cf164f2e04a"} | test@pds
[2025-03-10 22:20:03] User -> Verify User ->admin@pds| Requested JSON -> {"uid":"67cf164f2e04a"} | test@pds
[2025-03-10 22:21:44] User -> Delete User ->admin@pds| Requested JSON -> {"uid":"67cf164f2e04a"} | 
[2025-03-10 22:27:21] User -> Send Message ->admin@pds| Requested JSON ->
{"message":"Hello","uniqueid":"66ab5a6029ca0"} | Kargil@pds
[2025-03-10 22:28:35] User -> Delete Message ->admin@pds| Requested JSON
-> Hello | Kargil@pds
[2025-03-10 23:51:04] User -> Send Message ->admin@pds| Requested JSON ->
{"message":"please respond","uniqueid":"66ab5a4d38623"} | Leh@pds
