[2025-03-11 12:48:18] User -> Warehouse Active -> admin@pds| G_Rice_A/B
[2025-03-11 15:24:08] User -> Cost for leg2 Added ->admin@pds| Requested
JSON -> {"cost_0WvNHAfzt1kdtY":"12"} | 2025 | march
[2025-03-11 15:24:29] User -> Cost for leg2 Added ->admin@pds| Requested
JSON -> {"cost_8hLhGtJTDt7wxj":"22"} | 2024 | oct
[2025-03-11 15:27:27] User -> Cost for leg1 Reset ->admin@pds| Requested JSON -> {"id":"8hLhGtJTDt7wxj"} | 
[2025-03-11 15:27:30] User -> Cost for leg2 Added ->admin@pds| Requested
JSON -> {"cost_8hLhGtJTDt7wxj":"22"} | 2024 | oct
[2025-03-11 15:28:00] {"id":"0WvNHAfzt1kdtY"}
[2025-03-11 15:28:00] User -> Cost for leg2 Reset ->admin@pds| Requested JSON -> {"id":"0WvNHAfzt1kdtY"} | 
[2025-03-11 15:28:05] User -> Cost for leg2 Added ->admin@pds| Requested
JSON -> {"cost_0WvNHAfzt1kdtY":"252"} | 2025 | march
[2025-03-11 15:29:42] {"id":"0WvNHAfzt1kdtY"}
[2025-03-11 15:29:42] User -> Cost for leg2 Reset ->admin@pds| Requested JSON -> {"id":"0WvNHAfzt1kdtY"} | 
[2025-03-11 15:29:46] User -> Cost for leg2 Added ->admin@pds| Requested
JSON -> {"cost_0WvNHAfzt1kdtY":"22"} | 2025 | march
[2025-03-11 16:18:39] User -> Save Data | approve admin change yes ->admin@pds| Mill1 - 100300000000 - Atta
[2025-03-11 16:18:39] User -> Save Data | approve admin change yes ->admin@pds| Mill1 - 100300100001 - Atta
[2025-03-11 16:18:39] User -> Save Data | approve admin change yes ->admin@pds| Mill1 - 100300100002 - Atta
[2025-03-11 17:09:46] User ->All Model FPS InActive -> admin@pds
[2025-03-11 17:09:48] User ->All Model FPS Active -> admin@pds
[2025-03-11 17:10:34] Admin User -> Save Data | implemeneted ->admin@pds| NE13004 - Mill2
[2025-03-11 17:10:34] Admin User -> Save Data | implemeneted ->admin@pds| NE13016 - NE13008
[2025-03-11 17:10:34] Admin User -> Save Data | implemeneted ->admin@pds| NE13016 - NE13008
[2025-03-11 17:10:34] Admin User -> Save Data | implemeneted ->admin@pds| NE13016 - W2
[2025-03-11 17:10:34] Admin User -> Save Data | implemeneted ->admin@pds| NE13016 - W2
[2025-03-11 19:31:51] User -> Mill added ->admin@pds| Requested JSON -> {"name":"Arjun","type":"Mill","latitude":"19.2667","longitude":"31","district":"Kargil","id":"admin@pds","demand":"8107.22","demand_rice":"11.12"}
[2025-03-11 19:38:05] User -> Mill InActive -> admin@pds| Atta Store/Suru Valley RF Mill
[2025-03-11 19:38:07] User -> Mill InActive -> admin@pds| Arjun
[2025-03-11 19:38:09] User -> Mill Active -> admin@pds| Atta Store/Suru Valley RF Mill
[2025-03-11 19:38:11] User -> Mill Active -> admin@pds| Arjun
[2025-03-11 19:41:14] User -> Mill InActive -> admin@pds| Arjun
[2025-03-11 19:41:26] User -> Mill Edit->admin@pds| Requested JSON
-> {"name":"Arjun Upadhyay","uniqueid":"DCP_67d0424f2e6","active":"0","type":"Mill","latitude":"19.2667","longitude":"31","district":"Kargil","id":"admin@pds","demand":"8107.22","demand_rice":"11.12"}
[2025-03-11 19:48:05] User -> Mill Active -> admin@pds| Arjun Upadhyay
[2025-03-11 19:57:21] User -> Mill deleted -> admin@pds| Requested
JSON -> {"uid":"DCP_67d0424f2e6"} | Arjun Upadhyay
[2025-03-11 19:57:44] User -> Mill deleted -> admin@pds| Requested
JSON -> {"uid":"all"} | all
[2025-03-11 20:05:34] User -> Mill Added -> admin@pds| Kangrimill
[2025-03-11 20:05:34] User -> Mill Added -> admin@pds| Atta Store/Suru Valley RF Mill
[2025-03-11 20:08:02] User -> Warehouse Edit -> admin@pds| Kangrimill
[2025-03-11 20:08:02] User -> Warehouse Edit -> admin@pds| Atta Store/Suru Valley RF Mill
[2025-03-11 20:08:56] User -> Mill Edit -> admin@pds| Kangrimill
[2025-03-11 20:08:56] User -> Mill Edit -> admin@pds| Atta Store/Suru Valley RF Mill
[2025-03-11 22:01:58] User -> Warehouse InActive -> admin@pds| Kargil
[2025-03-11 22:03:43] User -> Warehouse Active -> admin@pds| Rice_HO_Khumbathang
[2025-03-11 22:04:08] User ->All Normal FPS InActive -> admin@pds
[2025-03-11 22:04:11] User ->All Normal FPS Active -> admin@pds
[2025-03-11 22:04:19] User -> Model FPS InActive -> admin@pds| Kargil
[2025-03-11 22:16:57] User -> FPS Active -> admin@pds| Abgh
[2025-03-11 22:16:59] User -> FPS Active -> admin@pds| Abgh
[2025-03-11 22:24:04] User -> FPS Edit -> admin@pds| Abgh
[2025-03-11 22:24:04] User -> FPS Edit -> admin@pds| Abgh
[2025-03-11 22:24:04] User -> FPS Edit -> admin@pds| Abgh
[2025-03-11 22:24:04] User -> FPS Edit -> admin@pds| Abgh
[2025-03-11 22:24:04] User -> FPS Edit -> admin@pds| ABGH
[2025-03-11 22:24:04] User -> FPS Edit -> admin@pds| ABGH
[2025-03-11 22:24:04] User -> FPS Edit -> admin@pds| ABGH
[2025-03-11 22:24:04] User -> FPS Edit -> admin@pds| ABGH
[2025-03-11 22:24:04] User -> FPS Edit -> admin@pds| ABGH
[2025-03-11 22:24:04] User -> FPS Edit -> admin@pds| ABGH
[2025-03-11 22:24:04] User -> FPS Edit -> admin@pds| ABGH
[2025-03-11 22:24:04] User -> FPS Edit -> admin@pds| ABGH
[2025-03-11 22:24:04] User -> FPS Edit -> admin@pds| ABGH
[2025-03-11 22:24:04] User -> FPS Edit -> admin@pds| ABGH
[2025-03-11 22:24:04] User -> FPS Edit -> admin@pds| ABGH
[2025-03-11 22:24:04] User -> FPS Edit -> admin@pds| ABGH
[2025-03-11 22:24:04] User -> FPS Edit -> admin@pds| ABGH
[2025-03-11 22:24:04] User -> FPS Edit -> admin@pds| ABGH
[2025-03-11 22:24:04] User -> FPS Edit -> admin@pds| ABGH
[2025-03-11 22:24:04] User -> FPS Edit -> admin@pds| ABGH
[2025-03-11 22:24:04] User -> FPS Edit -> admin@pds| ABGH
[2025-03-11 22:24:04] User -> FPS Edit -> admin@pds| ABGH
[2025-03-11 22:24:04] User -> FPS Edit -> admin@pds| ABGH
[2025-03-11 22:24:04] User -> FPS Edit -> admin@pds| ABGH
[2025-03-11 22:24:04] User -> FPS Edit -> admin@pds| ABGH
[2025-03-11 22:24:04] User -> FPS Edit -> admin@pds| ABGH
[2025-03-11 22:24:04] User -> FPS Edit -> admin@pds| ABGH
[2025-03-11 22:24:04] User -> FPS Edit -> admin@pds| ABGH
[2025-03-11 22:24:04] User -> FPS Edit -> admin@pds| ABGH
[2025-03-11 22:24:04] User -> FPS Edit -> admin@pds| ABGH
[2025-03-11 22:24:04] User -> FPS Edit -> admin@pds| ABGH
[2025-03-11 22:24:04] User -> FPS Edit -> admin@pds| ABGH
[2025-03-11 22:24:04] User -> FPS Edit -> admin@pds| ABGH
[2025-03-11 22:24:04] User -> FPS Edit -> admin@pds| ABGH
[2025-03-11 22:24:04] User -> FPS Edit -> admin@pds| ABGH
[2025-03-11 22:24:04] User -> FPS Edit -> admin@pds| ABGH
[2025-03-11 22:24:04] User -> FPS Edit -> admin@pds| ABGH
[2025-03-11 22:24:04] User -> FPS Edit -> admin@pds| ABGH
[2025-03-11 22:24:04] User -> FPS Edit -> admin@pds| ABGH
[2025-03-11 22:24:04] User -> FPS Edit -> admin@pds| ABGH
[2025-03-11 22:24:04] User -> FPS Edit -> admin@pds| ABGH
[2025-03-11 22:24:04] User -> FPS Edit -> admin@pds| ABGH
[2025-03-11 22:24:04] User -> FPS Edit -> admin@pds| ABGH
[2025-03-11 22:24:04] User -> FPS Edit -> admin@pds| ABGH
[2025-03-11 22:24:04] User -> FPS Edit -> admin@pds| ABGH
[2025-03-11 22:24:04] User -> FPS Edit -> admin@pds| ABGH
[2025-03-11 22:24:04] User -> FPS Edit -> admin@pds| ABGH
[2025-03-11 22:24:04] User -> FPS Edit -> admin@pds| ABGH
[2025-03-11 22:24:04] User -> FPS Edit -> admin@pds| ABGH
[2025-03-11 22:24:04] User -> FPS Edit -> admin@pds| ABGH
[2025-03-11 22:24:04] User -> FPS Edit -> admin@pds| ABGH
[2025-03-11 22:24:04] User -> FPS Edit -> admin@pds| ABGH
[2025-03-11 22:24:04] User -> FPS Edit -> admin@pds| ABGH
[2025-03-11 22:24:04] User -> FPS Edit -> admin@pds| ABGH
[2025-03-11 22:24:04] User -> FPS Edit -> admin@pds| ABGH
[2025-03-11 22:24:04] User -> FPS Edit -> admin@pds| ABGH
[2025-03-11 22:24:04] User -> FPS Edit -> admin@pds| ABGH
[2025-03-11 22:24:04] User -> FPS Edit -> admin@pds| ABGH
[2025-03-11 22:24:04] User -> FPS Edit -> admin@pds| ABGH
[2025-03-11 22:24:04] User -> FPS Edit -> admin@pds| ABGH
[2025-03-11 22:24:04] User -> FPS Edit -> admin@pds| ABGH
[2025-03-11 22:24:04] User -> FPS Edit -> admin@pds| ABGH
[2025-03-11 22:24:04] User -> FPS Edit -> admin@pds| ABGH
[2025-03-11 22:24:04] User -> FPS Edit -> admin@pds| ABGH
[2025-03-11 22:24:04] User -> FPS Edit -> admin@pds| ABGH
[2025-03-11 22:24:04] User -> FPS Edit -> admin@pds| ABGH
[2025-03-11 22:24:04] User -> FPS Edit -> admin@pds| ABGH
[2025-03-11 22:24:04] User -> FPS Edit -> admin@pds| ABGH
[2025-03-11 22:24:04] User -> FPS Edit -> admin@pds| ABGH
[2025-03-11 22:24:04] User -> FPS Edit -> admin@pds| ABGH
[2025-03-11 22:24:04] User -> FPS Edit -> admin@pds| ABGH
[2025-03-11 22:24:04] User -> FPS Edit -> admin@pds| ABGH
[2025-03-11 22:24:04] User -> FPS Edit -> admin@pds| ABGH
[2025-03-11 22:24:04] User -> FPS Edit -> admin@pds| ABGH
[2025-03-11 22:24:04] User -> FPS Edit -> admin@pds| ABGH
[2025-03-11 22:24:04] User -> FPS Edit -> admin@pds| ABGH
[2025-03-11 22:24:04] User -> FPS Edit -> admin@pds| ABGH
[2025-03-11 22:24:04] User -> FPS Edit -> admin@pds| ABGH
[2025-03-11 22:24:04] User -> FPS Edit -> admin@pds| ABGH
[2025-03-11 22:24:04] User -> FPS Edit -> admin@pds| ABGH
[2025-03-11 22:24:04] User -> FPS Edit -> admin@pds| ABGH
[2025-03-11 22:24:04] User -> FPS Edit -> admin@pds| ABGH
[2025-03-11 22:24:04] User -> FPS Edit -> admin@pds| ABGH
[2025-03-11 22:24:04] User -> FPS Edit -> admin@pds| ABGH
[2025-03-11 22:24:04] User -> FPS Edit -> admin@pds| ABGH
[2025-03-11 22:24:04] User -> FPS Edit -> admin@pds| ABGH
[2025-03-11 22:24:04] User -> FPS Edit -> admin@pds| ABGH
[2025-03-11 22:24:04] User -> FPS Edit -> admin@pds| ABGH
[2025-03-11 22:24:04] User -> FPS Edit -> admin@pds| ABGH
[2025-03-11 22:24:04] User -> FPS Edit -> admin@pds| ABGH
[2025-03-11 22:24:04] User -> FPS Edit -> admin@pds| ABGH
[2025-03-11 22:24:04] User -> FPS Edit -> admin@pds| ABGH
[2025-03-11 22:24:04] User -> FPS Edit -> admin@pds| ABGH
[2025-03-11 22:24:04] User -> FPS Edit -> admin@pds| ABGH
[2025-03-11 22:24:04] User -> FPS Edit -> admin@pds| ABGH
[2025-03-11 22:24:04] User -> FPS Edit -> admin@pds| ABGH
[2025-03-11 22:24:04] User -> FPS Edit -> admin@pds| ABGH
[2025-03-11 22:24:04] User -> FPS Edit -> admin@pds| ABGH
[2025-03-11 22:24:04] User -> FPS Edit -> admin@pds| ABGH
[2025-03-11 22:24:04] User -> FPS Edit -> admin@pds| ABGH
[2025-03-11 22:24:04] User -> FPS Edit -> admin@pds| ABGH
[2025-03-11 22:24:04] User -> FPS Edit -> admin@pds| ABGH
[2025-03-11 22:24:04] User -> FPS Edit -> admin@pds| ABGH
[2025-03-11 22:24:04] User -> FPS Edit -> admin@pds| ABGH
[2025-03-11 22:24:04] User -> FPS Edit -> admin@pds| ABGH
[2025-03-11 22:24:04] User -> FPS Edit -> admin@pds| ABGH
[2025-03-11 22:24:04] User -> FPS Edit -> admin@pds| ABGH
[2025-03-11 22:24:04] User -> FPS Edit -> admin@pds| ABGH
[2025-03-11 22:24:04] User -> FPS Edit -> admin@pds| ABGH
[2025-03-11 22:24:04] User -> FPS Edit -> admin@pds| ABGH
[2025-03-11 22:24:04] User -> FPS Edit -> admin@pds| ABGH
[2025-03-11 22:24:04] User -> FPS Edit -> admin@pds| ABGH
[2025-03-11 22:24:04] User -> FPS Edit -> admin@pds| ABGH
[2025-03-11 22:24:04] User -> FPS Edit -> admin@pds| ABGH
[2025-03-11 22:24:04] User -> FPS Edit -> admin@pds| ABGH
[2025-03-11 22:24:04] User -> FPS Edit -> admin@pds| ABGH
[2025-03-11 22:24:04] User -> FPS Edit -> admin@pds| ABGH
[2025-03-11 22:24:04] User -> FPS Edit -> admin@pds| ABGH
[2025-03-11 22:24:04] User -> FPS Edit -> admin@pds| ABGH
[2025-03-11 22:24:04] User -> FPS Edit -> admin@pds| ABGH
[2025-03-11 22:24:04] User -> FPS Edit -> admin@pds| ABGH
[2025-03-11 22:24:04] User -> FPS Edit -> admin@pds| ABGH
[2025-03-11 22:24:04] User -> FPS Edit -> admin@pds| ABGH
[2025-03-11 22:24:04] User -> FPS Edit -> admin@pds| ABGH
[2025-03-11 22:24:04] User -> FPS Edit -> admin@pds| ABGH
[2025-03-11 22:24:04] User -> FPS Edit -> admin@pds| ABGH
[2025-03-11 22:24:04] User -> FPS Edit -> admin@pds| ABGH
[2025-03-11 22:24:04] User -> FPS Edit -> admin@pds| ABGH
[2025-03-11 22:24:04] User -> FPS Edit -> admin@pds| ABGH
[2025-03-11 22:24:05] User -> FPS Edit -> admin@pds| ABGH
[2025-03-11 22:24:05] User -> FPS Edit -> admin@pds| ABGH
[2025-03-11 22:24:05] User -> FPS Edit -> admin@pds| ABGH
[2025-03-11 22:24:05] User -> FPS Edit -> admin@pds| ABGH
[2025-03-11 22:24:05] User -> FPS Edit -> admin@pds| ABGH
[2025-03-11 22:24:05] User -> FPS Edit -> admin@pds| ABGH
[2025-03-11 22:24:05] User -> FPS Edit -> admin@pds| ABGH
[2025-03-11 22:24:05] User -> FPS Edit -> admin@pds| ABGH
[2025-03-11 22:24:05] User -> FPS Edit -> admin@pds| ABGH
[2025-03-11 22:24:05] User -> FPS Edit -> admin@pds| ABGH
[2025-03-11 22:24:05] User -> FPS Edit -> admin@pds| ABGH
[2025-03-11 22:24:05] User -> FPS Edit -> admin@pds| ABGH
[2025-03-11 22:24:05] User -> FPS Edit -> admin@pds| ABGH
[2025-03-11 22:24:05] User -> FPS Edit -> admin@pds| ABGH
[2025-03-11 22:24:05] User -> FPS Edit -> admin@pds| ABGH
[2025-03-11 22:24:05] User -> FPS Edit -> admin@pds| ABGH
[2025-03-11 22:24:05] User -> FPS Edit -> admin@pds| ABGH
[2025-03-11 22:24:05] User -> FPS Edit -> admin@pds| ABGH
[2025-03-11 22:24:05] User -> FPS Edit -> admin@pds| ABGH
[2025-03-11 22:24:05] User -> FPS Edit -> admin@pds| ABGH
[2025-03-11 22:24:05] User -> FPS Edit -> admin@pds| ABGH
[2025-03-11 22:24:05] User -> FPS Edit -> admin@pds| ABGH
[2025-03-11 22:24:05] User -> FPS Edit -> admin@pds| ABGH
[2025-03-11 22:24:05] User -> FPS Edit -> admin@pds| ABGH
[2025-03-11 22:24:05] User -> FPS Edit -> admin@pds| ABGH
[2025-03-11 22:24:05] User -> FPS Edit -> admin@pds| ABGH
[2025-03-11 22:24:05] User -> FPS Edit -> admin@pds| ABGH
[2025-03-11 22:24:05] User -> FPS Edit -> admin@pds| ABGH
[2025-03-11 22:24:05] User -> FPS Edit -> admin@pds| ABGH
[2025-03-11 22:24:05] User -> FPS Edit -> admin@pds| ABGH
[2025-03-11 22:24:05] User -> FPS Edit -> admin@pds| ABGH
[2025-03-11 22:24:05] User -> FPS Edit -> admin@pds| ABGH
[2025-03-11 22:24:05] User -> FPS Edit -> admin@pds| ABGH
[2025-03-11 22:24:05] User -> FPS Edit -> admin@pds| ABGH
[2025-03-11 22:24:05] User -> FPS Edit -> admin@pds| ABGH
[2025-03-11 22:24:05] User -> FPS Edit -> admin@pds| ABGH
[2025-03-11 22:24:05] User -> FPS Edit -> admin@pds| ABGH
[2025-03-11 22:24:05] User -> FPS Edit -> admin@pds| ABGH
[2025-03-11 22:24:05] User -> FPS Edit -> admin@pds| ABGH
[2025-03-11 22:24:05] User -> FPS Edit -> admin@pds| ABGH
[2025-03-11 22:24:05] User -> FPS Edit -> admin@pds| ABGH
[2025-03-11 22:24:05] User -> FPS Edit -> admin@pds| ABGH
[2025-03-11 22:24:05] User -> FPS Edit -> admin@pds| ABGH
[2025-03-11 22:24:05] User -> FPS Edit -> admin@pds| ABGH
[2025-03-11 22:24:05] User -> FPS Edit -> admin@pds| ABGH
[2025-03-11 22:24:05] User -> FPS Edit -> admin@pds| ABGH
[2025-03-11 22:24:05] User -> FPS Edit -> admin@pds| ABGH
[2025-03-11 22:24:05] User -> FPS Edit -> admin@pds| ABGH
[2025-03-11 22:24:05] User -> FPS Edit -> admin@pds| ABGH
[2025-03-11 22:24:05] User -> FPS Edit -> admin@pds| ABGH
[2025-03-11 22:24:05] User -> FPS Edit -> admin@pds| ABGH
[2025-03-11 22:24:05] User -> FPS Edit -> admin@pds| Ankush
[2025-03-11 22:24:05] User -> FPS Edit -> admin@pds| Abgh
[2025-03-11 22:24:05] User -> FPS Edit -> admin@pds| ABGH
[2025-03-11 22:24:05] User -> FPS Edit -> admin@pds| Ankush
[2025-03-11 22:24:05] User -> FPS Edit -> admin@pds| Abgh
[2025-03-11 22:24:05] User -> FPS Edit -> admin@pds| ABGH
[2025-03-11 22:24:05] User -> FPS Edit -> admin@pds| ABGH
[2025-03-11 22:24:05] User -> FPS Edit -> admin@pds| ABGH
[2025-03-11 22:24:05] User -> FPS Edit -> admin@pds| ABGH
[2025-03-11 22:24:05] User -> FPS Edit -> admin@pds| ABGH
[2025-03-11 22:24:05] User -> FPS Edit -> admin@pds| ABGH
[2025-03-11 22:24:05] User -> FPS Edit -> admin@pds| ABGH
[2025-03-11 22:24:05] User -> FPS Edit -> admin@pds| ABGH
[2025-03-11 22:24:05] User -> FPS Edit -> admin@pds| ABGH
[2025-03-11 22:24:05] User -> FPS Edit -> admin@pds| ABGH
[2025-03-11 22:24:05] User -> FPS Edit -> admin@pds| ABGH
[2025-03-11 22:24:05] User -> FPS Edit -> admin@pds| ABGH
[2025-03-11 22:24:05] User -> FPS Edit -> admin@pds| ABGH
[2025-03-11 22:24:05] User -> FPS Edit -> admin@pds| ABGH
[2025-03-11 22:24:05] User -> FPS Edit -> admin@pds| ABGH
[2025-03-11 22:24:05] User -> FPS Edit -> admin@pds| ABGH
[2025-03-11 22:24:05] User -> FPS Edit -> admin@pds| ABGH
[2025-03-11 22:24:05] User -> FPS Edit -> admin@pds| ABGH
[2025-03-11 22:24:05] User -> FPS Edit -> admin@pds| ABGH
[2025-03-11 22:24:05] User -> FPS Edit -> admin@pds| ABGH
[2025-03-11 22:24:05] User -> FPS Edit -> admin@pds| ABGH
[2025-03-11 22:24:05] User -> FPS Edit -> admin@pds| ABGH
[2025-03-11 22:24:05] User -> FPS Edit -> admin@pds| ABGH
[2025-03-11 22:24:05] User -> FPS Edit -> admin@pds| ABGH
[2025-03-11 22:24:05] User -> FPS Edit -> admin@pds| ABGH
[2025-03-11 22:24:05] User -> FPS Edit -> admin@pds| ABGH
[2025-03-11 22:24:05] User -> FPS Edit -> admin@pds| ABGH
[2025-03-11 22:24:05] User -> FPS Edit -> admin@pds| ABGH
[2025-03-11 22:24:05] User -> FPS Edit -> admin@pds| ABGH
[2025-03-11 22:24:05] User -> FPS Edit -> admin@pds| ABGH
[2025-03-11 22:24:05] User -> FPS Edit -> admin@pds| ABGH
[2025-03-11 22:24:05] User -> FPS Edit -> admin@pds| ABGH
[2025-03-11 22:24:05] User -> FPS Edit -> admin@pds| ABGH
[2025-03-11 22:24:05] User -> FPS Edit -> admin@pds| ABGH
[2025-03-11 22:24:05] User -> FPS Edit -> admin@pds| ABGH
[2025-03-11 22:24:05] User -> FPS Edit -> admin@pds| ABGH
[2025-03-11 22:24:05] User -> FPS Edit -> admin@pds| ABGH
[2025-03-11 22:24:05] User -> FPS Edit -> admin@pds| ABGH
[2025-03-11 22:24:05] User -> FPS Edit -> admin@pds| ABGH
[2025-03-11 22:24:05] User -> FPS Edit -> admin@pds| ABGH
[2025-03-11 22:24:05] User -> FPS Edit -> admin@pds| ABGH
[2025-03-11 22:24:05] User -> FPS Edit -> admin@pds| ABGH
[2025-03-11 22:24:05] User -> FPS Edit -> admin@pds| ABGH
[2025-03-11 22:24:05] User -> FPS Edit -> admin@pds| ABGH
[2025-03-11 22:24:05] User -> FPS Edit -> admin@pds| ABGH
[2025-03-11 22:24:05] User -> FPS Edit -> admin@pds| ABGH
[2025-03-11 22:24:05] User -> FPS Edit -> admin@pds| ABGH
[2025-03-11 22:24:05] User -> FPS Edit -> admin@pds| ABGH
[2025-03-11 22:24:05] User -> FPS Edit -> admin@pds| ABGH
[2025-03-11 22:24:05] User -> FPS Edit -> admin@pds| ABGH
[2025-03-11 22:24:05] User -> FPS Edit -> admin@pds| ABGH
[2025-03-11 22:24:05] User -> FPS Edit -> admin@pds| ABGH
[2025-03-11 22:24:05] User -> FPS Edit -> admin@pds| ABGH
[2025-03-11 22:24:05] User -> FPS Edit -> admin@pds| ABGH
[2025-03-11 22:24:05] User -> FPS Edit -> admin@pds| ABGH
[2025-03-11 22:24:05] User -> FPS Edit -> admin@pds| ABGH
[2025-03-11 22:24:05] User -> FPS Edit -> admin@pds| ABGH
[2025-03-11 22:24:05] User -> FPS Edit -> admin@pds| ABGH
[2025-03-11 22:24:05] User -> FPS Edit -> admin@pds| ABGH
[2025-03-11 22:24:05] User -> FPS Edit -> admin@pds| ABGH
[2025-03-11 22:24:05] User -> FPS Edit -> admin@pds| ABGH
[2025-03-11 22:24:05] User -> FPS Edit -> admin@pds| ABGH
[2025-03-11 22:24:05] User -> FPS Edit -> admin@pds| ABGH
[2025-03-11 22:24:05] User -> FPS Edit -> admin@pds| ABGH
[2025-03-11 22:24:05] User -> FPS Edit -> admin@pds| ABGH
[2025-03-11 22:24:05] User -> FPS Edit -> admin@pds| ABGH
[2025-03-11 22:24:05] User -> FPS Edit -> admin@pds| ABGH
[2025-03-11 22:24:05] User -> FPS Edit -> admin@pds| ABGH
[2025-03-11 22:24:05] User -> FPS Edit -> admin@pds| ABGH
[2025-03-11 22:24:05] User -> FPS Edit -> admin@pds| ABGH
[2025-03-11 22:24:05] User -> FPS Edit -> admin@pds| ABGH
[2025-03-11 22:24:05] User -> FPS Edit -> admin@pds| ABGH
[2025-03-11 22:24:05] User -> FPS Edit -> admin@pds| ABGH
[2025-03-11 22:24:05] User -> FPS Edit -> admin@pds| ABGH
[2025-03-11 22:24:05] User -> FPS Edit -> admin@pds| ABGH
[2025-03-11 22:24:05] User -> FPS Edit -> admin@pds| ABGH
[2025-03-11 22:24:05] User -> FPS Edit -> admin@pds| ABGH
[2025-03-11 22:24:05] User -> FPS Edit -> admin@pds| ABGH
[2025-03-11 22:24:05] User -> FPS Edit -> admin@pds| ABGH
[2025-03-11 22:24:05] User -> FPS Edit -> admin@pds| ABGH
[2025-03-11 22:24:05] User -> FPS Edit -> admin@pds| ABGH
[2025-03-11 22:24:05] User -> FPS Edit -> admin@pds| ABGH
[2025-03-11 22:24:05] User -> FPS Edit -> admin@pds| ABGH
[2025-03-11 22:24:05] User -> FPS Edit -> admin@pds| ABGH
[2025-03-11 22:24:05] User -> FPS Edit -> admin@pds| ABGH
[2025-03-11 22:24:05] User -> FPS Edit -> admin@pds| ABGH
[2025-03-11 22:24:05] User -> FPS Edit -> admin@pds| ABGH
[2025-03-11 22:24:05] User -> FPS Edit -> admin@pds| ABGH
[2025-03-11 22:24:05] User -> FPS Edit -> admin@pds| ABGH
[2025-03-11 22:24:05] User -> FPS Edit -> admin@pds| ABGH
[2025-03-11 22:24:05] User -> FPS Edit -> admin@pds| ABGH
[2025-03-11 22:24:05] User -> FPS Edit -> admin@pds| ABGH
[2025-03-11 22:24:05] User -> FPS Edit -> admin@pds| ABGH
[2025-03-11 22:24:05] User -> FPS Edit -> admin@pds| ABGH
[2025-03-11 22:24:05] User -> FPS Edit -> admin@pds| ABGH
[2025-03-11 22:24:05] User -> FPS Edit -> admin@pds| ABGH
[2025-03-11 22:24:05] User -> FPS Edit -> admin@pds| ABGH
[2025-03-11 22:24:05] User -> FPS Edit -> admin@pds| ABGH
[2025-03-11 22:24:05] User -> FPS Edit -> admin@pds| ABGH
[2025-03-11 22:24:05] User -> FPS Edit -> admin@pds| ABGH
[2025-03-11 22:24:05] User -> FPS Edit -> admin@pds| ABGH
[2025-03-11 22:24:05] User -> FPS Edit -> admin@pds| ABGH
[2025-03-11 22:24:05] User -> FPS Edit -> admin@pds| ABGH
[2025-03-11 22:24:05] User -> FPS Edit -> admin@pds| ABGH
[2025-03-11 22:24:05] User -> FPS Edit -> admin@pds| ABGH
[2025-03-11 22:24:05] User -> FPS Edit -> admin@pds| ABGH
[2025-03-11 22:24:05] User -> FPS Edit -> admin@pds| ABGH
[2025-03-11 22:24:05] User -> FPS Edit -> admin@pds| ABGH
[2025-03-11 22:24:05] User -> FPS Edit -> admin@pds| ABGH
[2025-03-11 22:24:05] User -> FPS Edit -> admin@pds| ABGH
[2025-03-11 22:24:05] User -> FPS Edit -> admin@pds| ABGH
[2025-03-11 22:24:05] User -> FPS Edit -> admin@pds| ABGH
[2025-03-11 22:24:05] User -> FPS Edit -> admin@pds| ABGH
[2025-03-11 22:24:06] User -> FPS Edit -> admin@pds| ABGH
[2025-03-11 22:24:06] User -> FPS Edit -> admin@pds| ABGH
[2025-03-11 22:24:06] User -> FPS Edit -> admin@pds| ABGH
[2025-03-11 22:24:06] User -> FPS Edit -> admin@pds| ABGH
[2025-03-11 22:24:06] User -> FPS Edit -> admin@pds| ABGH
[2025-03-11 22:24:06] User -> FPS Edit -> admin@pds| ABGH
[2025-03-11 22:24:06] User -> FPS Edit -> admin@pds| ABGH
[2025-03-11 22:24:06] User -> FPS Edit -> admin@pds| ABGH
[2025-03-11 22:24:06] User -> FPS Edit -> admin@pds| ABGH
[2025-03-11 22:24:06] User -> FPS Edit -> admin@pds| ABGH
[2025-03-11 22:24:06] User -> FPS Edit -> admin@pds| ABGH
[2025-03-11 22:24:06] User -> FPS Edit -> admin@pds| ABGH
[2025-03-11 22:24:06] User -> FPS Edit -> admin@pds| ABGH
[2025-03-11 22:24:06] User -> FPS Edit -> admin@pds| ABGH
[2025-03-11 22:24:06] User -> FPS Edit -> admin@pds| ABGH
[2025-03-11 22:24:06] User -> FPS Edit -> admin@pds| ABGH
[2025-03-11 22:24:06] User -> FPS Edit -> admin@pds| ABGH
[2025-03-11 22:24:06] User -> FPS Edit -> admin@pds| ABGH
[2025-03-11 22:24:06] User -> FPS Edit -> admin@pds| ABGH
[2025-03-11 22:24:06] User -> FPS Edit -> admin@pds| ABGH
[2025-03-11 22:24:06] User -> FPS Edit -> admin@pds| ABGH
[2025-03-11 22:24:06] User -> FPS Edit -> admin@pds| ABGH
[2025-03-11 22:24:06] User -> FPS Edit -> admin@pds| ABGH
[2025-03-11 22:24:06] User -> FPS Edit -> admin@pds| ABGH
[2025-03-11 22:24:06] User -> FPS Edit -> admin@pds| ABGH
[2025-03-11 22:24:06] User -> FPS Edit -> admin@pds| ABGH
[2025-03-11 22:24:06] User -> FPS Edit -> admin@pds| ABGH
[2025-03-11 22:24:06] User -> FPS Edit -> admin@pds| ABGH
[2025-03-11 22:24:06] User -> FPS Edit -> admin@pds| ABGH
[2025-03-11 22:24:06] User -> FPS Edit -> admin@pds| ABGH
[2025-03-11 22:24:06] User -> FPS Edit -> admin@pds| ABGH
[2025-03-11 22:24:06] User -> FPS Edit -> admin@pds| ABGH
[2025-03-11 22:24:06] User -> FPS Edit -> admin@pds| ABGH
[2025-03-11 22:24:06] User -> FPS Edit -> admin@pds| ABGH
[2025-03-11 22:24:06] User -> FPS Edit -> admin@pds| ABGH
[2025-03-11 22:24:06] User -> FPS Edit -> admin@pds| ABGH
[2025-03-11 22:24:06] User -> FPS Edit -> admin@pds| ABGH
[2025-03-11 22:24:06] User -> FPS Edit -> admin@pds| ABGH
[2025-03-11 22:24:06] User -> FPS Edit -> admin@pds| ABGH
[2025-03-11 22:24:06] User -> FPS Edit -> admin@pds| ABGH
[2025-03-11 22:24:06] User -> FPS Edit -> admin@pds| ABGH
[2025-03-11 22:24:06] User -> FPS Edit -> admin@pds| ABGH
[2025-03-11 22:24:06] User -> FPS Edit -> admin@pds| ABGH
[2025-03-11 22:24:06] User -> FPS Edit -> admin@pds| ABGH
[2025-03-11 22:24:06] User -> FPS Edit -> admin@pds| ABGH
[2025-03-11 22:24:06] User -> FPS Edit -> admin@pds| ABGH
[2025-03-11 22:24:06] User -> FPS Edit -> admin@pds| ABGH
[2025-03-11 22:24:06] User -> FPS Edit -> admin@pds| ABGH
[2025-03-11 22:24:06] User -> FPS Edit -> admin@pds| ABGH
[2025-03-11 22:24:06] User -> FPS Edit -> admin@pds| ABGH
[2025-03-11 22:24:06] User -> FPS Edit -> admin@pds| ABGH
[2025-03-11 22:24:06] User -> FPS Edit -> admin@pds| ABGH
[2025-03-11 22:24:06] User -> FPS Edit -> admin@pds| ABGH
[2025-03-11 22:24:06] User -> FPS Edit -> admin@pds| ABGH
[2025-03-11 22:24:06] User -> FPS Edit -> admin@pds| ABGH
[2025-03-11 22:24:06] User -> FPS Edit -> admin@pds| ABGH
[2025-03-11 22:24:06] User -> FPS Edit -> admin@pds| ABGH
[2025-03-11 22:24:06] User -> FPS Edit -> admin@pds| ABGH
[2025-03-11 22:24:06] User -> FPS Edit -> admin@pds| ABGH
[2025-03-11 22:24:06] User -> FPS Edit -> admin@pds| ABGH
[2025-03-11 22:24:06] User -> FPS Edit -> admin@pds| ABGH
[2025-03-11 22:24:06] User -> FPS Edit -> admin@pds| ABGH
[2025-03-11 22:24:06] User -> FPS Edit -> admin@pds| ABGH
[2025-03-11 22:24:06] User -> FPS Edit -> admin@pds| ABGH
[2025-03-11 22:24:06] User -> FPS Edit -> admin@pds| ABGH
[2025-03-11 22:24:06] User -> FPS Edit -> admin@pds| ABGH
[2025-03-11 22:24:06] User -> FPS Edit -> admin@pds| ABGH
[2025-03-11 22:24:06] User -> FPS Edit -> admin@pds| ABGH
[2025-03-11 22:24:06] User -> FPS Edit -> admin@pds| ABGH
[2025-03-11 22:24:06] User -> FPS Edit -> admin@pds| ABGH
[2025-03-11 22:24:06] User -> FPS Edit -> admin@pds| ABGH
[2025-03-11 22:24:06] User -> FPS Edit -> admin@pds| ABGH
[2025-03-11 22:24:06] User -> FPS Edit -> admin@pds| ABGH
[2025-03-11 22:24:06] User -> FPS Edit -> admin@pds| ABGH
[2025-03-11 22:24:06] User -> FPS Edit -> admin@pds| ABGH
[2025-03-11 22:24:06] User -> FPS Edit -> admin@pds| ABGH
[2025-03-11 22:24:06] User -> FPS Edit -> admin@pds| ABGH
[2025-03-11 22:24:06] User -> FPS Edit -> admin@pds| ABGH
[2025-03-11 22:24:06] User -> FPS Edit -> admin@pds| ABGH
[2025-03-11 22:24:06] User -> FPS Edit -> admin@pds| ABGH
[2025-03-11 22:24:06] User -> FPS Edit -> admin@pds| ABGH
[2025-03-11 22:24:06] User -> FPS Edit -> admin@pds| ABGH
[2025-03-11 22:24:06] User -> FPS Edit -> admin@pds| ABGH
[2025-03-11 22:24:06] User -> FPS Edit -> admin@pds| ABGH
[2025-03-11 22:24:06] User -> FPS Edit -> admin@pds| ABGH
[2025-03-11 22:24:06] User -> FPS Edit -> admin@pds| ABGH
[2025-03-11 22:24:06] User -> FPS Edit -> admin@pds| ABGH
[2025-03-11 22:24:06] User -> FPS Edit -> admin@pds| ABGH
[2025-03-11 22:24:06] User -> FPS Edit -> admin@pds| ABGH
