[2025-09-24 12:54:07] District_User -> Mill added ->Kargil@pds|
Requested JSON -> {"name":"sdfsdfdsaefeqfdsvbfv","latitude":"12","longitude":"12","district":"Kargil","id":"22222","demand":"1223","demand_rice":"12"}
[2025-09-24 14:02:43] District User -> Mill deleted -> Kargil@pds| Requested JSON -> {"uid":"DCP_68d39c97cb1"} | sdfsdfdsaefeqfdsvbfv
[2025-09-24 14:06:40] District_User -> Mill added ->Kargil@pds|
Requested JSON -> {"name":"serhggrh","latitude":"12","longitude":"12","district":"Kargil","id":"6666","demand":"6664545","demand_rice":"3465"}
[2025-09-24 14:12:51] District_User -> Mill added ->Kargil@pds|
Requested JSON -> {"name":"rtydfgbcvbf","latitude":"12","longitude":"143","district":"Kargil","id":"999","demand":"764","demand_rice":"345"}
[2025-09-24 14:19:51] District_User -> Mill added ->Kargil@pds|
Requested JSON -> {"name":"edfsad","latitude":"12","longitude":"15","district":"Kargil","id":"23454","demand":"35445","demand_rice":"345"}
[2025-09-24 14:23:02] District User -> Mill deleted -> Kargil@pds | Requested JSON -> {"uid":"DCP_68d3b0af322"} | edfsad
[2025-09-24 14:23:38] District User -> Mill deleted -> Kargil@pds | Requested JSON -> {"uid":"all"} | all
[2025-09-24 14:23:53] District User -> Mill deleted -> Kargil@pds | Requested JSON -> {"uid":"all"} | all
[2025-09-24 14:24:12] District User -> Mill deleted -> Kargil@pds | Requested JSON -> {"uid":"DCP_68d3af0ba94"} | rtydfgbcvbf
[2025-09-24 14:29:52] District User -> Warehouse deleted -> Kargil@pds| Requested JSON -> {"uid":"DCP_68d3ad9810c"} | all
[2025-09-24 14:34:12] District User -> Mill Edit -> Kargil@pds| Abcdeiiiii
[2025-09-24 14:43:43] District_User -> Mill added ->Leh@pds|
Requested JSON -> {"name":"gfgfg","latitude":"11","longitude":"12","district":"Leh","id":"11324","demand":"435","demand_rice":"2543"}
[2025-09-24 14:47:49] District_User -> Mill added ->Leh@pds|
Requested JSON -> {"name":"fghjhg","type":"Model FPS","latitude":"11","longitude":"12","district":"Leh","id":"1234","demand":"456","demand_rice":"45","demand_frice":"67"}
[2025-09-24 14:58:03] District User -> Mill deleted -> Leh@pds | Requested JSON -> {"uid":"DCP_68d3b73db66"} | fghjhg
[2025-09-24 14:58:20] District User -> Mill deleted -> Leh@pds | Requested JSON -> {"uid":"DCP_68d3b647e9a"} | gfgfg
[2025-09-24 14:58:52] District User -> Mill deleted -> Leh@pds | Requested JSON -> {"uid":"all"} | all
[2025-09-24 14:59:15] District User -> Mill deleted -> Leh@pds | Requested JSON -> {"uid":"all"} | all
[2025-09-24 15:01:48] District_User -> Mill added ->Leh@pds|
Requested JSON -> {"name":"sdrfgdfg","latitude":"11","longitude":"12","district":"Leh","id":"12343","demand":"456","demand_rice":"3453"}
[2025-09-24 15:01:59] District User -> Mill deleted -> Leh@pds | Requested JSON -> {"uid":"DCP_68d3ba84d4f"} | all
[2025-09-24 15:03:06] District User -> Mill deleted -> Leh@pds | Requested JSON -> {"uid":"all"} | all
[2025-09-24 15:03:26] District User -> Mill Added -> Leh@pds| Kangrimill
[2025-09-24 15:03:26] District User -> Mill Added -> Leh@pds| Atta Storesuru Valley Rf Mill
[2025-09-24 15:18:24] District User -> Mill Edit -> Leh@pds | Requested JSON -> {"name":"Atta Storesuru Valley Rf Millddd","uniqueid":"DCP_68d3bae61a4","active":"1","type":"Mill","latitude":"34.398087","longitude":"75.992401","district":"Leh","id":"Mill2","demand":"44535.6","demand_rice":"200000"}
[2025-09-24 15:18:42] District User -> Mill Edit -> Leh@pds | Requested JSON -> {"name":"Kangrimillghfgh","uniqueid":"DCP_68d3bae6199","active":"1","type":"Mill","latitude":"34.29133","longitude":"77.650331","district":"Leh","id":"Mill1","demand":"60000","demand_rice":"90000"}
[2025-09-24 15:18:59] District User -> Mill Edit -> Leh@pds | Requested JSON -> {"name":"Kangrimill","uniqueid":"DCP_68d3bae6199","active":"1","type":"Mill","latitude":"34.29133","longitude":"77.650331","district":"Leh","id":"Mill1","demand":"60000","demand_rice":"90000"}
[2025-09-24 15:19:19] District User -> Mill Edit -> Leh@pds| Kangrimill
[2025-09-24 15:19:19] District User -> Mill Edit -> Leh@pds| Atta Storesuru Valley Rf Mill
[2025-09-24 15:19:42] District_User -> Mill added ->Leh@pds|
Requested JSON -> {"name":"fghjjh","latitude":"12","longitude":"12","district":"Leh","id":"124234","demand":"234","demand_rice":"23544"}
[2025-09-24 15:20:02] District User -> Mill Edit -> Leh@pds | Requested JSON -> {"name":"fghjjhyjhgjmngh","uniqueid":"DCP_68d3beb6b20","active":"1","type":"sd","latitude":"12","longitude":"12","district":"Leh","id":"124234","demand":"234","demand_rice":"23544"}
[2025-09-24 15:20:17] District User -> Mill deleted -> Leh@pds | Requested JSON -> {"uid":"DCP_68d3beb6b20"} | all
[2025-09-24 15:20:31] District User -> Mill deleted -> Leh@pds | Requested JSON -> {"uid":"all"} | all
[2025-09-24 15:20:48] District User -> Mill Added -> Leh@pds| Kangrimill
[2025-09-24 15:20:48] District User -> Mill Added -> Leh@pds| Atta Storesuru Valley Rf Mill
[2025-09-24 15:26:51] District User -> Warehouse added -> Leh@pds | Requested JSON -> {"name":"jhfhj","type":"motorable","latitude":"12","storage":"343","district":"Leh","id":"32444","warehousetype":"swc","longitude":"14"}
[2025-09-24 15:31:49] District User -> Warehouse deleted -> Leh@pds| Requested JSON -> {"uid":"WH_68d3c063c140"} | Jhfhj
[2025-09-24 15:32:32] District User -> Warehouse added -> Leh@pds | Requested JSON -> {"name":"dhgjfgh","type":"motorable","latitude":"12","storage":"123","district":"Leh","id":"6776","warehousetype":"swc","longitude":"5"}
[2025-09-24 15:32:50] District User -> Warehouse deleted -> Leh@pds| Requested JSON -> {"uid":"WH_68d3c1b826a6"} | Dhgjfgh
[2025-09-24 15:39:48] District_User -> Mill added ->Leh@pds|
Requested JSON -> {"name":"dfhfgh","latitude":"12","longitude":"12","district":"Leh","id":"5656","demand":"567","demand_rice":"567"}
[2025-09-24 15:40:01] District User -> Mill deleted -> Leh@pds | Requested JSON -> {"uid":"DCP_68d3c36c1c8"} | all
[2025-09-24 15:42:56] District User -> Warehouse Edit -> Leh@pds | Requested JSON -> {"name":"ABGghgfh","uniqueid":"WH_68d2823e9a92","active":"1","type":"motorable","latitude":"34.1505357","storage":"121310","district":"Leh","id":"NE13006","warehousetype":"swc","longitude":"77.4626007"}
[2025-09-24 15:43:10] District User -> Warehouse deleted -> Leh@pds| Requested JSON -> {"uid":"WH_68d2823e9a92"} | Abgghgfh
[2025-09-24 15:44:14] District User -> Warehouse deleted -> Leh@pds| Requested JSON -> {"uid":"all"} | all
[2025-09-24 15:44:32] District User -> Warehouse Added -> Leh@pds| G_Rice_A/B
[2025-09-24 15:44:32] District User -> Warehouse Added -> Leh@pds| ABG
[2025-09-24 15:44:56] District User -> Warehouse Edit -> Leh@pds | Requested JSON -> {"name":"ABGhjgh","uniqueid":"WH_68d3c4880de5","active":"1","type":"motorable","latitude":"34.147598","storage":"59900","district":"Leh","id":"NE13003","warehousetype":"swc","longitude":"77.571671"}
[2025-09-24 15:45:11] District User -> Warehouse Edit -> Leh@pds| G_Rice_A/B
[2025-09-24 15:45:11] District User -> Warehouse Edit -> Leh@pds| ABG
[2025-09-24 16:36:11] District User -> FPS added ->Leh@pds| Requested JSON -> {"name":"fgjhghjm","type":"Model FPS","latitude":"10","longitude":"12","district":"Leh","id":"7777","demand":"7678","demand_rice":"56756","demand_frice":"567"}
[2025-09-24 16:37:08] district_user -> FPS deleted -> Leh@pds | Requested JSON -> {"uid":"FPS_68d3d0a3398"} | fgjhghjm
[2025-09-24 16:37:29] district_user -> FPS deleted -> Leh@pds | Requested JSON -> {"uid":"all"} | all
[2025-09-24 16:37:44] District User -> FPS Added -> Leh@pds| ABGH
[2025-09-24 16:37:44] District User -> FPS Added -> Leh@pds| ABGH
[2025-09-24 16:37:44] District User -> FPS Added -> Leh@pds| ABGH
[2025-09-24 16:37:44] District User -> FPS Added -> Leh@pds| ABGH
[2025-09-24 16:37:44] District User -> FPS Added -> Leh@pds| ABGH
[2025-09-24 16:37:44] District User -> FPS Added -> Leh@pds| ABGH
[2025-09-24 16:37:44] District User -> FPS Added -> Leh@pds| ABGH
[2025-09-24 16:37:44] District User -> FPS Added -> Leh@pds| ABGH
[2025-09-24 16:37:44] District User -> FPS Added -> Leh@pds| ABGH
[2025-09-24 16:37:44] District User -> FPS Added -> Leh@pds| ABGH
[2025-09-24 16:37:44] District User -> FPS Added -> Leh@pds| ABGH
[2025-09-24 16:37:44] District User -> FPS Added -> Leh@pds| ABGH
[2025-09-24 16:37:44] District User -> FPS Added -> Leh@pds| ABGH
[2025-09-24 16:37:44] District User -> FPS Added -> Leh@pds| ABGH
[2025-09-24 16:37:44] District User -> FPS Added -> Leh@pds| ABGH
[2025-09-24 16:37:44] District User -> FPS Added -> Leh@pds| ABGH
[2025-09-24 16:37:44] District User -> FPS Added -> Leh@pds| ABGH
[2025-09-24 16:37:44] District User -> FPS Added -> Leh@pds| ABGH
[2025-09-24 16:37:44] District User -> FPS Added -> Leh@pds| ABGH
[2025-09-24 16:37:44] District User -> FPS Added -> Leh@pds| ABGH
[2025-09-24 16:37:44] District User -> FPS Added -> Leh@pds| ABGH
[2025-09-24 16:37:44] District User -> FPS Added -> Leh@pds| ABGH
[2025-09-24 16:37:44] District User -> FPS Added -> Leh@pds| ABGH
[2025-09-24 16:37:44] District User -> FPS Added -> Leh@pds| ABGH
[2025-09-24 16:37:44] District User -> FPS Added -> Leh@pds| ABGH
[2025-09-24 16:37:44] District User -> FPS Added -> Leh@pds| ABGH
[2025-09-24 16:37:44] District User -> FPS Added -> Leh@pds| ABGH
[2025-09-24 16:37:44] District User -> FPS Added -> Leh@pds| ABGH
[2025-09-24 16:37:44] District User -> FPS Added -> Leh@pds| ABGH
[2025-09-24 16:37:44] District User -> FPS Added -> Leh@pds| ABGH
[2025-09-24 16:37:44] District User -> FPS Added -> Leh@pds| ABGH
[2025-09-24 16:37:44] District User -> FPS Added -> Leh@pds| ABGH
[2025-09-24 16:37:44] District User -> FPS Added -> Leh@pds| ABGH
[2025-09-24 16:37:44] District User -> FPS Added -> Leh@pds| ABGH
[2025-09-24 16:37:44] District User -> FPS Added -> Leh@pds| ABGH
[2025-09-24 16:37:44] District User -> FPS Added -> Leh@pds| ABGH
[2025-09-24 16:37:44] District User -> FPS Added -> Leh@pds| ABGH
[2025-09-24 16:37:44] District User -> FPS Added -> Leh@pds| ABGH
[2025-09-24 16:37:44] District User -> FPS Added -> Leh@pds| ABGH
[2025-09-24 16:37:44] District User -> FPS Added -> Leh@pds| ABGH
[2025-09-24 16:37:44] District User -> FPS Added -> Leh@pds| ABGH
[2025-09-24 16:37:44] District User -> FPS Added -> Leh@pds| ABGH
[2025-09-24 16:37:44] District User -> FPS Added -> Leh@pds| ABGH
[2025-09-24 16:37:44] District User -> FPS Added -> Leh@pds| ABGH
[2025-09-24 16:37:44] District User -> FPS Added -> Leh@pds| ABGH
[2025-09-24 16:37:44] District User -> FPS Added -> Leh@pds| ABGH
[2025-09-24 16:37:44] District User -> FPS Added -> Leh@pds| ABGH
[2025-09-24 16:37:44] District User -> FPS Added -> Leh@pds| ABGH
[2025-09-24 16:37:44] District User -> FPS Added -> Leh@pds| ABGH
[2025-09-24 16:37:44] District User -> FPS Added -> Leh@pds| ABGH
[2025-09-24 16:37:44] District User -> FPS Added -> Leh@pds| ABGH
[2025-09-24 16:37:44] District User -> FPS Added -> Leh@pds| ABGH
[2025-09-24 16:37:44] District User -> FPS Added -> Leh@pds| ABGH
[2025-09-24 16:37:44] District User -> FPS Added -> Leh@pds| ABGH
[2025-09-24 16:37:44] District User -> FPS Added -> Leh@pds| ABGH
[2025-09-24 16:37:44] District User -> FPS Added -> Leh@pds| ABGH
[2025-09-24 16:37:44] District User -> FPS Added -> Leh@pds| ABGH
[2025-09-24 16:37:44] District User -> FPS Added -> Leh@pds| ABGH
[2025-09-24 16:37:44] District User -> FPS Added -> Leh@pds| ABGH
[2025-09-24 16:37:44] District User -> FPS Added -> Leh@pds| ABGH
[2025-09-24 16:37:44] District User -> FPS Added -> Leh@pds| ABGH
[2025-09-24 16:37:44] District User -> FPS Added -> Leh@pds| ABGH
[2025-09-24 16:37:44] District User -> FPS Added -> Leh@pds| ABGH
[2025-09-24 16:37:44] District User -> FPS Added -> Leh@pds| ABGH
[2025-09-24 16:37:44] District User -> FPS Added -> Leh@pds| ABGH
[2025-09-24 16:37:44] District User -> FPS Added -> Leh@pds| ABGH
[2025-09-24 16:37:44] District User -> FPS Added -> Leh@pds| ABGH
[2025-09-24 16:37:44] District User -> FPS Added -> Leh@pds| ABGH
[2025-09-24 16:37:44] District User -> FPS Added -> Leh@pds| ABGH
[2025-09-24 16:37:44] District User -> FPS Added -> Leh@pds| ABGH
[2025-09-24 16:37:44] District User -> FPS Added -> Leh@pds| ABGH
[2025-09-24 16:37:44] District User -> FPS Added -> Leh@pds| ABGH
[2025-09-24 16:37:44] District User -> FPS Added -> Leh@pds| ABGH
[2025-09-24 16:37:44] District User -> FPS Added -> Leh@pds| ABGH
[2025-09-24 16:37:44] District User -> FPS Added -> Leh@pds| ABGH
[2025-09-24 16:37:44] District User -> FPS Added -> Leh@pds| ABGH
[2025-09-24 16:37:44] District User -> FPS Added -> Leh@pds| ABGH
[2025-09-24 16:37:44] District User -> FPS Added -> Leh@pds| ABGH
[2025-09-24 16:37:44] District User -> FPS Added -> Leh@pds| ABGH
[2025-09-24 16:37:44] District User -> FPS Added -> Leh@pds| ABGH
[2025-09-24 16:37:44] District User -> FPS Added -> Leh@pds| ABGH
[2025-09-24 16:37:44] District User -> FPS Added -> Leh@pds| ABGH
[2025-09-24 16:37:44] District User -> FPS Added -> Leh@pds| ABGH
[2025-09-24 16:37:44] District User -> FPS Added -> Leh@pds| ABGH
[2025-09-24 16:37:44] District User -> FPS Added -> Leh@pds| ABGH
[2025-09-24 16:37:44] District User -> FPS Added -> Leh@pds| ABGH
[2025-09-24 16:37:44] District User -> FPS Added -> Leh@pds| ABGH
[2025-09-24 16:37:44] District User -> FPS Added -> Leh@pds| ABGH
[2025-09-24 16:37:44] District User -> FPS Added -> Leh@pds| ABGH
[2025-09-24 16:37:44] District User -> FPS Added -> Leh@pds| ABGH
[2025-09-24 16:37:44] District User -> FPS Added -> Leh@pds| ABGH
[2025-09-24 16:37:44] District User -> FPS Added -> Leh@pds| ABGH
[2025-09-24 16:37:44] District User -> FPS Added -> Leh@pds| ABGH
[2025-09-24 16:37:44] District User -> FPS Added -> Leh@pds| ABGH
[2025-09-24 16:37:44] District User -> FPS Added -> Leh@pds| ABGH
[2025-09-24 16:37:44] District User -> FPS Added -> Leh@pds| ABGH
[2025-09-24 16:37:44] District User -> FPS Added -> Leh@pds| ABGH
[2025-09-24 16:37:44] District User -> FPS Added -> Leh@pds| ABGH
[2025-09-24 16:37:44] District User -> FPS Added -> Leh@pds| ABGH
[2025-09-24 16:37:44] District User -> FPS Added -> Leh@pds| ABGH
[2025-09-24 16:37:44] District User -> FPS Added -> Leh@pds| ABGH
[2025-09-24 16:37:44] District User -> FPS Added -> Leh@pds| ABGH
[2025-09-24 16:37:44] District User -> FPS Added -> Leh@pds| ABGH
[2025-09-24 16:37:44] District User -> FPS Added -> Leh@pds| ABGH
[2025-09-24 16:37:44] District User -> FPS Added -> Leh@pds| ABGH
[2025-09-24 16:37:44] District User -> FPS Added -> Leh@pds| ABGH
[2025-09-24 16:37:44] District User -> FPS Added -> Leh@pds| ABGH
[2025-09-24 16:37:44] District User -> FPS Added -> Leh@pds| ABGH
[2025-09-24 16:37:44] District User -> FPS Added -> Leh@pds| ABGH
[2025-09-24 16:37:44] District User -> FPS Added -> Leh@pds| ABGH
[2025-09-24 16:37:44] District User -> FPS Added -> Leh@pds| ABGH
[2025-09-24 16:37:44] District User -> FPS Added -> Leh@pds| ABGH
[2025-09-24 16:37:44] District User -> FPS Added -> Leh@pds| ABGH
[2025-09-24 16:37:44] District User -> FPS Added -> Leh@pds| ABGH
[2025-09-24 16:37:44] District User -> FPS Added -> Leh@pds| ABGH
[2025-09-24 16:37:44] District User -> FPS Added -> Leh@pds| ABGH
[2025-09-24 16:37:44] District User -> FPS Added -> Leh@pds| ABGH
[2025-09-24 16:37:44] District User -> FPS Added -> Leh@pds| ABGH
[2025-09-24 16:37:44] District User -> FPS Added -> Leh@pds| ABGH
[2025-09-24 16:37:44] District User -> FPS Added -> Leh@pds| ABGH
[2025-09-24 16:37:44] District User -> FPS Added -> Leh@pds| ABGH
[2025-09-24 16:37:44] District User -> FPS Added -> Leh@pds| ABGH
[2025-09-24 16:37:44] District User -> FPS Added -> Leh@pds| ABGH
[2025-09-24 16:37:44] District User -> FPS Added -> Leh@pds| ABGH
[2025-09-24 16:37:44] District User -> FPS Added -> Leh@pds| ABGH
[2025-09-24 16:37:44] District User -> FPS Added -> Leh@pds| ABGH
[2025-09-24 16:37:44] District User -> FPS Added -> Leh@pds| ABGH
[2025-09-24 16:37:44] District User -> FPS Added -> Leh@pds| ABGH
[2025-09-24 16:37:44] District User -> FPS Added -> Leh@pds| ABGH
[2025-09-24 16:37:44] District User -> FPS Added -> Leh@pds| ABGH
[2025-09-24 16:37:44] District User -> FPS Added -> Leh@pds| ABGH
[2025-09-24 16:37:44] District User -> FPS Added -> Leh@pds| ABGH
[2025-09-24 16:37:44] District User -> FPS Added -> Leh@pds| ABGH
[2025-09-24 16:37:44] District User -> FPS Added -> Leh@pds| ABGH
[2025-09-24 16:37:44] District User -> FPS Added -> Leh@pds| ABGH
[2025-09-24 16:37:44] District User -> FPS Added -> Leh@pds| ABGH
[2025-09-24 16:37:44] District User -> FPS Added -> Leh@pds| ABGH
[2025-09-24 16:37:44] District User -> FPS Added -> Leh@pds| ABGH
[2025-09-24 16:37:44] District User -> FPS Added -> Leh@pds| ABGH
[2025-09-24 16:37:44] District User -> FPS Added -> Leh@pds| ABGH
[2025-09-24 16:37:44] District User -> FPS Added -> Leh@pds| ABGH
[2025-09-24 16:37:44] District User -> FPS Added -> Leh@pds| ABGH
[2025-09-24 16:37:44] District User -> FPS Added -> Leh@pds| ABGH
[2025-09-24 16:37:44] District User -> FPS Added -> Leh@pds| ABGH
[2025-09-24 16:37:44] District User -> FPS Added -> Leh@pds| ABGH
[2025-09-24 16:37:44] District User -> FPS Added -> Leh@pds| ABGH
[2025-09-24 16:37:44] District User -> FPS Added -> Leh@pds| ABGH
[2025-09-24 16:37:44] District User -> FPS Added -> Leh@pds| ABGH
[2025-09-24 16:37:44] District User -> FPS Added -> Leh@pds| ABGH
[2025-09-24 16:37:44] District User -> FPS Added -> Leh@pds| ABGH
[2025-09-24 16:37:44] District User -> FPS Added -> Leh@pds| ABGH
[2025-09-24 16:37:44] District User -> FPS Added -> Leh@pds| ABGH
[2025-09-24 16:37:44] District User -> FPS Added -> Leh@pds| ABGH
[2025-09-24 16:37:44] District User -> FPS Added -> Leh@pds| ABGH
[2025-09-24 16:37:44] District User -> FPS Added -> Leh@pds| ABGH
[2025-09-24 16:37:44] District User -> FPS Added -> Leh@pds| ABGH
[2025-09-24 16:37:44] District User -> FPS Added -> Leh@pds| ABGH
[2025-09-24 16:37:44] District User -> FPS Added -> Leh@pds| ABGH
[2025-09-24 16:37:44] District User -> FPS Added -> Leh@pds| ABGH
[2025-09-24 16:37:44] District User -> FPS Added -> Leh@pds| ABGH
[2025-09-24 16:37:44] District User -> FPS Added -> Leh@pds| ABGH
[2025-09-24 16:37:44] District User -> FPS Added -> Leh@pds| ABGH
[2025-09-24 16:37:44] District User -> FPS Added -> Leh@pds| ABGH
[2025-09-24 16:37:44] District User -> FPS Added -> Leh@pds| ABGH
[2025-09-24 16:37:44] District User -> FPS Added -> Leh@pds| ABGH
[2025-09-24 16:37:44] District User -> FPS Added -> Leh@pds| ABGH
[2025-09-24 16:37:44] District User -> FPS Added -> Leh@pds| ABGH
[2025-09-24 16:37:44] District User -> FPS Added -> Leh@pds| ABGH
[2025-09-24 16:37:44] District User -> FPS Added -> Leh@pds| ABGH
[2025-09-24 16:37:44] District User -> FPS Added -> Leh@pds| ABGH
[2025-09-24 16:37:44] District User -> FPS Added -> Leh@pds| ABGH
[2025-09-24 16:37:44] District User -> FPS Added -> Leh@pds| ABGH
[2025-09-24 16:37:44] District User -> FPS Added -> Leh@pds| ABGH
[2025-09-24 16:37:44] District User -> FPS Added -> Leh@pds| ABGH
[2025-09-24 16:37:44] District User -> FPS Added -> Leh@pds| ABGH
[2025-09-24 16:37:44] District User -> FPS Added -> Leh@pds| ABGH
[2025-09-24 16:37:44] District User -> FPS Added -> Leh@pds| ABGH
[2025-09-24 16:37:44] District User -> FPS Added -> Leh@pds| ABGH
[2025-09-24 16:37:44] District User -> FPS Added -> Leh@pds| ABGH
[2025-09-24 16:37:44] District User -> FPS Added -> Leh@pds| ABGH
[2025-09-24 16:37:44] District User -> FPS Added -> Leh@pds| ABGH
[2025-09-24 16:37:44] District User -> FPS Added -> Leh@pds| ABGH
[2025-09-24 16:37:44] District User -> FPS Added -> Leh@pds| ABGH
[2025-09-24 16:37:44] District User -> FPS Added -> Leh@pds| ABGH
[2025-09-24 16:37:44] District User -> FPS Added -> Leh@pds| ABGH
[2025-09-24 16:37:44] District User -> FPS Added -> Leh@pds| ABGH
[2025-09-24 16:37:44] District User -> FPS Added -> Leh@pds| ABGH
[2025-09-24 16:37:44] District User -> FPS Added -> Leh@pds| ABGH
[2025-09-24 16:37:44] District User -> FPS Added -> Leh@pds| ABGH
[2025-09-24 16:37:44] District User -> FPS Added -> Leh@pds| ABGH
[2025-09-24 16:37:44] District User -> FPS Added -> Leh@pds| ABGH
[2025-09-24 16:37:44] District User -> FPS Added -> Leh@pds| ABGH
[2025-09-24 16:37:44] District User -> FPS Added -> Leh@pds| ABGH
[2025-09-24 16:37:44] District User -> FPS Added -> Leh@pds| ABGH
[2025-09-24 16:37:44] District User -> FPS Added -> Leh@pds| ABGH
[2025-09-24 16:37:44] District User -> FPS Added -> Leh@pds| ABGH
[2025-09-24 16:37:44] District User -> FPS Added -> Leh@pds| ABGH
[2025-09-24 16:37:44] District User -> FPS Added -> Leh@pds| ABGH
[2025-09-24 16:37:44] District User -> FPS Added -> Leh@pds| ABGH
[2025-09-24 16:37:44] District User -> FPS Added -> Leh@pds| ABGH
[2025-09-24 16:37:44] District User -> FPS Added -> Leh@pds| ABGH
[2025-09-24 16:37:44] District User -> FPS Added -> Leh@pds| ABGH
[2025-09-24 16:37:44] District User -> FPS Added -> Leh@pds| ABGH
[2025-09-24 16:37:44] District User -> FPS Added -> Leh@pds| ABGH
[2025-09-24 16:37:44] District User -> FPS Added -> Leh@pds| ABGH
[2025-09-24 16:53:06] District User -> FPS Edit -> Leh@pds | Requested JSON -> {"name":"ABGHrrr","uniqueid":"FPS_68d3d100c85","active":"1","type":"Model FPS","latitude":"34.316659","longitude":"77.076977","district":"Leh","id":"100301300011","demand":"15.27","demand_rice":"10.78","demand_frice":"10.78"}
[2025-09-24 16:53:25] District User -> FPS Edit -> Leh@pds | Requested JSON -> {"name":"ABGH","uniqueid":"FPS_68d3d100c85","active":"1","type":"Model FPS","latitude":"34.316659","longitude":"77.076977","district":"Leh","id":"100301300011","demand":"15.27","demand_rice":"10.78","demand_frice":"10.78"}
[2025-09-24 16:53:42] District User -> FPS Edit -> Leh@pds| ABGH
[2025-09-24 16:53:42] District User -> FPS Edit -> Leh@pds| ABGH
[2025-09-24 16:53:42] District User -> FPS Edit -> Leh@pds| ABGH
[2025-09-24 16:53:42] District User -> FPS Edit -> Leh@pds| ABGH
[2025-09-24 16:53:42] District User -> FPS Edit -> Leh@pds| ABGH
[2025-09-24 16:53:42] District User -> FPS Edit -> Leh@pds| ABGH
[2025-09-24 16:53:42] District User -> FPS Edit -> Leh@pds| ABGH
[2025-09-24 16:53:42] District User -> FPS Edit -> Leh@pds| ABGH
[2025-09-24 16:53:42] District User -> FPS Edit -> Leh@pds| ABGH
[2025-09-24 16:53:42] District User -> FPS Edit -> Leh@pds| ABGH
[2025-09-24 16:53:42] District User -> FPS Edit -> Leh@pds| ABGH
[2025-09-24 16:53:42] District User -> FPS Edit -> Leh@pds| ABGH
[2025-09-24 16:53:42] District User -> FPS Edit -> Leh@pds| ABGH
[2025-09-24 16:53:42] District User -> FPS Edit -> Leh@pds| ABGH
[2025-09-24 16:53:42] District User -> FPS Edit -> Leh@pds| ABGH
[2025-09-24 16:53:42] District User -> FPS Edit -> Leh@pds| ABGH
[2025-09-24 16:53:42] District User -> FPS Edit -> Leh@pds| ABGH
[2025-09-24 16:53:42] District User -> FPS Edit -> Leh@pds| ABGH
[2025-09-24 16:53:42] District User -> FPS Edit -> Leh@pds| ABGH
[2025-09-24 16:53:42] District User -> FPS Edit -> Leh@pds| ABGH
[2025-09-24 16:53:42] District User -> FPS Edit -> Leh@pds| ABGH
[2025-09-24 16:53:42] District User -> FPS Edit -> Leh@pds| ABGH
[2025-09-24 16:53:42] District User -> FPS Edit -> Leh@pds| ABGH
[2025-09-24 16:53:42] District User -> FPS Edit -> Leh@pds| ABGH
[2025-09-24 16:53:42] District User -> FPS Edit -> Leh@pds| ABGH
[2025-09-24 16:53:42] District User -> FPS Edit -> Leh@pds| ABGH
[2025-09-24 16:53:42] District User -> FPS Edit -> Leh@pds| ABGH
[2025-09-24 16:53:42] District User -> FPS Edit -> Leh@pds| ABGH
[2025-09-24 16:53:42] District User -> FPS Edit -> Leh@pds| ABGH
[2025-09-24 16:53:42] District User -> FPS Edit -> Leh@pds| ABGH
[2025-09-24 16:53:42] District User -> FPS Edit -> Leh@pds| ABGH
[2025-09-24 16:53:42] District User -> FPS Edit -> Leh@pds| ABGH
[2025-09-24 16:53:42] District User -> FPS Edit -> Leh@pds| ABGH
[2025-09-24 16:53:42] District User -> FPS Edit -> Leh@pds| ABGH
[2025-09-24 16:53:42] District User -> FPS Edit -> Leh@pds| ABGH
[2025-09-24 16:53:42] District User -> FPS Edit -> Leh@pds| ABGH
[2025-09-24 16:53:42] District User -> FPS Edit -> Leh@pds| ABGH
[2025-09-24 16:53:42] District User -> FPS Edit -> Leh@pds| ABGH
[2025-09-24 16:53:42] District User -> FPS Edit -> Leh@pds| ABGH
[2025-09-24 16:53:42] District User -> FPS Edit -> Leh@pds| ABGH
[2025-09-24 16:53:42] District User -> FPS Edit -> Leh@pds| ABGH
[2025-09-24 16:53:42] District User -> FPS Edit -> Leh@pds| ABGH
[2025-09-24 16:53:42] District User -> FPS Edit -> Leh@pds| ABGH
[2025-09-24 16:53:42] District User -> FPS Edit -> Leh@pds| ABGH
[2025-09-24 16:53:42] District User -> FPS Edit -> Leh@pds| ABGH
[2025-09-24 16:53:42] District User -> FPS Edit -> Leh@pds| ABGH
[2025-09-24 16:53:42] District User -> FPS Edit -> Leh@pds| ABGH
[2025-09-24 16:53:42] District User -> FPS Edit -> Leh@pds| ABGH
[2025-09-24 16:53:42] District User -> FPS Edit -> Leh@pds| ABGH
[2025-09-24 16:53:42] District User -> FPS Edit -> Leh@pds| ABGH
[2025-09-24 16:53:42] District User -> FPS Edit -> Leh@pds| ABGH
[2025-09-24 16:53:42] District User -> FPS Edit -> Leh@pds| ABGH
[2025-09-24 16:53:42] District User -> FPS Edit -> Leh@pds| ABGH
[2025-09-24 16:53:42] District User -> FPS Edit -> Leh@pds| ABGH
[2025-09-24 16:53:42] District User -> FPS Edit -> Leh@pds| ABGH
[2025-09-24 16:53:42] District User -> FPS Edit -> Leh@pds| ABGH
[2025-09-24 16:53:42] District User -> FPS Edit -> Leh@pds| ABGH
[2025-09-24 16:53:42] District User -> FPS Edit -> Leh@pds| ABGH
[2025-09-24 16:53:42] District User -> FPS Edit -> Leh@pds| ABGH
[2025-09-24 16:53:42] District User -> FPS Edit -> Leh@pds| ABGH
[2025-09-24 16:53:42] District User -> FPS Edit -> Leh@pds| ABGH
[2025-09-24 16:53:42] District User -> FPS Edit -> Leh@pds| ABGH
[2025-09-24 16:53:42] District User -> FPS Edit -> Leh@pds| ABGH
[2025-09-24 16:53:42] District User -> FPS Edit -> Leh@pds| ABGH
[2025-09-24 16:53:42] District User -> FPS Edit -> Leh@pds| ABGH
[2025-09-24 16:53:42] District User -> FPS Edit -> Leh@pds| ABGH
[2025-09-24 16:53:42] District User -> FPS Edit -> Leh@pds| ABGH
[2025-09-24 16:53:42] District User -> FPS Edit -> Leh@pds| ABGH
[2025-09-24 16:53:42] District User -> FPS Edit -> Leh@pds| ABGH
[2025-09-24 16:53:42] District User -> FPS Edit -> Leh@pds| ABGH
[2025-09-24 16:53:42] District User -> FPS Edit -> Leh@pds| ABGH
[2025-09-24 16:53:42] District User -> FPS Edit -> Leh@pds| ABGH
[2025-09-24 16:53:42] District User -> FPS Edit -> Leh@pds| ABGH
[2025-09-24 16:53:42] District User -> FPS Edit -> Leh@pds| ABGH
[2025-09-24 16:53:42] District User -> FPS Edit -> Leh@pds| ABGH
[2025-09-24 16:53:42] District User -> FPS Edit -> Leh@pds| ABGH
[2025-09-24 16:53:42] District User -> FPS Edit -> Leh@pds| ABGH
[2025-09-24 16:53:42] District User -> FPS Edit -> Leh@pds| ABGH
[2025-09-24 16:53:42] District User -> FPS Edit -> Leh@pds| ABGH
[2025-09-24 16:53:42] District User -> FPS Edit -> Leh@pds| ABGH
[2025-09-24 16:53:42] District User -> FPS Edit -> Leh@pds| ABGH
[2025-09-24 16:53:42] District User -> FPS Edit -> Leh@pds| ABGH
[2025-09-24 16:53:42] District User -> FPS Edit -> Leh@pds| ABGH
[2025-09-24 16:53:42] District User -> FPS Edit -> Leh@pds| ABGH
[2025-09-24 16:53:42] District User -> FPS Edit -> Leh@pds| ABGH
[2025-09-24 16:53:42] District User -> FPS Edit -> Leh@pds| ABGH
[2025-09-24 16:53:42] District User -> FPS Edit -> Leh@pds| ABGH
[2025-09-24 16:53:42] District User -> FPS Edit -> Leh@pds| ABGH
[2025-09-24 16:53:42] District User -> FPS Edit -> Leh@pds| ABGH
[2025-09-24 16:53:42] District User -> FPS Edit -> Leh@pds| ABGH
[2025-09-24 16:53:42] District User -> FPS Edit -> Leh@pds| ABGH
[2025-09-24 16:53:42] District User -> FPS Edit -> Leh@pds| ABGH
[2025-09-24 16:53:42] District User -> FPS Edit -> Leh@pds| ABGH
[2025-09-24 16:53:42] District User -> FPS Edit -> Leh@pds| ABGH
[2025-09-24 16:53:42] District User -> FPS Edit -> Leh@pds| ABGH
[2025-09-24 16:53:42] District User -> FPS Edit -> Leh@pds| ABGH
[2025-09-24 16:53:42] District User -> FPS Edit -> Leh@pds| ABGH
[2025-09-24 16:53:42] District User -> FPS Edit -> Leh@pds| ABGH
[2025-09-24 16:53:42] District User -> FPS Edit -> Leh@pds| ABGH
[2025-09-24 16:53:42] District User -> FPS Edit -> Leh@pds| ABGH
[2025-09-24 16:53:42] District User -> FPS Edit -> Leh@pds| ABGH
[2025-09-24 16:53:42] District User -> FPS Edit -> Leh@pds| ABGH
[2025-09-24 16:53:42] District User -> FPS Edit -> Leh@pds| ABGH
[2025-09-24 16:53:42] District User -> FPS Edit -> Leh@pds| ABGH
[2025-09-24 16:53:42] District User -> FPS Edit -> Leh@pds| ABGH
[2025-09-24 16:53:42] District User -> FPS Edit -> Leh@pds| ABGH
[2025-09-24 16:53:42] District User -> FPS Edit -> Leh@pds| ABGH
[2025-09-24 16:53:42] District User -> FPS Edit -> Leh@pds| ABGH
[2025-09-24 16:53:42] District User -> FPS Edit -> Leh@pds| ABGH
[2025-09-24 16:53:42] District User -> FPS Edit -> Leh@pds| ABGH
[2025-09-24 16:53:42] District User -> FPS Edit -> Leh@pds| ABGH
[2025-09-24 16:53:42] District User -> FPS Edit -> Leh@pds| ABGH
[2025-09-24 16:53:42] District User -> FPS Edit -> Leh@pds| ABGH
[2025-09-24 16:53:42] District User -> FPS Edit -> Leh@pds| ABGH
[2025-09-24 16:53:42] District User -> FPS Edit -> Leh@pds| ABGH
[2025-09-24 16:53:42] District User -> FPS Edit -> Leh@pds| ABGH
[2025-09-24 16:53:42] District User -> FPS Edit -> Leh@pds| ABGH
[2025-09-24 16:53:42] District User -> FPS Edit -> Leh@pds| ABGH
[2025-09-24 16:53:42] District User -> FPS Edit -> Leh@pds| ABGH
[2025-09-24 16:53:42] District User -> FPS Edit -> Leh@pds| ABGH
[2025-09-24 16:53:42] District User -> FPS Edit -> Leh@pds| ABGH
[2025-09-24 16:53:42] District User -> FPS Edit -> Leh@pds| ABGH
[2025-09-24 16:53:42] District User -> FPS Edit -> Leh@pds| ABGH
[2025-09-24 16:53:42] District User -> FPS Edit -> Leh@pds| ABGH
[2025-09-24 16:53:42] District User -> FPS Edit -> Leh@pds| ABGH
[2025-09-24 16:53:42] District User -> FPS Edit -> Leh@pds| ABGH
[2025-09-24 16:53:42] District User -> FPS Edit -> Leh@pds| ABGH
[2025-09-24 16:53:42] District User -> FPS Edit -> Leh@pds| ABGH
[2025-09-24 16:53:42] District User -> FPS Edit -> Leh@pds| ABGH
[2025-09-24 16:53:42] District User -> FPS Edit -> Leh@pds| ABGH
[2025-09-24 16:53:42] District User -> FPS Edit -> Leh@pds| ABGH
[2025-09-24 16:53:42] District User -> FPS Edit -> Leh@pds| ABGH
[2025-09-24 16:53:42] District User -> FPS Edit -> Leh@pds| ABGH
[2025-09-24 16:53:42] District User -> FPS Edit -> Leh@pds| ABGH
[2025-09-24 16:53:42] District User -> FPS Edit -> Leh@pds| ABGH
[2025-09-24 16:53:42] District User -> FPS Edit -> Leh@pds| ABGH
[2025-09-24 16:53:42] District User -> FPS Edit -> Leh@pds| ABGH
[2025-09-24 16:53:42] District User -> FPS Edit -> Leh@pds| ABGH
[2025-09-24 16:53:42] District User -> FPS Edit -> Leh@pds| ABGH
[2025-09-24 16:53:42] District User -> FPS Edit -> Leh@pds| ABGH
[2025-09-24 16:53:42] District User -> FPS Edit -> Leh@pds| ABGH
[2025-09-24 16:53:42] District User -> FPS Edit -> Leh@pds| ABGH
[2025-09-24 16:53:42] District User -> FPS Edit -> Leh@pds| ABGH
[2025-09-24 16:53:42] District User -> FPS Edit -> Leh@pds| ABGH
[2025-09-24 16:53:42] District User -> FPS Edit -> Leh@pds| ABGH
[2025-09-24 16:53:42] District User -> FPS Edit -> Leh@pds| ABGH
[2025-09-24 16:53:42] District User -> FPS Edit -> Leh@pds| ABGH
[2025-09-24 16:53:42] District User -> FPS Edit -> Leh@pds| ABGH
[2025-09-24 16:53:42] District User -> FPS Edit -> Leh@pds| ABGH
[2025-09-24 16:53:42] District User -> FPS Edit -> Leh@pds| ABGH
[2025-09-24 16:53:42] District User -> FPS Edit -> Leh@pds| ABGH
[2025-09-24 16:53:42] District User -> FPS Edit -> Leh@pds| ABGH
[2025-09-24 16:53:42] District User -> FPS Edit -> Leh@pds| ABGH
[2025-09-24 16:53:42] District User -> FPS Edit -> Leh@pds| ABGH
[2025-09-24 16:53:42] District User -> FPS Edit -> Leh@pds| ABGH
[2025-09-24 16:53:42] District User -> FPS Edit -> Leh@pds| ABGH
[2025-09-24 16:53:42] District User -> FPS Edit -> Leh@pds| ABGH
[2025-09-24 16:53:42] District User -> FPS Edit -> Leh@pds| ABGH
[2025-09-24 16:53:42] District User -> FPS Edit -> Leh@pds| ABGH
[2025-09-24 16:53:42] District User -> FPS Edit -> Leh@pds| ABGH
[2025-09-24 16:53:42] District User -> FPS Edit -> Leh@pds| ABGH
[2025-09-24 16:53:42] District User -> FPS Edit -> Leh@pds| ABGH
[2025-09-24 16:53:42] District User -> FPS Edit -> Leh@pds| ABGH
[2025-09-24 16:53:42] District User -> FPS Edit -> Leh@pds| ABGH
[2025-09-24 16:53:42] District User -> FPS Edit -> Leh@pds| ABGH
[2025-09-24 16:53:42] District User -> FPS Edit -> Leh@pds| ABGH
[2025-09-24 16:53:42] District User -> FPS Edit -> Leh@pds| ABGH
[2025-09-24 16:53:42] District User -> FPS Edit -> Leh@pds| ABGH
[2025-09-24 16:53:42] District User -> FPS Edit -> Leh@pds| ABGH
[2025-09-24 16:53:42] District User -> FPS Edit -> Leh@pds| ABGH
[2025-09-24 16:53:42] District User -> FPS Edit -> Leh@pds| ABGH
[2025-09-24 16:53:42] District User -> FPS Edit -> Leh@pds| ABGH
[2025-09-24 16:53:42] District User -> FPS Edit -> Leh@pds| ABGH
[2025-09-24 16:53:42] District User -> FPS Edit -> Leh@pds| ABGH
[2025-09-24 16:53:42] District User -> FPS Edit -> Leh@pds| ABGH
[2025-09-24 16:53:42] District User -> FPS Edit -> Leh@pds| ABGH
[2025-09-24 16:53:42] District User -> FPS Edit -> Leh@pds| ABGH
[2025-09-24 16:53:42] District User -> FPS Edit -> Leh@pds| ABGH
[2025-09-24 16:53:42] District User -> FPS Edit -> Leh@pds| ABGH
[2025-09-24 16:53:42] District User -> FPS Edit -> Leh@pds| ABGH
[2025-09-24 16:53:42] District User -> FPS Edit -> Leh@pds| ABGH
[2025-09-24 16:53:42] District User -> FPS Edit -> Leh@pds| ABGH
[2025-09-24 16:53:42] District User -> FPS Edit -> Leh@pds| ABGH
[2025-09-24 16:53:42] District User -> FPS Edit -> Leh@pds| ABGH
[2025-09-24 16:53:42] District User -> FPS Edit -> Leh@pds| ABGH
[2025-09-24 16:53:42] District User -> FPS Edit -> Leh@pds| ABGH
[2025-09-24 16:53:42] District User -> FPS Edit -> Leh@pds| ABGH
[2025-09-24 16:53:42] District User -> FPS Edit -> Leh@pds| ABGH
[2025-09-24 16:53:42] District User -> FPS Edit -> Leh@pds| ABGH
[2025-09-24 16:53:42] District User -> FPS Edit -> Leh@pds| ABGH
[2025-09-24 16:53:42] District User -> FPS Edit -> Leh@pds| ABGH
[2025-09-24 16:53:42] District User -> FPS Edit -> Leh@pds| ABGH
[2025-09-24 16:53:42] District User -> FPS Edit -> Leh@pds| ABGH
[2025-09-24 16:53:42] District User -> FPS Edit -> Leh@pds| ABGH
[2025-09-24 16:53:42] District User -> FPS Edit -> Leh@pds| ABGH
[2025-09-24 16:53:42] District User -> FPS Edit -> Leh@pds| ABGH
[2025-09-24 16:53:42] District User -> FPS Edit -> Leh@pds| ABGH
[2025-09-24 16:53:42] District User -> FPS Edit -> Leh@pds| ABGH
[2025-09-24 16:53:42] District User -> FPS Edit -> Leh@pds| ABGH
[2025-09-24 16:53:42] District User -> FPS Edit -> Leh@pds| ABGH
[2025-09-24 16:53:42] District User -> FPS Edit -> Leh@pds| ABGH
[2025-09-24 16:53:42] District User -> FPS Edit -> Leh@pds| ABGH
[2025-09-24 16:53:42] District User -> FPS Edit -> Leh@pds| ABGH
[2025-09-24 16:53:42] District User -> FPS Edit -> Leh@pds| ABGH
[2025-09-24 16:53:42] District User -> FPS Edit -> Leh@pds| ABGH
