[2025-09-23 16:19:20] User -> Mill deleted -> admin@pds| Requested
JSON -> {"uid":"all"} | all
[2025-09-23 16:19:53] User -> Mill Added -> admin@pds| Kangrimill
[2025-09-23 16:19:53] User -> Mill Added -> admin@pds| Atta Storesuru Valley Rf Mill
[2025-09-23 16:19:53] User -> Mill Added -> admin@pds| Abcdeiiiii
[2025-09-23 16:27:12] User -> Mill Edit -> admin@pds| Kangrimill
[2025-09-23 16:27:12] User -> Mill Edit -> admin@pds| Atta Storesuru Valley Rf Mill
[2025-09-23 16:27:12] User -> Mill Edit -> admin@pds| Abcdeiiiii
[2025-09-23 16:27:34] User -> Mill Edit -> admin@pds| Kangrimill
[2025-09-23 16:27:34] User -> Mill Edit -> admin@pds| Atta Storesuru Valley Rf Mill
[2025-09-23 16:27:34] User -> Mill Edit -> admin@pds| Abcdeiiiii
[2025-09-23 16:40:17] User -> FPS deleted -> admin@pds| Requested JSON -> {"uid":"all"} | all
[2025-09-23 16:40:34] User -> FPS Added -> admin@pds| ABGH
[2025-09-23 16:40:34] User -> FPS Added -> admin@pds| ABGH
[2025-09-23 16:40:34] User -> FPS Added -> admin@pds| ABGH
[2025-09-23 16:40:34] User -> FPS Added -> admin@pds| ABGH
[2025-09-23 16:40:34] User -> FPS Added -> admin@pds| ABGH
[2025-09-23 16:40:34] User -> FPS Added -> admin@pds| ABGH
[2025-09-23 16:40:34] User -> FPS Added -> admin@pds| ABGH
[2025-09-23 16:40:34] User -> FPS Added -> admin@pds| ABGH
[2025-09-23 16:40:34] User -> FPS Added -> admin@pds| ABGH
[2025-09-23 16:40:34] User -> FPS Added -> admin@pds| ABGH
[2025-09-23 16:40:34] User -> FPS Added -> admin@pds| ABGH
[2025-09-23 16:40:34] User -> FPS Added -> admin@pds| ABGH
[2025-09-23 16:40:34] User -> FPS Added -> admin@pds| ABGH
[2025-09-23 16:40:34] User -> FPS Added -> admin@pds| ABGH
[2025-09-23 16:40:34] User -> FPS Added -> admin@pds| ABGH
[2025-09-23 16:40:34] User -> FPS Added -> admin@pds| ABGH
[2025-09-23 16:40:34] User -> FPS Added -> admin@pds| ABGH
[2025-09-23 16:40:34] User -> FPS Added -> admin@pds| ABGH
[2025-09-23 16:40:34] User -> FPS Added -> admin@pds| ABGH
[2025-09-23 16:40:34] User -> FPS Added -> admin@pds| ABGH
[2025-09-23 16:40:34] User -> FPS Added -> admin@pds| ABGH
[2025-09-23 16:40:34] User -> FPS Added -> admin@pds| ABGH
[2025-09-23 16:40:34] User -> FPS Added -> admin@pds| ABGH
[2025-09-23 16:40:34] User -> FPS Added -> admin@pds| ABGH
[2025-09-23 16:40:34] User -> FPS Added -> admin@pds| ABGH
[2025-09-23 16:40:34] User -> FPS Added -> admin@pds| ABGH
[2025-09-23 16:40:34] User -> FPS Added -> admin@pds| ABGH
[2025-09-23 16:40:34] User -> FPS Added -> admin@pds| ABGH
[2025-09-23 16:40:34] User -> FPS Added -> admin@pds| ABGH
[2025-09-23 16:40:34] User -> FPS Added -> admin@pds| ABGH
[2025-09-23 16:40:34] User -> FPS Added -> admin@pds| ABGH
[2025-09-23 16:40:34] User -> FPS Added -> admin@pds| ABGH
[2025-09-23 16:40:34] User -> FPS Added -> admin@pds| ABGH
[2025-09-23 16:40:34] User -> FPS Added -> admin@pds| ABGH
[2025-09-23 16:40:34] User -> FPS Added -> admin@pds| ABGH
[2025-09-23 16:40:34] User -> FPS Added -> admin@pds| ABGH
[2025-09-23 16:40:34] User -> FPS Added -> admin@pds| ABGH
[2025-09-23 16:40:34] User -> FPS Added -> admin@pds| ABGH
[2025-09-23 16:40:34] User -> FPS Added -> admin@pds| ABGH
[2025-09-23 16:40:34] User -> FPS Added -> admin@pds| ABGH
[2025-09-23 16:40:34] User -> FPS Added -> admin@pds| ABGH
[2025-09-23 16:40:34] User -> FPS Added -> admin@pds| ABGH
[2025-09-23 16:40:34] User -> FPS Added -> admin@pds| ABGH
[2025-09-23 16:40:34] User -> FPS Added -> admin@pds| ABGH
[2025-09-23 16:40:34] User -> FPS Added -> admin@pds| ABGH
[2025-09-23 16:40:34] User -> FPS Added -> admin@pds| ABGH
[2025-09-23 16:40:34] User -> FPS Added -> admin@pds| ABGH
[2025-09-23 16:40:34] User -> FPS Added -> admin@pds| ABGH
[2025-09-23 16:40:34] User -> FPS Added -> admin@pds| ABGH
[2025-09-23 16:40:34] User -> FPS Added -> admin@pds| ABGH
[2025-09-23 16:40:34] User -> FPS Added -> admin@pds| ABGH
[2025-09-23 16:40:34] User -> FPS Added -> admin@pds| ABGH
[2025-09-23 16:40:34] User -> FPS Added -> admin@pds| ABGH
[2025-09-23 16:40:34] User -> FPS Added -> admin@pds| ABGH
[2025-09-23 16:40:34] User -> FPS Added -> admin@pds| ABGH
[2025-09-23 16:40:34] User -> FPS Added -> admin@pds| ABGH
[2025-09-23 16:40:34] User -> FPS Added -> admin@pds| ABGH
[2025-09-23 16:40:34] User -> FPS Added -> admin@pds| ABGH
[2025-09-23 16:40:34] User -> FPS Added -> admin@pds| ABGH
[2025-09-23 16:40:34] User -> FPS Added -> admin@pds| ABGH
[2025-09-23 16:40:34] User -> FPS Added -> admin@pds| ABGH
[2025-09-23 16:40:34] User -> FPS Added -> admin@pds| ABGH
[2025-09-23 16:40:34] User -> FPS Added -> admin@pds| ABGH
[2025-09-23 16:40:34] User -> FPS Added -> admin@pds| ABGH
[2025-09-23 16:40:34] User -> FPS Added -> admin@pds| ABGH
[2025-09-23 16:40:34] User -> FPS Added -> admin@pds| ABGH
[2025-09-23 16:40:34] User -> FPS Added -> admin@pds| ABGH
[2025-09-23 16:40:34] User -> FPS Added -> admin@pds| ABGH
[2025-09-23 16:40:34] User -> FPS Added -> admin@pds| ABGH
[2025-09-23 16:40:34] User -> FPS Added -> admin@pds| ABGH
[2025-09-23 16:40:34] User -> FPS Added -> admin@pds| ABGH
[2025-09-23 16:40:34] User -> FPS Added -> admin@pds| ABGH
[2025-09-23 16:40:34] User -> FPS Added -> admin@pds| ABGH
[2025-09-23 16:40:34] User -> FPS Added -> admin@pds| ABGH
[2025-09-23 16:40:34] User -> FPS Added -> admin@pds| ABGH
[2025-09-23 16:40:34] User -> FPS Added -> admin@pds| ABGH
[2025-09-23 16:40:34] User -> FPS Added -> admin@pds| ABGH
[2025-09-23 16:40:34] User -> FPS Added -> admin@pds| ABGH
[2025-09-23 16:40:34] User -> FPS Added -> admin@pds| ABGH
[2025-09-23 16:40:34] User -> FPS Added -> admin@pds| ABGH
[2025-09-23 16:40:34] User -> FPS Added -> admin@pds| ABGH
[2025-09-23 16:40:34] User -> FPS Added -> admin@pds| ABGH
[2025-09-23 16:40:34] User -> FPS Added -> admin@pds| ABGH
[2025-09-23 16:40:34] User -> FPS Added -> admin@pds| ABGH
[2025-09-23 16:40:34] User -> FPS Added -> admin@pds| ABGH
[2025-09-23 16:40:34] User -> FPS Added -> admin@pds| ABGH
[2025-09-23 16:40:34] User -> FPS Added -> admin@pds| ABGH
[2025-09-23 16:40:34] User -> FPS Added -> admin@pds| ABGH
[2025-09-23 16:40:34] User -> FPS Added -> admin@pds| ABGH
[2025-09-23 16:40:34] User -> FPS Added -> admin@pds| ABGH
[2025-09-23 16:40:34] User -> FPS Added -> admin@pds| ABGH
[2025-09-23 16:40:34] User -> FPS Added -> admin@pds| ABGH
[2025-09-23 16:40:34] User -> FPS Added -> admin@pds| ABGH
[2025-09-23 16:40:34] User -> FPS Added -> admin@pds| ABGH
[2025-09-23 16:40:34] User -> FPS Added -> admin@pds| ABGH
[2025-09-23 16:40:34] User -> FPS Added -> admin@pds| ABGH
[2025-09-23 16:40:34] User -> FPS Added -> admin@pds| ABGH
[2025-09-23 16:40:34] User -> FPS Added -> admin@pds| ABGH
[2025-09-23 16:40:34] User -> FPS Added -> admin@pds| ABGH
[2025-09-23 16:40:34] User -> FPS Added -> admin@pds| ABGH
[2025-09-23 16:40:34] User -> FPS Added -> admin@pds| ABGH
[2025-09-23 16:40:34] User -> FPS Added -> admin@pds| ABGH
[2025-09-23 16:40:34] User -> FPS Added -> admin@pds| ABGH
[2025-09-23 16:40:34] User -> FPS Added -> admin@pds| ABGH
[2025-09-23 16:40:34] User -> FPS Added -> admin@pds| ABGH
[2025-09-23 16:40:34] User -> FPS Added -> admin@pds| ABGH
[2025-09-23 16:40:34] User -> FPS Added -> admin@pds| ABGH
[2025-09-23 16:40:34] User -> FPS Added -> admin@pds| ABGH
[2025-09-23 16:40:34] User -> FPS Added -> admin@pds| ABGH
[2025-09-23 16:40:34] User -> FPS Added -> admin@pds| ABGH
[2025-09-23 16:40:34] User -> FPS Added -> admin@pds| ABGH
[2025-09-23 16:40:34] User -> FPS Added -> admin@pds| ABGH
[2025-09-23 16:40:34] User -> FPS Added -> admin@pds| ABGH
[2025-09-23 16:40:34] User -> FPS Added -> admin@pds| ABGH
[2025-09-23 16:40:34] User -> FPS Added -> admin@pds| ABGH
[2025-09-23 16:40:34] User -> FPS Added -> admin@pds| ABGH
[2025-09-23 16:40:34] User -> FPS Added -> admin@pds| ABGH
[2025-09-23 16:40:34] User -> FPS Added -> admin@pds| ABGH
[2025-09-23 16:40:34] User -> FPS Added -> admin@pds| ABGH
[2025-09-23 16:40:34] User -> FPS Added -> admin@pds| ABGH
[2025-09-23 16:40:34] User -> FPS Added -> admin@pds| ABGH
[2025-09-23 16:40:34] User -> FPS Added -> admin@pds| ABGH
[2025-09-23 16:40:34] User -> FPS Added -> admin@pds| ABGH
[2025-09-23 16:40:34] User -> FPS Added -> admin@pds| ABGH
[2025-09-23 16:40:34] User -> FPS Added -> admin@pds| ABGH
[2025-09-23 16:40:34] User -> FPS Added -> admin@pds| ABGH
[2025-09-23 16:40:34] User -> FPS Added -> admin@pds| ABGH
[2025-09-23 16:40:34] User -> FPS Added -> admin@pds| ABGH
[2025-09-23 16:40:34] User -> FPS Added -> admin@pds| ABGH
[2025-09-23 16:40:34] User -> FPS Added -> admin@pds| ABGH
[2025-09-23 16:40:35] User -> FPS Added -> admin@pds| ABGH
[2025-09-23 16:40:35] User -> FPS Added -> admin@pds| ABGH
[2025-09-23 16:40:35] User -> FPS Added -> admin@pds| ABGH
[2025-09-23 16:40:35] User -> FPS Added -> admin@pds| ABGH
[2025-09-23 16:40:35] User -> FPS Added -> admin@pds| ABGH
[2025-09-23 16:40:35] User -> FPS Added -> admin@pds| ABGH
[2025-09-23 16:40:35] User -> FPS Added -> admin@pds| ABGH
[2025-09-23 16:40:35] User -> FPS Added -> admin@pds| ABGH
[2025-09-23 16:40:35] User -> FPS Added -> admin@pds| ABGH
[2025-09-23 16:40:35] User -> FPS Added -> admin@pds| ABGH
[2025-09-23 16:40:35] User -> FPS Added -> admin@pds| ABGH
[2025-09-23 16:40:35] User -> FPS Added -> admin@pds| ABGH
[2025-09-23 16:40:35] User -> FPS Added -> admin@pds| ABGH
[2025-09-23 16:40:35] User -> FPS Added -> admin@pds| ABGH
[2025-09-23 16:40:35] User -> FPS Added -> admin@pds| ABGH
[2025-09-23 16:40:35] User -> FPS Added -> admin@pds| ABGH
[2025-09-23 16:40:35] User -> FPS Added -> admin@pds| ABGH
[2025-09-23 16:40:35] User -> FPS Added -> admin@pds| ABGH
[2025-09-23 16:40:35] User -> FPS Added -> admin@pds| ABGH
[2025-09-23 16:40:35] User -> FPS Added -> admin@pds| ABGH
[2025-09-23 16:40:35] User -> FPS Added -> admin@pds| ABGH
[2025-09-23 16:40:35] User -> FPS Added -> admin@pds| ABGH
[2025-09-23 16:40:35] User -> FPS Added -> admin@pds| ABGH
[2025-09-23 16:40:35] User -> FPS Added -> admin@pds| ABGH
[2025-09-23 16:40:35] User -> FPS Added -> admin@pds| ABGH
[2025-09-23 16:40:35] User -> FPS Added -> admin@pds| ABGH
[2025-09-23 16:40:35] User -> FPS Added -> admin@pds| ABGH
[2025-09-23 16:40:35] User -> FPS Added -> admin@pds| ABGH
[2025-09-23 16:40:35] User -> FPS Added -> admin@pds| ABGH
[2025-09-23 16:40:35] User -> FPS Added -> admin@pds| ABGH
[2025-09-23 16:40:35] User -> FPS Added -> admin@pds| ABGH
[2025-09-23 16:40:35] User -> FPS Added -> admin@pds| ABGH
[2025-09-23 16:40:35] User -> FPS Added -> admin@pds| ABGH
[2025-09-23 16:40:35] User -> FPS Added -> admin@pds| ABGH
[2025-09-23 16:40:35] User -> FPS Added -> admin@pds| ABGH
[2025-09-23 16:40:35] User -> FPS Added -> admin@pds| ABGH
[2025-09-23 16:40:35] User -> FPS Added -> admin@pds| ABGH
[2025-09-23 16:40:35] User -> FPS Added -> admin@pds| ABGH
[2025-09-23 16:40:35] User -> FPS Added -> admin@pds| ABGH
[2025-09-23 16:40:35] User -> FPS Added -> admin@pds| ABGH
[2025-09-23 16:40:35] User -> FPS Added -> admin@pds| ABGH
[2025-09-23 16:40:35] User -> FPS Added -> admin@pds| ABGH
[2025-09-23 16:40:35] User -> FPS Added -> admin@pds| ABGH
[2025-09-23 16:40:35] User -> FPS Added -> admin@pds| ABGH
[2025-09-23 16:40:35] User -> FPS Added -> admin@pds| ABGH
[2025-09-23 16:40:35] User -> FPS Added -> admin@pds| ABGH
[2025-09-23 16:40:35] User -> FPS Added -> admin@pds| ABGH
[2025-09-23 16:40:35] User -> FPS Added -> admin@pds| ABGH
[2025-09-23 16:40:35] User -> FPS Added -> admin@pds| ABGH
[2025-09-23 16:40:35] User -> FPS Added -> admin@pds| ABGH
[2025-09-23 16:40:35] User -> FPS Added -> admin@pds| ABGH
[2025-09-23 16:40:35] User -> FPS Added -> admin@pds| ABGH
[2025-09-23 16:40:35] User -> FPS Added -> admin@pds| ABGH
[2025-09-23 16:40:35] User -> FPS Added -> admin@pds| ABGH
[2025-09-23 16:40:35] User -> FPS Added -> admin@pds| ABGH
[2025-09-23 16:40:35] User -> FPS Added -> admin@pds| ABGH
[2025-09-23 16:40:35] User -> FPS Added -> admin@pds| ABGH
[2025-09-23 16:40:35] User -> FPS Added -> admin@pds| ABGH
[2025-09-23 16:40:35] User -> FPS Added -> admin@pds| ABGH
[2025-09-23 16:40:35] User -> FPS Added -> admin@pds| ABGH
[2025-09-23 16:40:35] User -> FPS Added -> admin@pds| ABGH
[2025-09-23 16:40:35] User -> FPS Added -> admin@pds| ABGH
[2025-09-23 16:40:35] User -> FPS Added -> admin@pds| ABGH
[2025-09-23 16:40:35] User -> FPS Added -> admin@pds| ABGH
[2025-09-23 16:40:35] User -> FPS Added -> admin@pds| ABGH
[2025-09-23 16:40:35] User -> FPS Added -> admin@pds| ABGH
[2025-09-23 16:40:35] User -> FPS Added -> admin@pds| ABGH
[2025-09-23 16:40:35] User -> FPS Added -> admin@pds| ABGH
[2025-09-23 16:40:35] User -> FPS Added -> admin@pds| ABGH
[2025-09-23 16:40:35] User -> FPS Added -> admin@pds| ABGH
[2025-09-23 16:40:35] User -> FPS Added -> admin@pds| ABGH
[2025-09-23 16:40:35] User -> FPS Added -> admin@pds| ABGH
[2025-09-23 16:40:35] User -> FPS Added -> admin@pds| ABGH
[2025-09-23 16:40:35] User -> FPS Added -> admin@pds| ABGH
[2025-09-23 16:40:35] User -> FPS Added -> admin@pds| ABGH
[2025-09-23 16:40:35] User -> FPS Added -> admin@pds| ABGH
[2025-09-23 16:40:35] User -> FPS Added -> admin@pds| ABGH
[2025-09-23 16:40:35] User -> FPS Added -> admin@pds| ABGH
[2025-09-23 16:40:35] User -> FPS Added -> admin@pds| ABGH
[2025-09-23 16:40:35] User -> FPS Added -> admin@pds| ABGH
[2025-09-23 16:40:35] User -> FPS Added -> admin@pds| ABGH
[2025-09-23 16:40:35] User -> FPS Added -> admin@pds| ABGH
[2025-09-23 16:40:35] User -> FPS Added -> admin@pds| ABGH
[2025-09-23 16:40:35] User -> FPS Added -> admin@pds| ABGH
[2025-09-23 16:40:35] User -> FPS Added -> admin@pds| ABGH
[2025-09-23 16:40:35] User -> FPS Added -> admin@pds| ABGH
[2025-09-23 16:40:35] User -> FPS Added -> admin@pds| ABGH
[2025-09-23 16:40:35] User -> FPS Added -> admin@pds| ABGH
[2025-09-23 16:40:35] User -> FPS Added -> admin@pds| ABGH
[2025-09-23 16:40:35] User -> FPS Added -> admin@pds| ABGH
[2025-09-23 16:40:35] User -> FPS Added -> admin@pds| ABGH
[2025-09-23 16:40:35] User -> FPS Added -> admin@pds| ABGH
[2025-09-23 16:40:35] User -> FPS Added -> admin@pds| ABGH
[2025-09-23 16:40:35] User -> FPS Added -> admin@pds| ABGH
[2025-09-23 16:40:35] User -> FPS Added -> admin@pds| ABGH
[2025-09-23 16:40:35] User -> FPS Added -> admin@pds| ABGH
[2025-09-23 16:40:35] User -> FPS Added -> admin@pds| ABGH
[2025-09-23 16:40:35] User -> FPS Added -> admin@pds| ABGH
[2025-09-23 16:40:35] User -> FPS Added -> admin@pds| ABGH
[2025-09-23 16:40:35] User -> FPS Added -> admin@pds| ABGH
[2025-09-23 16:40:35] User -> FPS Added -> admin@pds| ABGH
[2025-09-23 16:40:35] User -> FPS Added -> admin@pds| ABGH
[2025-09-23 16:40:35] User -> FPS Added -> admin@pds| ABGH
[2025-09-23 16:40:35] User -> FPS Added -> admin@pds| ABGH
[2025-09-23 16:40:35] User -> FPS Added -> admin@pds| ABGH
[2025-09-23 16:40:35] User -> FPS Added -> admin@pds| ABGH
[2025-09-23 16:40:35] User -> FPS Added -> admin@pds| ABGH
[2025-09-23 16:40:35] User -> FPS Added -> admin@pds| ABGH
[2025-09-23 16:40:35] User -> FPS Added -> admin@pds| ABGH
[2025-09-23 16:40:35] User -> FPS Added -> admin@pds| ABGH
[2025-09-23 16:40:35] User -> FPS Added -> admin@pds| ABGH
[2025-09-23 16:40:35] User -> FPS Added -> admin@pds| ABGH
[2025-09-23 16:40:35] User -> FPS Added -> admin@pds| ABGH
[2025-09-23 16:40:35] User -> FPS Added -> admin@pds| ABGH
[2025-09-23 16:40:35] User -> FPS Added -> admin@pds| ABGH
[2025-09-23 16:40:35] User -> FPS Added -> admin@pds| ABGH
[2025-09-23 16:40:35] User -> FPS Added -> admin@pds| ABGH
[2025-09-23 16:40:35] User -> FPS Added -> admin@pds| ABGH
[2025-09-23 16:40:35] User -> FPS Added -> admin@pds| ABGH
[2025-09-23 16:40:35] User -> FPS Added -> admin@pds| ABGH
[2025-09-23 16:40:35] User -> FPS Added -> admin@pds| ABGH
[2025-09-23 16:40:35] User -> FPS Added -> admin@pds| ABGH
[2025-09-23 16:40:35] User -> FPS Added -> admin@pds| ABGH
[2025-09-23 16:40:35] User -> FPS Added -> admin@pds| ABGH
[2025-09-23 16:40:35] User -> FPS Added -> admin@pds| ABGH
[2025-09-23 16:40:35] User -> FPS Added -> admin@pds| ABGH
[2025-09-23 16:40:35] User -> FPS Added -> admin@pds| ABGH
[2025-09-23 16:40:35] User -> FPS Added -> admin@pds| ABGH
[2025-09-23 16:40:35] User -> FPS Added -> admin@pds| ABGH
[2025-09-23 16:40:35] User -> FPS Added -> admin@pds| ABGH
[2025-09-23 16:40:35] User -> FPS Added -> admin@pds| ABGH
[2025-09-23 16:40:35] User -> FPS Added -> admin@pds| ABGH
[2025-09-23 16:40:35] User -> FPS Added -> admin@pds| ABGH
[2025-09-23 16:40:35] User -> FPS Added -> admin@pds| ABGH
[2025-09-23 16:40:35] User -> FPS Added -> admin@pds| ABGH
[2025-09-23 16:40:35] User -> FPS Added -> admin@pds| ABGH
[2025-09-23 16:40:35] User -> FPS Added -> admin@pds| ABGH
[2025-09-23 16:40:35] User -> FPS Added -> admin@pds| ABGH
[2025-09-23 16:40:35] User -> FPS Added -> admin@pds| ABGH
[2025-09-23 16:40:35] User -> FPS Added -> admin@pds| ABGH
[2025-09-23 16:40:35] User -> FPS Added -> admin@pds| ABGH
[2025-09-23 16:40:35] User -> FPS Added -> admin@pds| ABGH
[2025-09-23 16:40:35] User -> FPS Added -> admin@pds| ABGH
[2025-09-23 16:40:35] User -> FPS Added -> admin@pds| ABGH
[2025-09-23 16:40:35] User -> FPS Added -> admin@pds| ABGH
[2025-09-23 16:40:35] User -> FPS Added -> admin@pds| ABGH
[2025-09-23 16:40:35] User -> FPS Added -> admin@pds| ABGH
[2025-09-23 16:40:35] User -> FPS Added -> admin@pds| ABGH
[2025-09-23 16:40:35] User -> FPS Added -> admin@pds| ABGH
[2025-09-23 16:40:35] User -> FPS Added -> admin@pds| ABGH
[2025-09-23 16:40:35] User -> FPS Added -> admin@pds| ABGH
[2025-09-23 16:40:35] User -> FPS Added -> admin@pds| ABGH
[2025-09-23 16:40:35] User -> FPS Added -> admin@pds| ABGH
[2025-09-23 16:40:35] User -> FPS Added -> admin@pds| ABGH
[2025-09-23 16:40:35] User -> FPS Added -> admin@pds| ABGH
[2025-09-23 16:40:35] User -> FPS Added -> admin@pds| ABGH
[2025-09-23 16:40:35] User -> FPS Added -> admin@pds| ABGH
[2025-09-23 16:40:35] User -> FPS Added -> admin@pds| ABGH
[2025-09-23 16:40:35] User -> FPS Added -> admin@pds| ABGH
[2025-09-23 16:40:35] User -> FPS Added -> admin@pds| ABGH
[2025-09-23 16:40:35] User -> FPS Added -> admin@pds| ABGH
[2025-09-23 16:40:35] User -> FPS Added -> admin@pds| ABGH
[2025-09-23 16:40:35] User -> FPS Added -> admin@pds| ABGH
[2025-09-23 16:40:35] User -> FPS Added -> admin@pds| ABGH
[2025-09-23 16:40:35] User -> FPS Added -> admin@pds| ABGH
[2025-09-23 16:40:35] User -> FPS Added -> admin@pds| ABGH
[2025-09-23 16:40:35] User -> FPS Added -> admin@pds| ABGH
[2025-09-23 16:40:35] User -> FPS Added -> admin@pds| ABGH
[2025-09-23 16:40:35] User -> FPS Added -> admin@pds| ABGH
[2025-09-23 16:40:35] User -> FPS Added -> admin@pds| ABGH
[2025-09-23 16:40:35] User -> FPS Added -> admin@pds| ABGH
[2025-09-23 16:40:35] User -> FPS Added -> admin@pds| ABGH
[2025-09-23 16:40:35] User -> FPS Added -> admin@pds| ABGH
[2025-09-23 16:40:35] User -> FPS Added -> admin@pds| ABGH
[2025-09-23 16:40:35] User -> FPS Added -> admin@pds| ABGH
[2025-09-23 16:40:35] User -> FPS Added -> admin@pds| ABGH
[2025-09-23 16:40:35] User -> FPS Added -> admin@pds| ABGH
[2025-09-23 16:40:35] User -> FPS Added -> admin@pds| ABGH
[2025-09-23 16:40:35] User -> FPS Added -> admin@pds| ABGH
[2025-09-23 16:40:35] User -> FPS Added -> admin@pds| ABGH
[2025-09-23 16:40:35] User -> FPS Added -> admin@pds| ABGH
[2025-09-23 16:40:35] User -> FPS Added -> admin@pds| ABGH
[2025-09-23 16:40:35] User -> FPS Added -> admin@pds| ABGH
[2025-09-23 16:40:35] User -> FPS Added -> admin@pds| ABGH
[2025-09-23 16:40:35] User -> FPS Added -> admin@pds| ABGH
[2025-09-23 16:40:35] User -> FPS Added -> admin@pds| ABGH
[2025-09-23 16:40:35] User -> FPS Added -> admin@pds| ABGH
[2025-09-23 16:40:35] User -> FPS Added -> admin@pds| ABGH
[2025-09-23 16:40:35] User -> FPS Added -> admin@pds| ABGH
[2025-09-23 16:40:35] User -> FPS Added -> admin@pds| ABGH
[2025-09-23 16:40:35] User -> FPS Added -> admin@pds| ABGH
[2025-09-23 16:40:35] User -> FPS Added -> admin@pds| ABGH
[2025-09-23 16:40:35] User -> FPS Added -> admin@pds| ABGH
[2025-09-23 16:40:35] User -> FPS Added -> admin@pds| ABGH
[2025-09-23 16:40:35] User -> FPS Added -> admin@pds| ABGH
[2025-09-23 16:40:35] User -> FPS Added -> admin@pds| ABGH
[2025-09-23 16:40:35] User -> FPS Added -> admin@pds| ABGH
[2025-09-23 16:40:35] User -> FPS Added -> admin@pds| ABGH
[2025-09-23 16:40:35] User -> FPS Added -> admin@pds| ABGH
[2025-09-23 16:40:35] User -> FPS Added -> admin@pds| ABGH
[2025-09-23 16:40:35] User -> FPS Added -> admin@pds| ABGH
[2025-09-23 16:40:35] User -> FPS Added -> admin@pds| ABGH
[2025-09-23 16:40:35] User -> FPS Added -> admin@pds| ABGH
[2025-09-23 16:40:35] User -> FPS Added -> admin@pds| ABGH
[2025-09-23 16:40:35] User -> FPS Added -> admin@pds| ABGH
[2025-09-23 16:40:35] User -> FPS Added -> admin@pds| ABGH
[2025-09-23 16:40:35] User -> FPS Added -> admin@pds| ABGH
[2025-09-23 16:40:35] User -> FPS Added -> admin@pds| ABGH
[2025-09-23 16:40:35] User -> FPS Added -> admin@pds| ABGH
[2025-09-23 16:40:35] User -> FPS Added -> admin@pds| ABGH
[2025-09-23 16:40:35] User -> FPS Added -> admin@pds| ABGH
[2025-09-23 16:40:35] User -> FPS Added -> admin@pds| ABGH
[2025-09-23 16:40:35] User -> FPS Added -> admin@pds| ABGH
[2025-09-23 16:40:35] User -> FPS Added -> admin@pds| ABGH
[2025-09-23 16:40:35] User -> FPS Added -> admin@pds| ABGH
[2025-09-23 16:40:35] User -> FPS Added -> admin@pds| ABGH
[2025-09-23 16:40:35] User -> FPS Added -> admin@pds| ABGH
[2025-09-23 16:40:35] User -> FPS Added -> admin@pds| ABGH
[2025-09-23 16:40:35] User -> FPS Added -> admin@pds| ABGH
[2025-09-23 16:40:35] User -> FPS Added -> admin@pds| ABGH
[2025-09-23 16:40:35] User -> FPS Added -> admin@pds| ABGH
[2025-09-23 16:40:35] User -> FPS Added -> admin@pds| ABGH
[2025-09-23 16:40:35] User -> FPS Added -> admin@pds| ABGH
[2025-09-23 16:40:35] User -> FPS Added -> admin@pds| ABGH
[2025-09-23 16:40:35] User -> FPS Added -> admin@pds| ABGH
[2025-09-23 16:40:35] User -> FPS Added -> admin@pds| ABGH
[2025-09-23 16:40:35] User -> FPS Added -> admin@pds| ABGH
[2025-09-23 16:40:35] User -> FPS Added -> admin@pds| ABGH
[2025-09-23 16:40:35] User -> FPS Added -> admin@pds| ABGH
[2025-09-23 16:40:35] User -> FPS Added -> admin@pds| ABGH
[2025-09-23 16:40:35] User -> FPS Added -> admin@pds| ABGH
[2025-09-23 16:40:35] User -> FPS Added -> admin@pds| ABGH
[2025-09-23 16:40:35] User -> FPS Added -> admin@pds| ABGH
[2025-09-23 16:40:35] User -> FPS Added -> admin@pds| ABGH
[2025-09-23 16:40:35] User -> FPS Added -> admin@pds| ABGH
[2025-09-23 16:40:35] User -> FPS Added -> admin@pds| ABGH
[2025-09-23 16:40:35] User -> FPS Added -> admin@pds| ABGH
[2025-09-23 16:40:35] User -> FPS Added -> admin@pds| ABGH
[2025-09-23 16:40:35] User -> FPS Added -> admin@pds| ABGH
[2025-09-23 16:40:35] User -> FPS Added -> admin@pds| ABGH
[2025-09-23 16:40:35] User -> FPS Added -> admin@pds| ABGH
[2025-09-23 16:40:35] User -> FPS Added -> admin@pds| ABGH
[2025-09-23 16:40:35] User -> FPS Added -> admin@pds| ABGH
[2025-09-23 16:40:35] User -> FPS Added -> admin@pds| ABGH
[2025-09-23 16:40:35] User -> FPS Added -> admin@pds| ABGH
[2025-09-23 16:40:35] User -> FPS Added -> admin@pds| ABGH
[2025-09-23 16:40:35] User -> FPS Added -> admin@pds| ABGH
[2025-09-23 16:40:35] User -> FPS Added -> admin@pds| ABGH
[2025-09-23 16:40:35] User -> FPS Added -> admin@pds| ABGH
[2025-09-23 16:40:35] User -> FPS Added -> admin@pds| ABGH
[2025-09-23 16:40:35] User -> FPS Added -> admin@pds| ABGH
[2025-09-23 16:40:35] User -> FPS Added -> admin@pds| ABGH
[2025-09-23 16:40:35] User -> FPS Added -> admin@pds| ABGH
[2025-09-23 16:40:49] User -> FPS deleted -> admin@pds| Requested JSON -> {"uid":"all"} | all
[2025-09-23 16:42:37] User -> FPS Added -> admin@pds| ABGH
[2025-09-23 16:42:37] User -> FPS Added -> admin@pds| ABGH
[2025-09-23 16:42:37] User -> FPS Added -> admin@pds| ABGH
[2025-09-23 16:42:37] User -> FPS Added -> admin@pds| ABGH
[2025-09-23 16:42:37] User -> FPS Added -> admin@pds| ABGH
[2025-09-23 16:42:37] User -> FPS Added -> admin@pds| ABGH
[2025-09-23 16:42:37] User -> FPS Added -> admin@pds| ABGH
[2025-09-23 16:42:37] User -> FPS Added -> admin@pds| ABGH
[2025-09-23 16:42:37] User -> FPS Added -> admin@pds| ABGH
[2025-09-23 16:42:37] User -> FPS Added -> admin@pds| ABGH
[2025-09-23 16:42:37] User -> FPS Added -> admin@pds| ABGH
[2025-09-23 16:42:37] User -> FPS Added -> admin@pds| ABGH
[2025-09-23 16:42:37] User -> FPS Added -> admin@pds| ABGH
[2025-09-23 16:42:37] User -> FPS Added -> admin@pds| ABGH
[2025-09-23 16:42:37] User -> FPS Added -> admin@pds| ABGH
[2025-09-23 16:42:37] User -> FPS Added -> admin@pds| ABGH
[2025-09-23 16:42:37] User -> FPS Added -> admin@pds| ABGH
[2025-09-23 16:42:37] User -> FPS Added -> admin@pds| ABGH
[2025-09-23 16:42:37] User -> FPS Added -> admin@pds| ABGH
[2025-09-23 16:42:37] User -> FPS Added -> admin@pds| ABGH
[2025-09-23 16:42:37] User -> FPS Added -> admin@pds| ABGH
[2025-09-23 16:42:37] User -> FPS Added -> admin@pds| ABGH
[2025-09-23 16:42:37] User -> FPS Added -> admin@pds| ABGH
[2025-09-23 16:42:37] User -> FPS Added -> admin@pds| ABGH
[2025-09-23 16:42:37] User -> FPS Added -> admin@pds| ABGH
[2025-09-23 16:42:37] User -> FPS Added -> admin@pds| ABGH
[2025-09-23 16:42:37] User -> FPS Added -> admin@pds| ABGH
[2025-09-23 16:42:37] User -> FPS Added -> admin@pds| ABGH
[2025-09-23 16:42:37] User -> FPS Added -> admin@pds| ABGH
[2025-09-23 16:42:37] User -> FPS Added -> admin@pds| ABGH
[2025-09-23 16:42:37] User -> FPS Added -> admin@pds| ABGH
[2025-09-23 16:42:37] User -> FPS Added -> admin@pds| ABGH
[2025-09-23 16:42:37] User -> FPS Added -> admin@pds| ABGH
[2025-09-23 16:42:37] User -> FPS Added -> admin@pds| ABGH
[2025-09-23 16:42:37] User -> FPS Added -> admin@pds| ABGH
[2025-09-23 16:42:37] User -> FPS Added -> admin@pds| ABGH
[2025-09-23 16:42:37] User -> FPS Added -> admin@pds| ABGH
[2025-09-23 16:42:37] User -> FPS Added -> admin@pds| ABGH
[2025-09-23 16:42:37] User -> FPS Added -> admin@pds| ABGH
[2025-09-23 16:42:37] User -> FPS Added -> admin@pds| ABGH
[2025-09-23 16:42:37] User -> FPS Added -> admin@pds| ABGH
[2025-09-23 16:42:37] User -> FPS Added -> admin@pds| ABGH
[2025-09-23 16:42:37] User -> FPS Added -> admin@pds| ABGH
[2025-09-23 16:42:37] User -> FPS Added -> admin@pds| ABGH
[2025-09-23 16:42:37] User -> FPS Added -> admin@pds| ABGH
[2025-09-23 16:42:37] User -> FPS Added -> admin@pds| ABGH
[2025-09-23 16:42:37] User -> FPS Added -> admin@pds| ABGH
[2025-09-23 16:42:37] User -> FPS Added -> admin@pds| ABGH
[2025-09-23 16:42:37] User -> FPS Added -> admin@pds| ABGH
[2025-09-23 16:42:37] User -> FPS Added -> admin@pds| ABGH
[2025-09-23 16:42:37] User -> FPS Added -> admin@pds| ABGH
[2025-09-23 16:42:37] User -> FPS Added -> admin@pds| ABGH
[2025-09-23 16:42:37] User -> FPS Added -> admin@pds| ABGH
[2025-09-23 16:42:37] User -> FPS Added -> admin@pds| ABGH
[2025-09-23 16:42:37] User -> FPS Added -> admin@pds| ABGH
[2025-09-23 16:42:37] User -> FPS Added -> admin@pds| ABGH
[2025-09-23 16:42:37] User -> FPS Added -> admin@pds| ABGH
[2025-09-23 16:42:37] User -> FPS Added -> admin@pds| ABGH
[2025-09-23 16:42:37] User -> FPS Added -> admin@pds| ABGH
[2025-09-23 16:42:37] User -> FPS Added -> admin@pds| ABGH
[2025-09-23 16:42:37] User -> FPS Added -> admin@pds| ABGH
[2025-09-23 16:42:37] User -> FPS Added -> admin@pds| ABGH
[2025-09-23 16:42:37] User -> FPS Added -> admin@pds| ABGH
[2025-09-23 16:42:37] User -> FPS Added -> admin@pds| ABGH
[2025-09-23 16:42:37] User -> FPS Added -> admin@pds| ABGH
[2025-09-23 16:42:37] User -> FPS Added -> admin@pds| ABGH
[2025-09-23 16:42:37] User -> FPS Added -> admin@pds| ABGH
[2025-09-23 16:42:37] User -> FPS Added -> admin@pds| ABGH
[2025-09-23 16:42:37] User -> FPS Added -> admin@pds| ABGH
[2025-09-23 16:42:37] User -> FPS Added -> admin@pds| ABGH
[2025-09-23 16:42:37] User -> FPS Added -> admin@pds| ABGH
[2025-09-23 16:42:37] User -> FPS Added -> admin@pds| ABGH
[2025-09-23 16:42:37] User -> FPS Added -> admin@pds| ABGH
[2025-09-23 16:42:37] User -> FPS Added -> admin@pds| ABGH
[2025-09-23 16:42:37] User -> FPS Added -> admin@pds| ABGH
[2025-09-23 16:42:37] User -> FPS Added -> admin@pds| ABGH
[2025-09-23 16:42:37] User -> FPS Added -> admin@pds| ABGH
[2025-09-23 16:42:37] User -> FPS Added -> admin@pds| ABGH
[2025-09-23 16:42:37] User -> FPS Added -> admin@pds| ABGH
[2025-09-23 16:42:37] User -> FPS Added -> admin@pds| ABGH
[2025-09-23 16:42:37] User -> FPS Added -> admin@pds| ABGH
[2025-09-23 16:42:37] User -> FPS Added -> admin@pds| ABGH
[2025-09-23 16:42:37] User -> FPS Added -> admin@pds| ABGH
[2025-09-23 16:42:37] User -> FPS Added -> admin@pds| ABGH
[2025-09-23 16:42:37] User -> FPS Added -> admin@pds| ABGH
[2025-09-23 16:42:37] User -> FPS Added -> admin@pds| ABGH
[2025-09-23 16:42:37] User -> FPS Added -> admin@pds| ABGH
[2025-09-23 16:42:37] User -> FPS Added -> admin@pds| ABGH
[2025-09-23 16:42:37] User -> FPS Added -> admin@pds| ABGH
[2025-09-23 16:42:37] User -> FPS Added -> admin@pds| ABGH
[2025-09-23 16:42:37] User -> FPS Added -> admin@pds| ABGH
[2025-09-23 16:42:37] User -> FPS Added -> admin@pds| ABGH
[2025-09-23 16:42:37] User -> FPS Added -> admin@pds| ABGH
[2025-09-23 16:42:37] User -> FPS Added -> admin@pds| ABGH
[2025-09-23 16:42:37] User -> FPS Added -> admin@pds| ABGH
[2025-09-23 16:42:37] User -> FPS Added -> admin@pds| ABGH
[2025-09-23 16:42:37] User -> FPS Added -> admin@pds| ABGH
[2025-09-23 16:42:37] User -> FPS Added -> admin@pds| ABGH
[2025-09-23 16:42:37] User -> FPS Added -> admin@pds| ABGH
[2025-09-23 16:42:37] User -> FPS Added -> admin@pds| ABGH
[2025-09-23 16:42:37] User -> FPS Added -> admin@pds| ABGH
[2025-09-23 16:42:37] User -> FPS Added -> admin@pds| ABGH
[2025-09-23 16:42:37] User -> FPS Added -> admin@pds| ABGH
[2025-09-23 16:42:37] User -> FPS Added -> admin@pds| ABGH
[2025-09-23 16:42:37] User -> FPS Added -> admin@pds| ABGH
[2025-09-23 16:42:37] User -> FPS Added -> admin@pds| ABGH
[2025-09-23 16:42:37] User -> FPS Added -> admin@pds| ABGH
[2025-09-23 16:42:37] User -> FPS Added -> admin@pds| ABGH
[2025-09-23 16:42:37] User -> FPS Added -> admin@pds| ABGH
[2025-09-23 16:42:37] User -> FPS Added -> admin@pds| ABGH
[2025-09-23 16:42:37] User -> FPS Added -> admin@pds| ABGH
[2025-09-23 16:42:37] User -> FPS Added -> admin@pds| ABGH
[2025-09-23 16:42:37] User -> FPS Added -> admin@pds| ABGH
[2025-09-23 16:42:37] User -> FPS Added -> admin@pds| ABGH
[2025-09-23 16:42:37] User -> FPS Added -> admin@pds| ABGH
[2025-09-23 16:42:37] User -> FPS Added -> admin@pds| ABGH
[2025-09-23 16:42:37] User -> FPS Added -> admin@pds| ABGH
[2025-09-23 16:42:37] User -> FPS Added -> admin@pds| ABGH
[2025-09-23 16:42:37] User -> FPS Added -> admin@pds| ABGH
[2025-09-23 16:42:37] User -> FPS Added -> admin@pds| ABGH
[2025-09-23 16:42:37] User -> FPS Added -> admin@pds| ABGH
[2025-09-23 16:42:37] User -> FPS Added -> admin@pds| ABGH
[2025-09-23 16:42:37] User -> FPS Added -> admin@pds| ABGH
[2025-09-23 16:42:37] User -> FPS Added -> admin@pds| ABGH
[2025-09-23 16:42:37] User -> FPS Added -> admin@pds| ABGH
[2025-09-23 16:42:37] User -> FPS Added -> admin@pds| ABGH
[2025-09-23 16:42:37] User -> FPS Added -> admin@pds| ABGH
[2025-09-23 16:42:37] User -> FPS Added -> admin@pds| ABGH
[2025-09-23 16:42:37] User -> FPS Added -> admin@pds| ABGH
[2025-09-23 16:42:37] User -> FPS Added -> admin@pds| ABGH
[2025-09-23 16:42:37] User -> FPS Added -> admin@pds| ABGH
[2025-09-23 16:42:37] User -> FPS Added -> admin@pds| ABGH
[2025-09-23 16:42:37] User -> FPS Added -> admin@pds| ABGH
[2025-09-23 16:42:37] User -> FPS Added -> admin@pds| ABGH
[2025-09-23 16:42:37] User -> FPS Added -> admin@pds| ABGH
[2025-09-23 16:42:37] User -> FPS Added -> admin@pds| ABGH
[2025-09-23 16:42:37] User -> FPS Added -> admin@pds| ABGH
[2025-09-23 16:42:37] User -> FPS Added -> admin@pds| ABGH
[2025-09-23 16:42:37] User -> FPS Added -> admin@pds| ABGH
[2025-09-23 16:42:37] User -> FPS Added -> admin@pds| ABGH
[2025-09-23 16:42:37] User -> FPS Added -> admin@pds| ABGH
[2025-09-23 16:42:37] User -> FPS Added -> admin@pds| ABGH
[2025-09-23 16:42:37] User -> FPS Added -> admin@pds| ABGH
[2025-09-23 16:42:37] User -> FPS Added -> admin@pds| ABGH
[2025-09-23 16:42:37] User -> FPS Added -> admin@pds| ABGH
[2025-09-23 16:42:37] User -> FPS Added -> admin@pds| ABGH
[2025-09-23 16:42:37] User -> FPS Added -> admin@pds| ABGH
[2025-09-23 16:42:37] User -> FPS Added -> admin@pds| ABGH
[2025-09-23 16:42:37] User -> FPS Added -> admin@pds| ABGH
[2025-09-23 16:42:37] User -> FPS Added -> admin@pds| ABGH
[2025-09-23 16:42:37] User -> FPS Added -> admin@pds| ABGH
[2025-09-23 16:42:37] User -> FPS Added -> admin@pds| ABGH
[2025-09-23 16:42:37] User -> FPS Added -> admin@pds| ABGH
[2025-09-23 16:42:37] User -> FPS Added -> admin@pds| ABGH
[2025-09-23 16:42:37] User -> FPS Added -> admin@pds| ABGH
[2025-09-23 16:42:37] User -> FPS Added -> admin@pds| ABGH
[2025-09-23 16:42:37] User -> FPS Added -> admin@pds| ABGH
[2025-09-23 16:42:37] User -> FPS Added -> admin@pds| ABGH
[2025-09-23 16:42:37] User -> FPS Added -> admin@pds| ABGH
[2025-09-23 16:42:37] User -> FPS Added -> admin@pds| ABGH
[2025-09-23 16:42:37] User -> FPS Added -> admin@pds| ABGH
[2025-09-23 16:42:37] User -> FPS Added -> admin@pds| ABGH
[2025-09-23 16:42:37] User -> FPS Added -> admin@pds| ABGH
[2025-09-23 16:42:37] User -> FPS Added -> admin@pds| ABGH
[2025-09-23 16:42:37] User -> FPS Added -> admin@pds| ABGH
[2025-09-23 16:42:37] User -> FPS Added -> admin@pds| ABGH
[2025-09-23 16:42:37] User -> FPS Added -> admin@pds| ABGH
[2025-09-23 16:42:37] User -> FPS Added -> admin@pds| ABGH
[2025-09-23 16:42:37] User -> FPS Added -> admin@pds| ABGH
[2025-09-23 16:42:37] User -> FPS Added -> admin@pds| ABGH
[2025-09-23 16:42:37] User -> FPS Added -> admin@pds| ABGH
[2025-09-23 16:42:37] User -> FPS Added -> admin@pds| ABGH
[2025-09-23 16:42:37] User -> FPS Added -> admin@pds| ABGH
[2025-09-23 16:42:37] User -> FPS Added -> admin@pds| ABGH
[2025-09-23 16:42:37] User -> FPS Added -> admin@pds| ABGH
[2025-09-23 16:42:37] User -> FPS Added -> admin@pds| ABGH
[2025-09-23 16:42:37] User -> FPS Added -> admin@pds| ABGH
[2025-09-23 16:42:37] User -> FPS Added -> admin@pds| ABGH
[2025-09-23 16:42:37] User -> FPS Added -> admin@pds| ABGH
[2025-09-23 16:42:37] User -> FPS Added -> admin@pds| ABGH
[2025-09-23 16:42:37] User -> FPS Added -> admin@pds| ABGH
[2025-09-23 16:42:37] User -> FPS Added -> admin@pds| ABGH
[2025-09-23 16:42:37] User -> FPS Added -> admin@pds| ABGH
[2025-09-23 16:42:37] User -> FPS Added -> admin@pds| ABGH
[2025-09-23 16:42:37] User -> FPS Added -> admin@pds| ABGH
[2025-09-23 16:42:37] User -> FPS Added -> admin@pds| ABGH
[2025-09-23 16:42:37] User -> FPS Added -> admin@pds| ABGH
[2025-09-23 16:42:37] User -> FPS Added -> admin@pds| ABGH
[2025-09-23 16:42:37] User -> FPS Added -> admin@pds| ABGH
[2025-09-23 16:42:37] User -> FPS Added -> admin@pds| ABGH
[2025-09-23 16:42:37] User -> FPS Added -> admin@pds| ABGH
[2025-09-23 16:42:37] User -> FPS Added -> admin@pds| ABGH
[2025-09-23 16:42:37] User -> FPS Added -> admin@pds| ABGH
[2025-09-23 16:42:37] User -> FPS Added -> admin@pds| ABGH
[2025-09-23 16:42:37] User -> FPS Added -> admin@pds| ABGH
[2025-09-23 16:42:37] User -> FPS Added -> admin@pds| ABGH
[2025-09-23 16:42:37] User -> FPS Added -> admin@pds| ABGH
[2025-09-23 16:42:37] User -> FPS Added -> admin@pds| ABGH
[2025-09-23 16:42:37] User -> FPS Added -> admin@pds| ABGH
[2025-09-23 16:42:37] User -> FPS Added -> admin@pds| ABGH
[2025-09-23 16:42:37] User -> FPS Added -> admin@pds| ABGH
[2025-09-23 16:42:37] User -> FPS Added -> admin@pds| ABGH
[2025-09-23 16:42:37] User -> FPS Added -> admin@pds| ABGH
[2025-09-23 16:42:37] User -> FPS Added -> admin@pds| ABGH
[2025-09-23 16:42:37] User -> FPS Added -> admin@pds| ABGH
[2025-09-23 16:42:37] User -> FPS Added -> admin@pds| ABGH
[2025-09-23 16:42:37] User -> FPS Added -> admin@pds| ABGH
[2025-09-23 16:42:37] User -> FPS Added -> admin@pds| ABGH
[2025-09-23 16:42:37] User -> FPS Added -> admin@pds| ABGH
[2025-09-23 16:42:37] User -> FPS Added -> admin@pds| ABGH
[2025-09-23 16:42:37] User -> FPS Added -> admin@pds| ABGH
[2025-09-23 16:42:37] User -> FPS Added -> admin@pds| ABGH
[2025-09-23 16:42:37] User -> FPS Added -> admin@pds| ABGH
[2025-09-23 16:42:37] User -> FPS Added -> admin@pds| ABGH
[2025-09-23 16:42:37] User -> FPS Added -> admin@pds| ABGH
[2025-09-23 16:42:37] User -> FPS Added -> admin@pds| ABGH
[2025-09-23 16:42:37] User -> FPS Added -> admin@pds| ABGH
[2025-09-23 16:42:37] User -> FPS Added -> admin@pds| ABGH
[2025-09-23 16:42:37] User -> FPS Added -> admin@pds| ABGH
[2025-09-23 16:42:37] User -> FPS Added -> admin@pds| ABGH
[2025-09-23 16:42:37] User -> FPS Added -> admin@pds| ABGH
[2025-09-23 16:42:37] User -> FPS Added -> admin@pds| ABGH
[2025-09-23 16:42:37] User -> FPS Added -> admin@pds| ABGH
[2025-09-23 16:42:37] User -> FPS Added -> admin@pds| ABGH
[2025-09-23 16:42:37] User -> FPS Added -> admin@pds| ABGH
[2025-09-23 16:42:37] User -> FPS Added -> admin@pds| ABGH
[2025-09-23 16:42:37] User -> FPS Added -> admin@pds| ABGH
[2025-09-23 16:42:37] User -> FPS Added -> admin@pds| ABGH
[2025-09-23 16:42:37] User -> FPS Added -> admin@pds| ABGH
[2025-09-23 16:42:37] User -> FPS Added -> admin@pds| ABGH
[2025-09-23 16:42:37] User -> FPS Added -> admin@pds| ABGH
[2025-09-23 16:42:37] User -> FPS Added -> admin@pds| ABGH
[2025-09-23 16:42:37] User -> FPS Added -> admin@pds| ABGH
[2025-09-23 16:42:37] User -> FPS Added -> admin@pds| ABGH
[2025-09-23 16:42:37] User -> FPS Added -> admin@pds| ABGH
[2025-09-23 16:42:37] User -> FPS Added -> admin@pds| ABGH
[2025-09-23 16:42:37] User -> FPS Added -> admin@pds| ABGH
[2025-09-23 16:42:37] User -> FPS Added -> admin@pds| ABGH
[2025-09-23 16:42:37] User -> FPS Added -> admin@pds| ABGH
[2025-09-23 16:42:37] User -> FPS Added -> admin@pds| ABGH
[2025-09-23 16:42:37] User -> FPS Added -> admin@pds| ABGH
[2025-09-23 16:42:37] User -> FPS Added -> admin@pds| ABGH
[2025-09-23 16:42:37] User -> FPS Added -> admin@pds| ABGH
[2025-09-23 16:42:37] User -> FPS Added -> admin@pds| ABGH
[2025-09-23 16:42:37] User -> FPS Added -> admin@pds| ABGH
[2025-09-23 16:42:37] User -> FPS Added -> admin@pds| ABGH
[2025-09-23 16:42:37] User -> FPS Added -> admin@pds| ABGH
[2025-09-23 16:42:37] User -> FPS Added -> admin@pds| ABGH
[2025-09-23 16:42:37] User -> FPS Added -> admin@pds| ABGH
[2025-09-23 16:42:37] User -> FPS Added -> admin@pds| ABGH
[2025-09-23 16:42:37] User -> FPS Added -> admin@pds| ABGH
[2025-09-23 16:42:37] User -> FPS Added -> admin@pds| ABGH
[2025-09-23 16:42:37] User -> FPS Added -> admin@pds| ABGH
[2025-09-23 16:42:37] User -> FPS Added -> admin@pds| ABGH
[2025-09-23 16:42:37] User -> FPS Added -> admin@pds| ABGH
[2025-09-23 16:42:37] User -> FPS Added -> admin@pds| ABGH
[2025-09-23 16:42:37] User -> FPS Added -> admin@pds| ABGH
[2025-09-23 16:42:37] User -> FPS Added -> admin@pds| ABGH
[2025-09-23 16:42:37] User -> FPS Added -> admin@pds| ABGH
[2025-09-23 16:42:37] User -> FPS Added -> admin@pds| ABGH
[2025-09-23 16:42:37] User -> FPS Added -> admin@pds| ABGH
[2025-09-23 16:42:37] User -> FPS Added -> admin@pds| ABGH
[2025-09-23 16:42:37] User -> FPS Added -> admin@pds| ABGH
[2025-09-23 16:42:37] User -> FPS Added -> admin@pds| ABGH
[2025-09-23 16:42:37] User -> FPS Added -> admin@pds| ABGH
[2025-09-23 16:42:37] User -> FPS Added -> admin@pds| ABGH
[2025-09-23 16:42:37] User -> FPS Added -> admin@pds| ABGH
[2025-09-23 16:42:37] User -> FPS Added -> admin@pds| ABGH
[2025-09-23 16:42:37] User -> FPS Added -> admin@pds| ABGH
[2025-09-23 16:42:37] User -> FPS Added -> admin@pds| ABGH
[2025-09-23 16:42:37] User -> FPS Added -> admin@pds| ABGH
[2025-09-23 16:42:37] User -> FPS Added -> admin@pds| ABGH
[2025-09-23 16:42:37] User -> FPS Added -> admin@pds| ABGH
[2025-09-23 16:42:37] User -> FPS Added -> admin@pds| ABGH
[2025-09-23 16:42:37] User -> FPS Added -> admin@pds| ABGH
[2025-09-23 16:42:37] User -> FPS Added -> admin@pds| ABGH
[2025-09-23 16:42:37] User -> FPS Added -> admin@pds| ABGH
[2025-09-23 16:42:37] User -> FPS Added -> admin@pds| ABGH
[2025-09-23 16:42:37] User -> FPS Added -> admin@pds| ABGH
[2025-09-23 16:42:37] User -> FPS Added -> admin@pds| ABGH
[2025-09-23 16:42:37] User -> FPS Added -> admin@pds| ABGH
[2025-09-23 16:42:37] User -> FPS Added -> admin@pds| ABGH
[2025-09-23 16:42:37] User -> FPS Added -> admin@pds| ABGH
[2025-09-23 16:42:37] User -> FPS Added -> admin@pds| ABGH
[2025-09-23 16:42:37] User -> FPS Added -> admin@pds| ABGH
[2025-09-23 16:42:37] User -> FPS Added -> admin@pds| ABGH
[2025-09-23 16:42:37] User -> FPS Added -> admin@pds| ABGH
[2025-09-23 16:42:37] User -> FPS Added -> admin@pds| ABGH
[2025-09-23 16:42:37] User -> FPS Added -> admin@pds| ABGH
[2025-09-23 16:42:37] User -> FPS Added -> admin@pds| ABGH
[2025-09-23 16:42:37] User -> FPS Added -> admin@pds| ABGH
[2025-09-23 16:42:37] User -> FPS Added -> admin@pds| ABGH
[2025-09-23 16:42:37] User -> FPS Added -> admin@pds| ABGH
[2025-09-23 16:42:37] User -> FPS Added -> admin@pds| ABGH
[2025-09-23 16:42:37] User -> FPS Added -> admin@pds| ABGH
[2025-09-23 16:42:37] User -> FPS Added -> admin@pds| ABGH
[2025-09-23 16:42:37] User -> FPS Added -> admin@pds| ABGH
[2025-09-23 16:42:37] User -> FPS Added -> admin@pds| ABGH
[2025-09-23 16:42:37] User -> FPS Added -> admin@pds| ABGH
[2025-09-23 16:42:37] User -> FPS Added -> admin@pds| ABGH
[2025-09-23 16:42:37] User -> FPS Added -> admin@pds| ABGH
[2025-09-23 16:42:37] User -> FPS Added -> admin@pds| ABGH
[2025-09-23 16:42:37] User -> FPS Added -> admin@pds| ABGH
[2025-09-23 16:42:37] User -> FPS Added -> admin@pds| ABGH
[2025-09-23 16:42:37] User -> FPS Added -> admin@pds| ABGH
[2025-09-23 16:42:37] User -> FPS Added -> admin@pds| ABGH
[2025-09-23 16:42:37] User -> FPS Added -> admin@pds| ABGH
[2025-09-23 16:42:37] User -> FPS Added -> admin@pds| ABGH
[2025-09-23 16:42:37] User -> FPS Added -> admin@pds| ABGH
[2025-09-23 16:42:37] User -> FPS Added -> admin@pds| ABGH
[2025-09-23 16:42:37] User -> FPS Added -> admin@pds| ABGH
[2025-09-23 16:42:37] User -> FPS Added -> admin@pds| ABGH
[2025-09-23 16:42:37] User -> FPS Added -> admin@pds| ABGH
[2025-09-23 16:42:37] User -> FPS Added -> admin@pds| ABGH
[2025-09-23 16:42:37] User -> FPS Added -> admin@pds| ABGH
[2025-09-23 16:42:37] User -> FPS Added -> admin@pds| ABGH
[2025-09-23 16:42:37] User -> FPS Added -> admin@pds| ABGH
[2025-09-23 16:42:37] User -> FPS Added -> admin@pds| ABGH
[2025-09-23 16:42:37] User -> FPS Added -> admin@pds| ABGH
[2025-09-23 16:42:37] User -> FPS Added -> admin@pds| ABGH
[2025-09-23 16:42:37] User -> FPS Added -> admin@pds| ABGH
[2025-09-23 16:42:37] User -> FPS Added -> admin@pds| ABGH
[2025-09-23 16:42:37] User -> FPS Added -> admin@pds| ABGH
[2025-09-23 16:42:37] User -> FPS Added -> admin@pds| ABGH
[2025-09-23 16:42:37] User -> FPS Added -> admin@pds| ABGH
[2025-09-23 16:42:37] User -> FPS Added -> admin@pds| ABGH
[2025-09-23 16:42:37] User -> FPS Added -> admin@pds| ABGH
[2025-09-23 16:42:37] User -> FPS Added -> admin@pds| ABGH
[2025-09-23 16:42:37] User -> FPS Added -> admin@pds| ABGH
[2025-09-23 16:42:37] User -> FPS Added -> admin@pds| ABGH
[2025-09-23 16:42:37] User -> FPS Added -> admin@pds| ABGH
[2025-09-23 16:42:37] User -> FPS Added -> admin@pds| ABGH
[2025-09-23 16:42:37] User -> FPS Added -> admin@pds| ABGH
[2025-09-23 16:42:37] User -> FPS Added -> admin@pds| ABGH
[2025-09-23 16:42:37] User -> FPS Added -> admin@pds| ABGH
[2025-09-23 16:42:37] User -> FPS Added -> admin@pds| ABGH
[2025-09-23 16:42:37] User -> FPS Added -> admin@pds| ABGH
[2025-09-23 16:42:37] User -> FPS Added -> admin@pds| ABGH
[2025-09-23 16:42:37] User -> FPS Added -> admin@pds| ABGH
[2025-09-23 16:42:37] User -> FPS Added -> admin@pds| ABGH
[2025-09-23 16:42:37] User -> FPS Added -> admin@pds| ABGH
[2025-09-23 16:42:37] User -> FPS Added -> admin@pds| ABGH
[2025-09-23 16:42:37] User -> FPS Added -> admin@pds| ABGH
[2025-09-23 16:42:37] User -> FPS Added -> admin@pds| ABGH
[2025-09-23 16:42:37] User -> FPS Added -> admin@pds| ABGH
[2025-09-23 16:42:37] User -> FPS Added -> admin@pds| ABGH
[2025-09-23 16:42:37] User -> FPS Added -> admin@pds| ABGH
[2025-09-23 16:42:37] User -> FPS Added -> admin@pds| ABGH
[2025-09-23 16:42:37] User -> FPS Added -> admin@pds| ABGH
[2025-09-23 16:42:37] User -> FPS Added -> admin@pds| ABGH
[2025-09-23 16:42:37] User -> FPS Added -> admin@pds| ABGH
[2025-09-23 16:42:37] User -> FPS Added -> admin@pds| ABGH
[2025-09-23 16:42:37] User -> FPS Added -> admin@pds| ABGH
[2025-09-23 16:42:37] User -> FPS Added -> admin@pds| ABGH
[2025-09-23 16:42:37] User -> FPS Added -> admin@pds| ABGH
[2025-09-23 16:42:37] User -> FPS Added -> admin@pds| ABGH
[2025-09-23 16:42:37] User -> FPS Added -> admin@pds| ABGH
[2025-09-23 16:42:38] User -> FPS Added -> admin@pds| ABGH
[2025-09-23 16:42:38] User -> FPS Added -> admin@pds| ABGH
[2025-09-23 16:42:38] User -> FPS Added -> admin@pds| ABGH
[2025-09-23 16:42:38] User -> FPS Added -> admin@pds| ABGH
[2025-09-23 16:42:38] User -> FPS Added -> admin@pds| ABGH
[2025-09-23 16:42:38] User -> FPS Added -> admin@pds| ABGH
[2025-09-23 16:42:38] User -> FPS Added -> admin@pds| ABGH
[2025-09-23 16:42:38] User -> FPS Added -> admin@pds| ABGH
[2025-09-23 16:42:38] User -> FPS Added -> admin@pds| ABGH
[2025-09-23 16:42:38] User -> FPS Added -> admin@pds| ABGH
[2025-09-23 16:42:38] User -> FPS Added -> admin@pds| ABGH
[2025-09-23 16:42:38] User -> FPS Added -> admin@pds| ABGH
[2025-09-23 16:42:38] User -> FPS Added -> admin@pds| ABGH
[2025-09-23 16:42:38] User -> FPS Added -> admin@pds| ABGH
[2025-09-23 16:42:38] User -> FPS Added -> admin@pds| ABGH
[2025-09-23 16:42:38] User -> FPS Added -> admin@pds| ABGH
[2025-09-23 16:42:38] User -> FPS Added -> admin@pds| ABGH
[2025-09-23 16:42:38] User -> FPS Added -> admin@pds| ABGH
[2025-09-23 16:42:38] User -> FPS Added -> admin@pds| ABGH
[2025-09-23 16:42:38] User -> FPS Added -> admin@pds| ABGH
[2025-09-23 16:42:38] User -> FPS Added -> admin@pds| ABGH
[2025-09-23 16:42:38] User -> FPS Added -> admin@pds| ABGH
[2025-09-23 16:42:38] User -> FPS Added -> admin@pds| ABGH
[2025-09-23 16:42:38] User -> FPS Added -> admin@pds| ABGH
[2025-09-23 16:42:38] User -> FPS Added -> admin@pds| ABGH
[2025-09-23 16:42:38] User -> FPS Added -> admin@pds| ABGH
[2025-09-23 16:42:57] User -> FPS Edit -> admin@pds| ABGH
[2025-09-23 16:42:57] User -> FPS Edit -> admin@pds| ABGH
[2025-09-23 16:42:57] User -> FPS Edit -> admin@pds| ABGH
[2025-09-23 16:42:57] User -> FPS Edit -> admin@pds| ABGH
[2025-09-23 16:42:57] User -> FPS Edit -> admin@pds| ABGH
[2025-09-23 16:42:57] User -> FPS Edit -> admin@pds| ABGH
[2025-09-23 16:42:57] User -> FPS Edit -> admin@pds| ABGH
[2025-09-23 16:42:57] User -> FPS Edit -> admin@pds| ABGH
[2025-09-23 16:42:57] User -> FPS Edit -> admin@pds| ABGH
[2025-09-23 16:42:57] User -> FPS Edit -> admin@pds| ABGH
[2025-09-23 16:42:57] User -> FPS Edit -> admin@pds| ABGH
[2025-09-23 16:42:57] User -> FPS Edit -> admin@pds| ABGH
[2025-09-23 16:42:57] User -> FPS Edit -> admin@pds| ABGH
[2025-09-23 16:42:57] User -> FPS Edit -> admin@pds| ABGH
[2025-09-23 16:42:57] User -> FPS Edit -> admin@pds| ABGH
[2025-09-23 16:42:57] User -> FPS Edit -> admin@pds| ABGH
[2025-09-23 16:42:57] User -> FPS Edit -> admin@pds| ABGH
[2025-09-23 16:42:57] User -> FPS Edit -> admin@pds| ABGH
[2025-09-23 16:42:57] User -> FPS Edit -> admin@pds| ABGH
[2025-09-23 16:42:57] User -> FPS Edit -> admin@pds| ABGH
[2025-09-23 16:42:57] User -> FPS Edit -> admin@pds| ABGH
[2025-09-23 16:42:57] User -> FPS Edit -> admin@pds| ABGH
[2025-09-23 16:42:57] User -> FPS Edit -> admin@pds| ABGH
[2025-09-23 16:42:57] User -> FPS Edit -> admin@pds| ABGH
[2025-09-23 16:42:57] User -> FPS Edit -> admin@pds| ABGH
[2025-09-23 16:42:57] User -> FPS Edit -> admin@pds| ABGH
[2025-09-23 16:42:57] User -> FPS Edit -> admin@pds| ABGH
[2025-09-23 16:42:57] User -> FPS Edit -> admin@pds| ABGH
[2025-09-23 16:42:57] User -> FPS Edit -> admin@pds| ABGH
[2025-09-23 16:42:57] User -> FPS Edit -> admin@pds| ABGH
[2025-09-23 16:42:57] User -> FPS Edit -> admin@pds| ABGH
[2025-09-23 16:42:57] User -> FPS Edit -> admin@pds| ABGH
[2025-09-23 16:42:57] User -> FPS Edit -> admin@pds| ABGH
[2025-09-23 16:42:57] User -> FPS Edit -> admin@pds| ABGH
[2025-09-23 16:42:57] User -> FPS Edit -> admin@pds| ABGH
[2025-09-23 16:42:57] User -> FPS Edit -> admin@pds| ABGH
[2025-09-23 16:42:57] User -> FPS Edit -> admin@pds| ABGH
[2025-09-23 16:42:57] User -> FPS Edit -> admin@pds| ABGH
[2025-09-23 16:42:57] User -> FPS Edit -> admin@pds| ABGH
[2025-09-23 16:42:57] User -> FPS Edit -> admin@pds| ABGH
[2025-09-23 16:42:57] User -> FPS Edit -> admin@pds| ABGH
[2025-09-23 16:42:57] User -> FPS Edit -> admin@pds| ABGH
[2025-09-23 16:42:57] User -> FPS Edit -> admin@pds| ABGH
[2025-09-23 16:42:57] User -> FPS Edit -> admin@pds| ABGH
[2025-09-23 16:42:57] User -> FPS Edit -> admin@pds| ABGH
[2025-09-23 16:42:57] User -> FPS Edit -> admin@pds| ABGH
[2025-09-23 16:42:57] User -> FPS Edit -> admin@pds| ABGH
[2025-09-23 16:42:57] User -> FPS Edit -> admin@pds| ABGH
[2025-09-23 16:42:57] User -> FPS Edit -> admin@pds| ABGH
[2025-09-23 16:42:57] User -> FPS Edit -> admin@pds| ABGH
[2025-09-23 16:42:57] User -> FPS Edit -> admin@pds| ABGH
[2025-09-23 16:42:57] User -> FPS Edit -> admin@pds| ABGH
[2025-09-23 16:42:57] User -> FPS Edit -> admin@pds| ABGH
[2025-09-23 16:42:57] User -> FPS Edit -> admin@pds| ABGH
[2025-09-23 16:42:57] User -> FPS Edit -> admin@pds| ABGH
[2025-09-23 16:42:57] User -> FPS Edit -> admin@pds| ABGH
[2025-09-23 16:42:57] User -> FPS Edit -> admin@pds| ABGH
[2025-09-23 16:42:57] User -> FPS Edit -> admin@pds| ABGH
[2025-09-23 16:42:57] User -> FPS Edit -> admin@pds| ABGH
[2025-09-23 16:42:57] User -> FPS Edit -> admin@pds| ABGH
[2025-09-23 16:42:57] User -> FPS Edit -> admin@pds| ABGH
[2025-09-23 16:42:57] User -> FPS Edit -> admin@pds| ABGH
[2025-09-23 16:42:57] User -> FPS Edit -> admin@pds| ABGH
[2025-09-23 16:42:57] User -> FPS Edit -> admin@pds| ABGH
[2025-09-23 16:42:57] User -> FPS Edit -> admin@pds| ABGH
[2025-09-23 16:42:57] User -> FPS Edit -> admin@pds| ABGH
[2025-09-23 16:42:57] User -> FPS Edit -> admin@pds| ABGH
[2025-09-23 16:42:57] User -> FPS Edit -> admin@pds| ABGH
[2025-09-23 16:42:57] User -> FPS Edit -> admin@pds| ABGH
[2025-09-23 16:42:57] User -> FPS Edit -> admin@pds| ABGH
[2025-09-23 16:42:57] User -> FPS Edit -> admin@pds| ABGH
[2025-09-23 16:42:57] User -> FPS Edit -> admin@pds| ABGH
[2025-09-23 16:42:57] User -> FPS Edit -> admin@pds| ABGH
[2025-09-23 16:42:57] User -> FPS Edit -> admin@pds| ABGH
[2025-09-23 16:42:57] User -> FPS Edit -> admin@pds| ABGH
[2025-09-23 16:42:57] User -> FPS Edit -> admin@pds| ABGH
[2025-09-23 16:42:57] User -> FPS Edit -> admin@pds| ABGH
[2025-09-23 16:42:57] User -> FPS Edit -> admin@pds| ABGH
[2025-09-23 16:42:57] User -> FPS Edit -> admin@pds| ABGH
[2025-09-23 16:42:57] User -> FPS Edit -> admin@pds| ABGH
[2025-09-23 16:42:57] User -> FPS Edit -> admin@pds| ABGH
[2025-09-23 16:42:57] User -> FPS Edit -> admin@pds| ABGH
[2025-09-23 16:42:57] User -> FPS Edit -> admin@pds| ABGH
[2025-09-23 16:42:57] User -> FPS Edit -> admin@pds| ABGH
[2025-09-23 16:42:57] User -> FPS Edit -> admin@pds| ABGH
[2025-09-23 16:42:57] User -> FPS Edit -> admin@pds| ABGH
[2025-09-23 16:42:57] User -> FPS Edit -> admin@pds| ABGH
[2025-09-23 16:42:57] User -> FPS Edit -> admin@pds| ABGH
[2025-09-23 16:42:57] User -> FPS Edit -> admin@pds| ABGH
[2025-09-23 16:42:57] User -> FPS Edit -> admin@pds| ABGH
[2025-09-23 16:42:57] User -> FPS Edit -> admin@pds| ABGH
[2025-09-23 16:42:57] User -> FPS Edit -> admin@pds| ABGH
[2025-09-23 16:42:57] User -> FPS Edit -> admin@pds| ABGH
[2025-09-23 16:42:57] User -> FPS Edit -> admin@pds| ABGH
[2025-09-23 16:42:57] User -> FPS Edit -> admin@pds| ABGH
[2025-09-23 16:42:57] User -> FPS Edit -> admin@pds| ABGH
[2025-09-23 16:42:57] User -> FPS Edit -> admin@pds| ABGH
[2025-09-23 16:42:57] User -> FPS Edit -> admin@pds| ABGH
[2025-09-23 16:42:57] User -> FPS Edit -> admin@pds| ABGH
[2025-09-23 16:42:57] User -> FPS Edit -> admin@pds| ABGH
[2025-09-23 16:42:57] User -> FPS Edit -> admin@pds| ABGH
[2025-09-23 16:42:57] User -> FPS Edit -> admin@pds| ABGH
[2025-09-23 16:42:57] User -> FPS Edit -> admin@pds| ABGH
[2025-09-23 16:42:57] User -> FPS Edit -> admin@pds| ABGH
[2025-09-23 16:42:57] User -> FPS Edit -> admin@pds| ABGH
[2025-09-23 16:42:57] User -> FPS Edit -> admin@pds| ABGH
[2025-09-23 16:42:57] User -> FPS Edit -> admin@pds| ABGH
[2025-09-23 16:42:57] User -> FPS Edit -> admin@pds| ABGH
[2025-09-23 16:42:57] User -> FPS Edit -> admin@pds| ABGH
[2025-09-23 16:42:57] User -> FPS Edit -> admin@pds| ABGH
[2025-09-23 16:42:57] User -> FPS Edit -> admin@pds| ABGH
[2025-09-23 16:42:57] User -> FPS Edit -> admin@pds| ABGH
[2025-09-23 16:42:57] User -> FPS Edit -> admin@pds| ABGH
[2025-09-23 16:42:57] User -> FPS Edit -> admin@pds| ABGH
[2025-09-23 16:42:57] User -> FPS Edit -> admin@pds| ABGH
[2025-09-23 16:42:57] User -> FPS Edit -> admin@pds| ABGH
[2025-09-23 16:42:57] User -> FPS Edit -> admin@pds| ABGH
[2025-09-23 16:42:57] User -> FPS Edit -> admin@pds| ABGH
[2025-09-23 16:42:57] User -> FPS Edit -> admin@pds| ABGH
[2025-09-23 16:42:57] User -> FPS Edit -> admin@pds| ABGH
[2025-09-23 16:42:57] User -> FPS Edit -> admin@pds| ABGH
[2025-09-23 16:42:57] User -> FPS Edit -> admin@pds| ABGH
[2025-09-23 16:42:57] User -> FPS Edit -> admin@pds| ABGH
[2025-09-23 16:42:57] User -> FPS Edit -> admin@pds| ABGH
[2025-09-23 16:42:57] User -> FPS Edit -> admin@pds| ABGH
[2025-09-23 16:42:57] User -> FPS Edit -> admin@pds| ABGH
[2025-09-23 16:42:57] User -> FPS Edit -> admin@pds| ABGH
[2025-09-23 16:42:57] User -> FPS Edit -> admin@pds| ABGH
[2025-09-23 16:42:57] User -> FPS Edit -> admin@pds| ABGH
[2025-09-23 16:42:57] User -> FPS Edit -> admin@pds| ABGH
[2025-09-23 16:42:57] User -> FPS Edit -> admin@pds| ABGH
[2025-09-23 16:42:57] User -> FPS Edit -> admin@pds| ABGH
[2025-09-23 16:42:57] User -> FPS Edit -> admin@pds| ABGH
[2025-09-23 16:42:57] User -> FPS Edit -> admin@pds| ABGH
[2025-09-23 16:42:57] User -> FPS Edit -> admin@pds| ABGH
[2025-09-23 16:42:57] User -> FPS Edit -> admin@pds| ABGH
[2025-09-23 16:42:57] User -> FPS Edit -> admin@pds| ABGH
[2025-09-23 16:42:57] User -> FPS Edit -> admin@pds| ABGH
[2025-09-23 16:42:57] User -> FPS Edit -> admin@pds| ABGH
[2025-09-23 16:42:57] User -> FPS Edit -> admin@pds| ABGH
[2025-09-23 16:42:57] User -> FPS Edit -> admin@pds| ABGH
[2025-09-23 16:42:57] User -> FPS Edit -> admin@pds| ABGH
[2025-09-23 16:42:57] User -> FPS Edit -> admin@pds| ABGH
[2025-09-23 16:42:57] User -> FPS Edit -> admin@pds| ABGH
[2025-09-23 16:42:57] User -> FPS Edit -> admin@pds| ABGH
[2025-09-23 16:42:57] User -> FPS Edit -> admin@pds| ABGH
[2025-09-23 16:42:57] User -> FPS Edit -> admin@pds| ABGH
[2025-09-23 16:42:57] User -> FPS Edit -> admin@pds| ABGH
[2025-09-23 16:42:57] User -> FPS Edit -> admin@pds| ABGH
[2025-09-23 16:42:57] User -> FPS Edit -> admin@pds| ABGH
[2025-09-23 16:42:57] User -> FPS Edit -> admin@pds| ABGH
[2025-09-23 16:42:57] User -> FPS Edit -> admin@pds| ABGH
[2025-09-23 16:42:57] User -> FPS Edit -> admin@pds| ABGH
[2025-09-23 16:42:57] User -> FPS Edit -> admin@pds| ABGH
[2025-09-23 16:42:57] User -> FPS Edit -> admin@pds| ABGH
[2025-09-23 16:42:57] User -> FPS Edit -> admin@pds| ABGH
[2025-09-23 16:42:57] User -> FPS Edit -> admin@pds| ABGH
[2025-09-23 16:42:57] User -> FPS Edit -> admin@pds| ABGH
[2025-09-23 16:42:57] User -> FPS Edit -> admin@pds| ABGH
[2025-09-23 16:42:57] User -> FPS Edit -> admin@pds| ABGH
[2025-09-23 16:42:57] User -> FPS Edit -> admin@pds| ABGH
[2025-09-23 16:42:57] User -> FPS Edit -> admin@pds| ABGH
[2025-09-23 16:42:57] User -> FPS Edit -> admin@pds| ABGH
[2025-09-23 16:42:57] User -> FPS Edit -> admin@pds| ABGH
[2025-09-23 16:42:57] User -> FPS Edit -> admin@pds| ABGH
[2025-09-23 16:42:57] User -> FPS Edit -> admin@pds| ABGH
[2025-09-23 16:42:57] User -> FPS Edit -> admin@pds| ABGH
[2025-09-23 16:42:57] User -> FPS Edit -> admin@pds| ABGH
[2025-09-23 16:42:57] User -> FPS Edit -> admin@pds| ABGH
[2025-09-23 16:42:57] User -> FPS Edit -> admin@pds| ABGH
[2025-09-23 16:42:57] User -> FPS Edit -> admin@pds| ABGH
[2025-09-23 16:42:57] User -> FPS Edit -> admin@pds| ABGH
[2025-09-23 16:42:57] User -> FPS Edit -> admin@pds| ABGH
[2025-09-23 16:42:57] User -> FPS Edit -> admin@pds| ABGH
[2025-09-23 16:42:57] User -> FPS Edit -> admin@pds| ABGH
[2025-09-23 16:42:57] User -> FPS Edit -> admin@pds| ABGH
[2025-09-23 16:42:57] User -> FPS Edit -> admin@pds| ABGH
[2025-09-23 16:42:57] User -> FPS Edit -> admin@pds| ABGH
[2025-09-23 16:42:57] User -> FPS Edit -> admin@pds| ABGH
[2025-09-23 16:42:57] User -> FPS Edit -> admin@pds| ABGH
[2025-09-23 16:42:57] User -> FPS Edit -> admin@pds| ABGH
[2025-09-23 16:42:57] User -> FPS Edit -> admin@pds| ABGH
[2025-09-23 16:42:57] User -> FPS Edit -> admin@pds| ABGH
[2025-09-23 16:42:57] User -> FPS Edit -> admin@pds| ABGH
[2025-09-23 16:42:57] User -> FPS Edit -> admin@pds| ABGH
[2025-09-23 16:42:57] User -> FPS Edit -> admin@pds| ABGH
[2025-09-23 16:42:57] User -> FPS Edit -> admin@pds| ABGH
[2025-09-23 16:42:57] User -> FPS Edit -> admin@pds| ABGH
[2025-09-23 16:42:57] User -> FPS Edit -> admin@pds| ABGH
[2025-09-23 16:42:57] User -> FPS Edit -> admin@pds| ABGH
[2025-09-23 16:42:57] User -> FPS Edit -> admin@pds| ABGH
[2025-09-23 16:42:57] User -> FPS Edit -> admin@pds| ABGH
[2025-09-23 16:42:57] User -> FPS Edit -> admin@pds| ABGH
[2025-09-23 16:42:57] User -> FPS Edit -> admin@pds| ABGH
[2025-09-23 16:42:57] User -> FPS Edit -> admin@pds| ABGH
[2025-09-23 16:42:57] User -> FPS Edit -> admin@pds| ABGH
[2025-09-23 16:42:57] User -> FPS Edit -> admin@pds| ABGH
[2025-09-23 16:42:57] User -> FPS Edit -> admin@pds| ABGH
[2025-09-23 16:42:57] User -> FPS Edit -> admin@pds| ABGH
[2025-09-23 16:42:57] User -> FPS Edit -> admin@pds| ABGH
[2025-09-23 16:42:57] User -> FPS Edit -> admin@pds| ABGH
[2025-09-23 16:42:57] User -> FPS Edit -> admin@pds| ABGH
[2025-09-23 16:42:57] User -> FPS Edit -> admin@pds| ABGH
[2025-09-23 16:42:57] User -> FPS Edit -> admin@pds| ABGH
[2025-09-23 16:42:57] User -> FPS Edit -> admin@pds| ABGH
[2025-09-23 16:42:57] User -> FPS Edit -> admin@pds| ABGH
[2025-09-23 16:42:57] User -> FPS Edit -> admin@pds| ABGH
[2025-09-23 16:42:57] User -> FPS Edit -> admin@pds| ABGH
[2025-09-23 16:42:57] User -> FPS Edit -> admin@pds| ABGH
[2025-09-23 16:42:57] User -> FPS Edit -> admin@pds| ABGH
[2025-09-23 16:42:57] User -> FPS Edit -> admin@pds| ABGH
[2025-09-23 16:42:57] User -> FPS Edit -> admin@pds| ABGH
[2025-09-23 16:42:57] User -> FPS Edit -> admin@pds| ABGH
[2025-09-23 16:42:57] User -> FPS Edit -> admin@pds| ABGH
[2025-09-23 16:42:57] User -> FPS Edit -> admin@pds| ABGH
[2025-09-23 16:42:57] User -> FPS Edit -> admin@pds| ABGH
[2025-09-23 16:42:57] User -> FPS Edit -> admin@pds| ABGH
[2025-09-23 16:42:57] User -> FPS Edit -> admin@pds| ABGH
[2025-09-23 16:42:57] User -> FPS Edit -> admin@pds| ABGH
[2025-09-23 16:42:57] User -> FPS Edit -> admin@pds| ABGH
[2025-09-23 16:42:57] User -> FPS Edit -> admin@pds| ABGH
[2025-09-23 16:42:57] User -> FPS Edit -> admin@pds| ABGH
[2025-09-23 16:42:57] User -> FPS Edit -> admin@pds| ABGH
[2025-09-23 16:42:57] User -> FPS Edit -> admin@pds| ABGH
[2025-09-23 16:42:57] User -> FPS Edit -> admin@pds| ABGH
[2025-09-23 16:42:57] User -> FPS Edit -> admin@pds| ABGH
[2025-09-23 16:42:57] User -> FPS Edit -> admin@pds| ABGH
[2025-09-23 16:42:57] User -> FPS Edit -> admin@pds| ABGH
[2025-09-23 16:42:57] User -> FPS Edit -> admin@pds| ABGH
[2025-09-23 16:42:57] User -> FPS Edit -> admin@pds| ABGH
[2025-09-23 16:42:57] User -> FPS Edit -> admin@pds| ABGH
[2025-09-23 16:42:57] User -> FPS Edit -> admin@pds| ABGH
[2025-09-23 16:42:57] User -> FPS Edit -> admin@pds| ABGH
[2025-09-23 16:42:57] User -> FPS Edit -> admin@pds| ABGH
[2025-09-23 16:42:57] User -> FPS Edit -> admin@pds| ABGH
[2025-09-23 16:42:57] User -> FPS Edit -> admin@pds| ABGH
[2025-09-23 16:42:57] User -> FPS Edit -> admin@pds| ABGH
[2025-09-23 16:42:57] User -> FPS Edit -> admin@pds| ABGH
[2025-09-23 16:42:57] User -> FPS Edit -> admin@pds| ABGH
[2025-09-23 16:42:57] User -> FPS Edit -> admin@pds| ABGH
[2025-09-23 16:42:57] User -> FPS Edit -> admin@pds| ABGH
[2025-09-23 16:42:57] User -> FPS Edit -> admin@pds| ABGH
[2025-09-23 16:42:57] User -> FPS Edit -> admin@pds| ABGH
[2025-09-23 16:42:57] User -> FPS Edit -> admin@pds| ABGH
[2025-09-23 16:42:57] User -> FPS Edit -> admin@pds| ABGH
[2025-09-23 16:42:57] User -> FPS Edit -> admin@pds| ABGH
[2025-09-23 16:42:57] User -> FPS Edit -> admin@pds| ABGH
[2025-09-23 16:42:57] User -> FPS Edit -> admin@pds| ABGH
[2025-09-23 16:42:57] User -> FPS Edit -> admin@pds| ABGH
[2025-09-23 16:42:57] User -> FPS Edit -> admin@pds| ABGH
[2025-09-23 16:42:57] User -> FPS Edit -> admin@pds| ABGH
[2025-09-23 16:42:57] User -> FPS Edit -> admin@pds| ABGH
[2025-09-23 16:42:57] User -> FPS Edit -> admin@pds| ABGH
[2025-09-23 16:42:57] User -> FPS Edit -> admin@pds| ABGH
[2025-09-23 16:42:57] User -> FPS Edit -> admin@pds| ABGH
[2025-09-23 16:42:57] User -> FPS Edit -> admin@pds| ABGH
[2025-09-23 16:42:57] User -> FPS Edit -> admin@pds| ABGH
[2025-09-23 16:42:57] User -> FPS Edit -> admin@pds| ABGH
[2025-09-23 16:42:57] User -> FPS Edit -> admin@pds| ABGH
[2025-09-23 16:42:57] User -> FPS Edit -> admin@pds| ABGH
[2025-09-23 16:42:57] User -> FPS Edit -> admin@pds| ABGH
[2025-09-23 16:42:57] User -> FPS Edit -> admin@pds| ABGH
[2025-09-23 16:42:57] User -> FPS Edit -> admin@pds| ABGH
[2025-09-23 16:42:57] User -> FPS Edit -> admin@pds| ABGH
[2025-09-23 16:42:57] User -> FPS Edit -> admin@pds| ABGH
[2025-09-23 16:42:57] User -> FPS Edit -> admin@pds| ABGH
[2025-09-23 16:42:57] User -> FPS Edit -> admin@pds| ABGH
[2025-09-23 16:42:57] User -> FPS Edit -> admin@pds| ABGH
[2025-09-23 16:42:57] User -> FPS Edit -> admin@pds| ABGH
[2025-09-23 16:42:57] User -> FPS Edit -> admin@pds| ABGH
[2025-09-23 16:42:57] User -> FPS Edit -> admin@pds| ABGH
[2025-09-23 16:42:57] User -> FPS Edit -> admin@pds| ABGH
[2025-09-23 16:42:57] User -> FPS Edit -> admin@pds| ABGH
[2025-09-23 16:42:57] User -> FPS Edit -> admin@pds| ABGH
[2025-09-23 16:42:57] User -> FPS Edit -> admin@pds| ABGH
[2025-09-23 16:42:57] User -> FPS Edit -> admin@pds| ABGH
[2025-09-23 16:42:57] User -> FPS Edit -> admin@pds| ABGH
[2025-09-23 16:42:57] User -> FPS Edit -> admin@pds| ABGH
[2025-09-23 16:42:57] User -> FPS Edit -> admin@pds| ABGH
[2025-09-23 16:42:57] User -> FPS Edit -> admin@pds| ABGH
[2025-09-23 16:42:57] User -> FPS Edit -> admin@pds| ABGH
[2025-09-23 16:42:57] User -> FPS Edit -> admin@pds| ABGH
[2025-09-23 16:42:57] User -> FPS Edit -> admin@pds| ABGH
[2025-09-23 16:42:57] User -> FPS Edit -> admin@pds| ABGH
[2025-09-23 16:42:57] User -> FPS Edit -> admin@pds| ABGH
[2025-09-23 16:42:57] User -> FPS Edit -> admin@pds| ABGH
[2025-09-23 16:42:57] User -> FPS Edit -> admin@pds| ABGH
[2025-09-23 16:42:57] User -> FPS Edit -> admin@pds| ABGH
[2025-09-23 16:42:57] User -> FPS Edit -> admin@pds| ABGH
[2025-09-23 16:42:57] User -> FPS Edit -> admin@pds| ABGH
[2025-09-23 16:42:57] User -> FPS Edit -> admin@pds| ABGH
[2025-09-23 16:42:57] User -> FPS Edit -> admin@pds| ABGH
[2025-09-23 16:42:57] User -> FPS Edit -> admin@pds| ABGH
[2025-09-23 16:42:57] User -> FPS Edit -> admin@pds| ABGH
[2025-09-23 16:42:57] User -> FPS Edit -> admin@pds| ABGH
[2025-09-23 16:42:57] User -> FPS Edit -> admin@pds| ABGH
[2025-09-23 16:42:57] User -> FPS Edit -> admin@pds| ABGH
[2025-09-23 16:42:57] User -> FPS Edit -> admin@pds| ABGH
[2025-09-23 16:42:57] User -> FPS Edit -> admin@pds| ABGH
[2025-09-23 16:42:57] User -> FPS Edit -> admin@pds| ABGH
[2025-09-23 16:42:57] User -> FPS Edit -> admin@pds| ABGH
[2025-09-23 16:42:57] User -> FPS Edit -> admin@pds| ABGH
[2025-09-23 16:42:57] User -> FPS Edit -> admin@pds| ABGH
[2025-09-23 16:42:57] User -> FPS Edit -> admin@pds| ABGH
[2025-09-23 16:42:57] User -> FPS Edit -> admin@pds| ABGH
[2025-09-23 16:42:57] User -> FPS Edit -> admin@pds| ABGH
[2025-09-23 16:42:57] User -> FPS Edit -> admin@pds| ABGH
[2025-09-23 16:42:57] User -> FPS Edit -> admin@pds| ABGH
[2025-09-23 16:42:57] User -> FPS Edit -> admin@pds| ABGH
[2025-09-23 16:42:57] User -> FPS Edit -> admin@pds| ABGH
[2025-09-23 16:42:57] User -> FPS Edit -> admin@pds| ABGH
[2025-09-23 16:42:57] User -> FPS Edit -> admin@pds| ABGH
[2025-09-23 16:42:57] User -> FPS Edit -> admin@pds| ABGH
[2025-09-23 16:42:57] User -> FPS Edit -> admin@pds| ABGH
[2025-09-23 16:42:57] User -> FPS Edit -> admin@pds| ABGH
[2025-09-23 16:42:57] User -> FPS Edit -> admin@pds| ABGH
[2025-09-23 16:42:57] User -> FPS Edit -> admin@pds| ABGH
[2025-09-23 16:42:57] User -> FPS Edit -> admin@pds| ABGH
[2025-09-23 16:42:57] User -> FPS Edit -> admin@pds| ABGH
[2025-09-23 16:42:57] User -> FPS Edit -> admin@pds| ABGH
[2025-09-23 16:42:57] User -> FPS Edit -> admin@pds| ABGH
[2025-09-23 16:42:57] User -> FPS Edit -> admin@pds| ABGH
[2025-09-23 16:42:57] User -> FPS Edit -> admin@pds| ABGH
[2025-09-23 16:42:57] User -> FPS Edit -> admin@pds| ABGH
[2025-09-23 16:42:57] User -> FPS Edit -> admin@pds| ABGH
[2025-09-23 16:42:57] User -> FPS Edit -> admin@pds| ABGH
[2025-09-23 16:42:57] User -> FPS Edit -> admin@pds| ABGH
[2025-09-23 16:42:57] User -> FPS Edit -> admin@pds| ABGH
[2025-09-23 16:42:57] User -> FPS Edit -> admin@pds| ABGH
[2025-09-23 16:42:57] User -> FPS Edit -> admin@pds| ABGH
[2025-09-23 16:42:57] User -> FPS Edit -> admin@pds| ABGH
[2025-09-23 16:42:57] User -> FPS Edit -> admin@pds| ABGH
[2025-09-23 16:42:57] User -> FPS Edit -> admin@pds| ABGH
[2025-09-23 16:42:57] User -> FPS Edit -> admin@pds| ABGH
[2025-09-23 16:42:57] User -> FPS Edit -> admin@pds| ABGH
[2025-09-23 16:42:57] User -> FPS Edit -> admin@pds| ABGH
[2025-09-23 16:42:57] User -> FPS Edit -> admin@pds| ABGH
[2025-09-23 16:42:57] User -> FPS Edit -> admin@pds| ABGH
[2025-09-23 16:42:57] User -> FPS Edit -> admin@pds| ABGH
[2025-09-23 16:42:57] User -> FPS Edit -> admin@pds| ABGH
[2025-09-23 16:42:57] User -> FPS Edit -> admin@pds| ABGH
[2025-09-23 16:42:57] User -> FPS Edit -> admin@pds| ABGH
[2025-09-23 16:42:57] User -> FPS Edit -> admin@pds| ABGH
[2025-09-23 16:42:57] User -> FPS Edit -> admin@pds| ABGH
[2025-09-23 16:42:57] User -> FPS Edit -> admin@pds| ABGH
[2025-09-23 16:42:57] User -> FPS Edit -> admin@pds| ABGH
[2025-09-23 16:42:57] User -> FPS Edit -> admin@pds| ABGH
[2025-09-23 16:42:57] User -> FPS Edit -> admin@pds| ABGH
[2025-09-23 16:42:57] User -> FPS Edit -> admin@pds| ABGH
[2025-09-23 16:42:57] User -> FPS Edit -> admin@pds| ABGH
[2025-09-23 16:42:57] User -> FPS Edit -> admin@pds| ABGH
[2025-09-23 16:42:57] User -> FPS Edit -> admin@pds| ABGH
[2025-09-23 16:42:57] User -> FPS Edit -> admin@pds| ABGH
[2025-09-23 16:42:57] User -> FPS Edit -> admin@pds| ABGH
[2025-09-23 16:42:57] User -> FPS Edit -> admin@pds| ABGH
[2025-09-23 16:42:57] User -> FPS Edit -> admin@pds| ABGH
[2025-09-23 16:42:57] User -> FPS Edit -> admin@pds| ABGH
[2025-09-23 16:42:57] User -> FPS Edit -> admin@pds| ABGH
[2025-09-23 16:42:57] User -> FPS Edit -> admin@pds| ABGH
[2025-09-23 16:42:57] User -> FPS Edit -> admin@pds| ABGH
[2025-09-23 16:42:57] User -> FPS Edit -> admin@pds| ABGH
[2025-09-23 16:42:57] User -> FPS Edit -> admin@pds| ABGH
[2025-09-23 16:42:57] User -> FPS Edit -> admin@pds| ABGH
[2025-09-23 16:42:57] User -> FPS Edit -> admin@pds| ABGH
[2025-09-23 16:42:57] User -> FPS Edit -> admin@pds| ABGH
[2025-09-23 16:42:57] User -> FPS Edit -> admin@pds| ABGH
[2025-09-23 16:42:57] User -> FPS Edit -> admin@pds| ABGH
[2025-09-23 16:42:57] User -> FPS Edit -> admin@pds| ABGH
[2025-09-23 16:42:57] User -> FPS Edit -> admin@pds| ABGH
[2025-09-23 16:42:57] User -> FPS Edit -> admin@pds| ABGH
[2025-09-23 16:42:57] User -> FPS Edit -> admin@pds| ABGH
[2025-09-23 16:42:57] User -> FPS Edit -> admin@pds| ABGH
[2025-09-23 16:42:57] User -> FPS Edit -> admin@pds| ABGH
[2025-09-23 16:42:57] User -> FPS Edit -> admin@pds| ABGH
[2025-09-23 16:42:57] User -> FPS Edit -> admin@pds| ABGH
[2025-09-23 16:42:57] User -> FPS Edit -> admin@pds| ABGH
[2025-09-23 16:42:57] User -> FPS Edit -> admin@pds| ABGH
[2025-09-23 16:42:57] User -> FPS Edit -> admin@pds| ABGH
[2025-09-23 16:42:57] User -> FPS Edit -> admin@pds| ABGH
[2025-09-23 16:42:57] User -> FPS Edit -> admin@pds| ABGH
[2025-09-23 16:42:57] User -> FPS Edit -> admin@pds| ABGH
[2025-09-23 16:42:57] User -> FPS Edit -> admin@pds| ABGH
[2025-09-23 16:42:57] User -> FPS Edit -> admin@pds| ABGH
[2025-09-23 16:49:06] User -> Warehouse deleted -> admin@pds| Requested
JSON -> {"uid":"all"} | all
[2025-09-23 16:49:26] User -> Warehouse Added -> | G_Rice_A/B
[2025-09-23 16:49:26] User -> Warehouse Added -> | Rice_HO_Khumbathang
[2025-09-23 16:49:26] User -> Warehouse Added -> | ABG
[2025-09-23 16:49:26] User -> Warehouse Added -> | ABG
[2025-09-23 16:49:26] User -> Warehouse Added -> | ABG
[2025-09-23 16:49:26] User -> Warehouse Added -> | ABG
[2025-09-23 16:49:26] User -> Warehouse Added -> | ABG
[2025-09-23 16:50:25] User -> Warehouse Edit -> admin@pds| G_Rice_A/B
[2025-09-23 16:50:25] User -> Warehouse Edit -> admin@pds| Rice_HO_Khumbathang
[2025-09-23 16:50:25] User -> Warehouse Edit -> admin@pds| ABG
[2025-09-23 16:50:25] User -> Warehouse Edit -> admin@pds| ABG
[2025-09-23 16:50:25] User -> Warehouse Edit -> admin@pds| ABG
[2025-09-23 16:50:25] User -> Warehouse Edit -> admin@pds| ABG
[2025-09-23 16:50:25] User -> Warehouse Edit -> admin@pds| ABG
[2025-09-23 16:50:55] User -> Warehouse added ->admin@pds| Requested
JSON -> {"name":"gfhdrthrthrh","type":"motorable","latitude":"13","storage":"2354","district":"Kargil","id":"999999","warehousetype":"swc","longitude":"12"}
[2025-09-23 16:51:15] User -> Warehouse deleted -> admin@pds| Requested
JSON -> {"uid":"WH_68d28297e5bc"} | Gfhdrthrthrh
[2025-09-23 16:52:02] User -> District added ->admin@pds| Requested JSON -> {"name":"ghdhfdgh"}
