[2025-03-10 22:41:41] District_User -> Warehouse added ->Leh@pds|
Requested JSON -> {"name":"Arjun","type":"motorable","latitude":"20.95735","storage":"250","district":"Leh","id":"admin@pds","warehousetype":"swc","longitude":"84.65484"}
[2025-03-10 22:47:20] District User -> Warehouse InActive -> Leh@pds| G_Rice_A/B
[2025-03-10 22:49:14] District User -> Warehouse Edit->Leh@pds|
Requested JSON -> {"name":"Arjun Upadhyay","uniqueid":"WH_67cf1d4d49d0","active":"1","type":"motorable","latitude":"20.95735","storage":"250","district":"Leh","id":"admin@pds","warehousetype":"swc","longitude":"84.65484"}
[2025-03-10 22:56:02] District_User -> Warehouse added ->Leh@pds|
Requested JSON -> {"name":"Testing","type":"motorable","latitude":"20.95735","storage":"20","district":"Leh","id":"Leh@pds","warehousetype":"swc","longitude":"31"}
[2025-03-10 22:58:00] District_User -> Warehouse added ->Leh@pds|
Requested JSON -> {"name":"Ankush Upadhyay","type":"motorable","latitude":"20.95735","storage":"250","district":"Leh","id":"Leh@pds","warehousetype":"swc","longitude":"84.903912"}
[2025-03-10 22:58:06] District User -> Warehouse deleted -> Leh@pds| Requested JSON -> {"uid":"WH_67cf2120ab47"} | Ankush Upadhyay
[2025-03-10 23:01:41] District User -> Warehouse Added -> Leh@pds| Arjun Upadhyay
[2025-03-10 23:02:15] District User -> Warehouse deleted -> Leh@pds| Requested JSON -> {"uid":"all"} | all
[2025-03-10 23:02:37] District User -> Warehouse Added -> Leh@pds| G_Rice_A/B
[2025-03-10 23:02:37] District User -> Warehouse Added -> Leh@pds| ABG
[2025-03-10 23:02:37] District User -> Warehouse Added -> Leh@pds| ABG
[2025-03-10 23:02:37] District User -> Warehouse Added -> Leh@pds| Arjun Upadhyay
[2025-03-10 23:05:10] District User -> Warehouse Edit -> Leh@pds| G_Rice_A/B
[2025-03-10 23:05:10] District User -> Warehouse Edit -> Leh@pds| ABG
[2025-03-10 23:05:10] District User -> Warehouse Edit -> Leh@pds| ABG
[2025-03-10 23:05:10] District User -> Warehouse Edit -> Leh@pds| Arjun Upadhyay
[2025-03-10 23:07:22] District User -> FPS added ->Leh@pds|
Requested JSON -> {"name":"ABGH","type":"Normal FPS","latitude":"20.95735","longitude":"84.65484","district":"Leh","id":"Leh@pds","demand":"22","demand_rice":"0","demand_frice":"27"}
[2025-03-10 23:09:44] District User -> FPS InActive -> Leh@pds| ABGH
[2025-03-10 23:09:45] District User -> FPS InActive -> Leh@pds| ABGH
[2025-03-10 23:09:47] District User -> FPS InActive -> Leh@pds| ABGH
[2025-03-10 23:09:51] District User -> FPS InActive -> Leh@pds| ABGH
[2025-03-10 23:11:04] District User -> FPS Edit->Leh@pds|
Requested JSON -> {"name":"Ankush","uniqueid":"FPS_67cf0e48336","active":"0","type":"Model FPS","latitude":"34.160296","longitude":"77.587168","district":"Leh","id":"1.003E+11","demand":"71.28","demand_rice":"50.82","demand_frice":"50.82"}
[2025-03-10 23:11:54] District User -> FPS Edit->Leh@pds|
Requested JSON -> {"name":"ankush","uniqueid":"FPS_67cf0eb2749","active":"0","type":"Model FPS","latitude":"34.160354","longitude":"77.587215","district":"Leh","id":"100300100002","demand":"81.69","demand_rice":"58.86","demand_frice":"58.86"}
[2025-03-10 23:14:49] District User -> FPS Active -> Leh@pds| Ankush
[2025-03-10 23:14:53] District User -> FPS Active -> Leh@pds| ABGH
[2025-03-10 23:15:03] District User -> FPS Active -> Leh@pds| ABGH
[2025-03-10 23:15:05] District User -> FPS Active -> Leh@pds| Ankush
[2025-03-10 23:20:19] District User -> FPS added ->Leh@pds|
Requested JSON -> {"name":"Ankush","type":"Normal FPS","latitude":"10","longitude":"10","district":"Leh","id":"jjugu","demand":"10","demand_rice":"10","demand_frice":"10"}
[2025-03-10 23:20:45] district_user -> FPS deleted -> Leh@pds|
Requested JSON -> {"uid":"FPS_67cf265baa3"} | Ankush
[2025-03-10 23:21:01] district_user -> FPS deleted -> Leh@pds|
Requested JSON -> {"uid":"all"} | all
[2025-03-10 23:41:04] district_user -> FPS deleted -> Leh@pds|
Requested JSON -> {"uid":"all"} | all
[2025-03-10 23:41:14] District User -> FPS Added -> Leh@pds| Ankush
[2025-03-10 23:41:14] District User -> FPS Added -> Leh@pds| ABGH
[2025-03-10 23:41:14] District User -> FPS Added -> Leh@pds| ABGH
[2025-03-10 23:41:14] District User -> FPS Added -> Leh@pds| Ankush
[2025-03-10 23:41:14] District User -> FPS Added -> Leh@pds| ABGH
[2025-03-10 23:41:14] District User -> FPS Added -> Leh@pds| ABGH
[2025-03-10 23:41:14] District User -> FPS Added -> Leh@pds| ABGH
[2025-03-10 23:41:14] District User -> FPS Added -> Leh@pds| ABGH
[2025-03-10 23:41:14] District User -> FPS Added -> Leh@pds| ABGH
[2025-03-10 23:41:14] District User -> FPS Added -> Leh@pds| ABGH
[2025-03-10 23:41:14] District User -> FPS Added -> Leh@pds| ABGH
[2025-03-10 23:41:14] District User -> FPS Added -> Leh@pds| ABGH
[2025-03-10 23:41:14] District User -> FPS Added -> Leh@pds| ABGH
[2025-03-10 23:41:14] District User -> FPS Added -> Leh@pds| ABGH
[2025-03-10 23:41:14] District User -> FPS Added -> Leh@pds| ABGH
[2025-03-10 23:41:14] District User -> FPS Added -> Leh@pds| ABGH
[2025-03-10 23:41:14] District User -> FPS Added -> Leh@pds| ABGH
[2025-03-10 23:41:14] District User -> FPS Added -> Leh@pds| ABGH
[2025-03-10 23:41:14] District User -> FPS Added -> Leh@pds| ABGH
[2025-03-10 23:41:14] District User -> FPS Added -> Leh@pds| ABGH
[2025-03-10 23:41:14] District User -> FPS Added -> Leh@pds| ABGH
[2025-03-10 23:41:14] District User -> FPS Added -> Leh@pds| ABGH
[2025-03-10 23:41:14] District User -> FPS Added -> Leh@pds| ABGH
[2025-03-10 23:41:14] District User -> FPS Added -> Leh@pds| ABGH
[2025-03-10 23:41:14] District User -> FPS Added -> Leh@pds| ABGH
[2025-03-10 23:41:14] District User -> FPS Added -> Leh@pds| ABGH
[2025-03-10 23:41:14] District User -> FPS Added -> Leh@pds| ABGH
[2025-03-10 23:41:14] District User -> FPS Added -> Leh@pds| ABGH
[2025-03-10 23:41:14] District User -> FPS Added -> Leh@pds| ABGH
[2025-03-10 23:41:14] District User -> FPS Added -> Leh@pds| ABGH
[2025-03-10 23:41:14] District User -> FPS Added -> Leh@pds| ABGH
[2025-03-10 23:41:14] District User -> FPS Added -> Leh@pds| ABGH
[2025-03-10 23:41:14] District User -> FPS Added -> Leh@pds| ABGH
[2025-03-10 23:41:14] District User -> FPS Added -> Leh@pds| ABGH
[2025-03-10 23:41:14] District User -> FPS Added -> Leh@pds| ABGH
[2025-03-10 23:41:14] District User -> FPS Added -> Leh@pds| ABGH
[2025-03-10 23:41:14] District User -> FPS Added -> Leh@pds| ABGH
[2025-03-10 23:41:14] District User -> FPS Added -> Leh@pds| ABGH
[2025-03-10 23:41:14] District User -> FPS Added -> Leh@pds| ABGH
[2025-03-10 23:41:14] District User -> FPS Added -> Leh@pds| ABGH
[2025-03-10 23:41:14] District User -> FPS Added -> Leh@pds| ABGH
[2025-03-10 23:41:14] District User -> FPS Added -> Leh@pds| ABGH
[2025-03-10 23:41:14] District User -> FPS Added -> Leh@pds| ABGH
[2025-03-10 23:41:14] District User -> FPS Added -> Leh@pds| ABGH
[2025-03-10 23:41:14] District User -> FPS Added -> Leh@pds| ABGH
[2025-03-10 23:41:14] District User -> FPS Added -> Leh@pds| ABGH
[2025-03-10 23:41:15] District User -> FPS Added -> Leh@pds| ABGH
[2025-03-10 23:41:15] District User -> FPS Added -> Leh@pds| ABGH
[2025-03-10 23:41:15] District User -> FPS Added -> Leh@pds| ABGH
[2025-03-10 23:41:15] District User -> FPS Added -> Leh@pds| ABGH
[2025-03-10 23:41:15] District User -> FPS Added -> Leh@pds| ABGH
[2025-03-10 23:41:15] District User -> FPS Added -> Leh@pds| ABGH
[2025-03-10 23:41:15] District User -> FPS Added -> Leh@pds| ABGH
[2025-03-10 23:41:15] District User -> FPS Added -> Leh@pds| ABGH
[2025-03-10 23:41:15] District User -> FPS Added -> Leh@pds| ABGH
[2025-03-10 23:41:15] District User -> FPS Added -> Leh@pds| ABGH
[2025-03-10 23:41:15] District User -> FPS Added -> Leh@pds| ABGH
[2025-03-10 23:41:15] District User -> FPS Added -> Leh@pds| ABGH
[2025-03-10 23:41:15] District User -> FPS Added -> Leh@pds| ABGH
[2025-03-10 23:41:15] District User -> FPS Added -> Leh@pds| ABGH
[2025-03-10 23:41:15] District User -> FPS Added -> Leh@pds| ABGH
[2025-03-10 23:41:15] District User -> FPS Added -> Leh@pds| ABGH
[2025-03-10 23:41:15] District User -> FPS Added -> Leh@pds| ABGH
[2025-03-10 23:41:15] District User -> FPS Added -> Leh@pds| ABGH
[2025-03-10 23:41:15] District User -> FPS Added -> Leh@pds| ABGH
[2025-03-10 23:41:15] District User -> FPS Added -> Leh@pds| ABGH
[2025-03-10 23:41:15] District User -> FPS Added -> Leh@pds| ABGH
[2025-03-10 23:41:15] District User -> FPS Added -> Leh@pds| ABGH
[2025-03-10 23:41:15] District User -> FPS Added -> Leh@pds| ABGH
[2025-03-10 23:41:15] District User -> FPS Added -> Leh@pds| ABGH
[2025-03-10 23:41:15] District User -> FPS Added -> Leh@pds| ABGH
[2025-03-10 23:41:15] District User -> FPS Added -> Leh@pds| ABGH
[2025-03-10 23:41:15] District User -> FPS Added -> Leh@pds| ABGH
[2025-03-10 23:41:15] District User -> FPS Added -> Leh@pds| ABGH
[2025-03-10 23:41:15] District User -> FPS Added -> Leh@pds| ABGH
[2025-03-10 23:41:15] District User -> FPS Added -> Leh@pds| ABGH
[2025-03-10 23:41:15] District User -> FPS Added -> Leh@pds| ABGH
[2025-03-10 23:41:15] District User -> FPS Added -> Leh@pds| ABGH
[2025-03-10 23:41:15] District User -> FPS Added -> Leh@pds| ABGH
[2025-03-10 23:41:15] District User -> FPS Added -> Leh@pds| ABGH
[2025-03-10 23:41:15] District User -> FPS Added -> Leh@pds| ABGH
[2025-03-10 23:41:15] District User -> FPS Added -> Leh@pds| ABGH
[2025-03-10 23:41:15] District User -> FPS Added -> Leh@pds| ABGH
[2025-03-10 23:41:15] District User -> FPS Added -> Leh@pds| ABGH
[2025-03-10 23:41:15] District User -> FPS Added -> Leh@pds| ABGH
[2025-03-10 23:41:15] District User -> FPS Added -> Leh@pds| ABGH
[2025-03-10 23:41:15] District User -> FPS Added -> Leh@pds| ABGH
[2025-03-10 23:41:15] District User -> FPS Added -> Leh@pds| ABGH
[2025-03-10 23:41:15] District User -> FPS Added -> Leh@pds| ABGH
[2025-03-10 23:41:15] District User -> FPS Added -> Leh@pds| ABGH
[2025-03-10 23:41:15] District User -> FPS Added -> Leh@pds| ABGH
[2025-03-10 23:41:15] District User -> FPS Added -> Leh@pds| ABGH
[2025-03-10 23:41:15] District User -> FPS Added -> Leh@pds| ABGH
[2025-03-10 23:41:15] District User -> FPS Added -> Leh@pds| ABGH
[2025-03-10 23:41:15] District User -> FPS Added -> Leh@pds| ABGH
[2025-03-10 23:41:15] District User -> FPS Added -> Leh@pds| ABGH
[2025-03-10 23:41:15] District User -> FPS Added -> Leh@pds| ABGH
[2025-03-10 23:41:15] District User -> FPS Added -> Leh@pds| ABGH
[2025-03-10 23:41:15] District User -> FPS Added -> Leh@pds| ABGH
[2025-03-10 23:41:15] District User -> FPS Added -> Leh@pds| ABGH
[2025-03-10 23:41:15] District User -> FPS Added -> Leh@pds| ABGH
[2025-03-10 23:41:15] District User -> FPS Added -> Leh@pds| ABGH
[2025-03-10 23:41:15] District User -> FPS Added -> Leh@pds| ABGH
[2025-03-10 23:41:15] District User -> FPS Added -> Leh@pds| ABGH
[2025-03-10 23:41:15] District User -> FPS Added -> Leh@pds| ABGH
[2025-03-10 23:41:15] District User -> FPS Added -> Leh@pds| ABGH
[2025-03-10 23:41:15] District User -> FPS Added -> Leh@pds| ABGH
[2025-03-10 23:41:15] District User -> FPS Added -> Leh@pds| ABGH
[2025-03-10 23:41:15] District User -> FPS Added -> Leh@pds| ABGH
[2025-03-10 23:41:15] District User -> FPS Added -> Leh@pds| ABGH
[2025-03-10 23:41:15] District User -> FPS Added -> Leh@pds| ABGH
[2025-03-10 23:41:15] District User -> FPS Added -> Leh@pds| ABGH
[2025-03-10 23:41:15] District User -> FPS Added -> Leh@pds| ABGH
[2025-03-10 23:41:15] District User -> FPS Added -> Leh@pds| ABGH
[2025-03-10 23:41:15] District User -> FPS Added -> Leh@pds| ABGH
[2025-03-10 23:41:15] District User -> FPS Added -> Leh@pds| ABGH
[2025-03-10 23:41:15] District User -> FPS Added -> Leh@pds| ABGH
[2025-03-10 23:41:15] District User -> FPS Added -> Leh@pds| ABGH
[2025-03-10 23:41:15] District User -> FPS Added -> Leh@pds| ABGH
[2025-03-10 23:41:15] District User -> FPS Added -> Leh@pds| ABGH
[2025-03-10 23:41:15] District User -> FPS Added -> Leh@pds| ABGH
[2025-03-10 23:41:15] District User -> FPS Added -> Leh@pds| ABGH
[2025-03-10 23:41:15] District User -> FPS Added -> Leh@pds| ABGH
[2025-03-10 23:41:15] District User -> FPS Added -> Leh@pds| ABGH
[2025-03-10 23:41:15] District User -> FPS Added -> Leh@pds| ABGH
[2025-03-10 23:41:15] District User -> FPS Added -> Leh@pds| ABGH
[2025-03-10 23:41:15] District User -> FPS Added -> Leh@pds| ABGH
[2025-03-10 23:41:15] District User -> FPS Added -> Leh@pds| ABGH
[2025-03-10 23:41:15] District User -> FPS Added -> Leh@pds| ABGH
[2025-03-10 23:41:15] District User -> FPS Added -> Leh@pds| ABGH
[2025-03-10 23:41:15] District User -> FPS Added -> Leh@pds| ABGH
[2025-03-10 23:41:15] District User -> FPS Added -> Leh@pds| ABGH
[2025-03-10 23:41:15] District User -> FPS Added -> Leh@pds| ABGH
[2025-03-10 23:41:15] District User -> FPS Added -> Leh@pds| ABGH
[2025-03-10 23:41:15] District User -> FPS Added -> Leh@pds| ABGH
[2025-03-10 23:41:15] District User -> FPS Added -> Leh@pds| ABGH
[2025-03-10 23:41:15] District User -> FPS Added -> Leh@pds| ABGH
[2025-03-10 23:41:15] District User -> FPS Added -> Leh@pds| ABGH
[2025-03-10 23:41:15] District User -> FPS Added -> Leh@pds| ABGH
[2025-03-10 23:41:15] District User -> FPS Added -> Leh@pds| ABGH
[2025-03-10 23:41:15] District User -> FPS Added -> Leh@pds| ABGH
[2025-03-10 23:41:15] District User -> FPS Added -> Leh@pds| ABGH
[2025-03-10 23:41:15] District User -> FPS Added -> Leh@pds| ABGH
[2025-03-10 23:41:15] District User -> FPS Added -> Leh@pds| ABGH
[2025-03-10 23:41:15] District User -> FPS Added -> Leh@pds| ABGH
[2025-03-10 23:41:15] District User -> FPS Added -> Leh@pds| ABGH
[2025-03-10 23:41:15] District User -> FPS Added -> Leh@pds| ABGH
[2025-03-10 23:41:15] District User -> FPS Added -> Leh@pds| ABGH
[2025-03-10 23:41:15] District User -> FPS Added -> Leh@pds| ABGH
[2025-03-10 23:41:15] District User -> FPS Added -> Leh@pds| ABGH
[2025-03-10 23:41:15] District User -> FPS Added -> Leh@pds| ABGH
[2025-03-10 23:41:15] District User -> FPS Added -> Leh@pds| ABGH
[2025-03-10 23:41:15] District User -> FPS Added -> Leh@pds| ABGH
[2025-03-10 23:41:15] District User -> FPS Added -> Leh@pds| ABGH
[2025-03-10 23:41:15] District User -> FPS Added -> Leh@pds| ABGH
[2025-03-10 23:41:15] District User -> FPS Added -> Leh@pds| ABGH
[2025-03-10 23:41:15] District User -> FPS Added -> Leh@pds| ABGH
[2025-03-10 23:41:15] District User -> FPS Added -> Leh@pds| ABGH
[2025-03-10 23:41:15] District User -> FPS Added -> Leh@pds| ABGH
[2025-03-10 23:41:15] District User -> FPS Added -> Leh@pds| ABGH
[2025-03-10 23:41:15] District User -> FPS Added -> Leh@pds| ABGH
[2025-03-10 23:41:15] District User -> FPS Added -> Leh@pds| ABGH
[2025-03-10 23:41:15] District User -> FPS Added -> Leh@pds| ABGH
[2025-03-10 23:41:15] District User -> FPS Added -> Leh@pds| ABGH
[2025-03-10 23:41:15] District User -> FPS Added -> Leh@pds| ABGH
[2025-03-10 23:41:15] District User -> FPS Added -> Leh@pds| ABGH
[2025-03-10 23:41:15] District User -> FPS Added -> Leh@pds| ABGH
[2025-03-10 23:41:15] District User -> FPS Added -> Leh@pds| ABGH
[2025-03-10 23:41:15] District User -> FPS Added -> Leh@pds| ABGH
[2025-03-10 23:41:15] District User -> FPS Added -> Leh@pds| ABGH
[2025-03-10 23:41:15] District User -> FPS Added -> Leh@pds| ABGH
[2025-03-10 23:41:15] District User -> FPS Added -> Leh@pds| ABGH
[2025-03-10 23:41:15] District User -> FPS Added -> Leh@pds| ABGH
[2025-03-10 23:41:15] District User -> FPS Added -> Leh@pds| ABGH
[2025-03-10 23:41:15] District User -> FPS Added -> Leh@pds| ABGH
[2025-03-10 23:41:15] District User -> FPS Added -> Leh@pds| ABGH
[2025-03-10 23:41:15] District User -> FPS Added -> Leh@pds| ABGH
[2025-03-10 23:41:15] District User -> FPS Added -> Leh@pds| ABGH
[2025-03-10 23:41:15] District User -> FPS Added -> Leh@pds| ABGH
[2025-03-10 23:41:15] District User -> FPS Added -> Leh@pds| ABGH
[2025-03-10 23:41:15] District User -> FPS Added -> Leh@pds| ABGH
[2025-03-10 23:41:15] District User -> FPS Added -> Leh@pds| ABGH
[2025-03-10 23:41:16] District User -> FPS Added -> Leh@pds| ABGH
[2025-03-10 23:41:16] District User -> FPS Added -> Leh@pds| ABGH
[2025-03-10 23:41:16] District User -> FPS Added -> Leh@pds| ABGH
[2025-03-10 23:41:16] District User -> FPS Added -> Leh@pds| ABGH
[2025-03-10 23:41:16] District User -> FPS Added -> Leh@pds| ABGH
[2025-03-10 23:41:16] District User -> FPS Added -> Leh@pds| ABGH
[2025-03-10 23:41:16] District User -> FPS Added -> Leh@pds| ABGH
[2025-03-10 23:41:16] District User -> FPS Added -> Leh@pds| ABGH
[2025-03-10 23:41:16] District User -> FPS Added -> Leh@pds| ABGH
[2025-03-10 23:41:16] District User -> FPS Added -> Leh@pds| ABGH
[2025-03-10 23:41:16] District User -> FPS Added -> Leh@pds| ABGH
[2025-03-10 23:41:16] District User -> FPS Added -> Leh@pds| ABGH
[2025-03-10 23:41:16] District User -> FPS Added -> Leh@pds| ABGH
[2025-03-10 23:41:16] District User -> FPS Added -> Leh@pds| ABGH
[2025-03-10 23:41:16] District User -> FPS Added -> Leh@pds| ABGH
[2025-03-10 23:41:16] District User -> FPS Added -> Leh@pds| ABGH
[2025-03-10 23:41:16] District User -> FPS Added -> Leh@pds| ABGH
[2025-03-10 23:41:16] District User -> FPS Added -> Leh@pds| ABGH
[2025-03-10 23:41:16] District User -> FPS Added -> Leh@pds| ABGH
[2025-03-10 23:41:16] District User -> FPS Added -> Leh@pds| ABGH
[2025-03-10 23:41:16] District User -> FPS Added -> Leh@pds| ABGH
[2025-03-10 23:41:16] District User -> FPS Added -> Leh@pds| ABGH
[2025-03-10 23:41:16] District User -> FPS Added -> Leh@pds| ABGH
[2025-03-10 23:41:16] District User -> FPS Added -> Leh@pds| ABGH
[2025-03-10 23:41:16] District User -> FPS Added -> Leh@pds| ABGH
[2025-03-10 23:43:08] District User -> FPS Edit -> Leh@pds| Ankush
[2025-03-10 23:43:08] District User -> FPS Edit -> Leh@pds| ABGH
[2025-03-10 23:43:08] District User -> FPS Edit -> Leh@pds| ABGH
[2025-03-10 23:43:08] District User -> FPS Edit -> Leh@pds| Ankush
[2025-03-10 23:43:08] District User -> FPS Edit -> Leh@pds| ABGH
[2025-03-10 23:43:08] District User -> FPS Edit -> Leh@pds| ABGH
[2025-03-10 23:43:08] District User -> FPS Edit -> Leh@pds| ABGH
[2025-03-10 23:43:08] District User -> FPS Edit -> Leh@pds| ABGH
[2025-03-10 23:43:08] District User -> FPS Edit -> Leh@pds| ABGH
[2025-03-10 23:43:08] District User -> FPS Edit -> Leh@pds| ABGH
[2025-03-10 23:43:08] District User -> FPS Edit -> Leh@pds| ABGH
[2025-03-10 23:43:08] District User -> FPS Edit -> Leh@pds| ABGH
[2025-03-10 23:43:08] District User -> FPS Edit -> Leh@pds| ABGH
[2025-03-10 23:43:08] District User -> FPS Edit -> Leh@pds| ABGH
[2025-03-10 23:43:08] District User -> FPS Edit -> Leh@pds| ABGH
[2025-03-10 23:43:08] District User -> FPS Edit -> Leh@pds| ABGH
[2025-03-10 23:43:08] District User -> FPS Edit -> Leh@pds| ABGH
[2025-03-10 23:43:08] District User -> FPS Edit -> Leh@pds| ABGH
[2025-03-10 23:43:08] District User -> FPS Edit -> Leh@pds| ABGH
[2025-03-10 23:43:08] District User -> FPS Edit -> Leh@pds| ABGH
[2025-03-10 23:43:08] District User -> FPS Edit -> Leh@pds| ABGH
[2025-03-10 23:43:08] District User -> FPS Edit -> Leh@pds| ABGH
[2025-03-10 23:43:08] District User -> FPS Edit -> Leh@pds| ABGH
[2025-03-10 23:43:08] District User -> FPS Edit -> Leh@pds| ABGH
[2025-03-10 23:43:08] District User -> FPS Edit -> Leh@pds| ABGH
[2025-03-10 23:43:08] District User -> FPS Edit -> Leh@pds| ABGH
[2025-03-10 23:43:08] District User -> FPS Edit -> Leh@pds| ABGH
[2025-03-10 23:43:08] District User -> FPS Edit -> Leh@pds| ABGH
[2025-03-10 23:43:08] District User -> FPS Edit -> Leh@pds| ABGH
[2025-03-10 23:43:08] District User -> FPS Edit -> Leh@pds| ABGH
[2025-03-10 23:43:08] District User -> FPS Edit -> Leh@pds| ABGH
[2025-03-10 23:43:08] District User -> FPS Edit -> Leh@pds| ABGH
[2025-03-10 23:43:09] District User -> FPS Edit -> Leh@pds| ABGH
[2025-03-10 23:43:09] District User -> FPS Edit -> Leh@pds| ABGH
[2025-03-10 23:43:09] District User -> FPS Edit -> Leh@pds| ABGH
[2025-03-10 23:43:09] District User -> FPS Edit -> Leh@pds| ABGH
[2025-03-10 23:43:09] District User -> FPS Edit -> Leh@pds| ABGH
[2025-03-10 23:43:09] District User -> FPS Edit -> Leh@pds| ABGH
[2025-03-10 23:43:09] District User -> FPS Edit -> Leh@pds| ABGH
[2025-03-10 23:43:09] District User -> FPS Edit -> Leh@pds| ABGH
[2025-03-10 23:43:09] District User -> FPS Edit -> Leh@pds| ABGH
[2025-03-10 23:43:09] District User -> FPS Edit -> Leh@pds| ABGH
[2025-03-10 23:43:09] District User -> FPS Edit -> Leh@pds| ABGH
[2025-03-10 23:43:09] District User -> FPS Edit -> Leh@pds| ABGH
[2025-03-10 23:43:09] District User -> FPS Edit -> Leh@pds| ABGH
[2025-03-10 23:43:09] District User -> FPS Edit -> Leh@pds| ABGH
[2025-03-10 23:43:09] District User -> FPS Edit -> Leh@pds| ABGH
[2025-03-10 23:43:09] District User -> FPS Edit -> Leh@pds| ABGH
[2025-03-10 23:43:09] District User -> FPS Edit -> Leh@pds| ABGH
[2025-03-10 23:43:09] District User -> FPS Edit -> Leh@pds| ABGH
[2025-03-10 23:43:09] District User -> FPS Edit -> Leh@pds| ABGH
[2025-03-10 23:43:09] District User -> FPS Edit -> Leh@pds| ABGH
[2025-03-10 23:43:09] District User -> FPS Edit -> Leh@pds| ABGH
[2025-03-10 23:43:09] District User -> FPS Edit -> Leh@pds| ABGH
[2025-03-10 23:43:09] District User -> FPS Edit -> Leh@pds| ABGH
[2025-03-10 23:43:09] District User -> FPS Edit -> Leh@pds| ABGH
[2025-03-10 23:43:09] District User -> FPS Edit -> Leh@pds| ABGH
[2025-03-10 23:43:09] District User -> FPS Edit -> Leh@pds| ABGH
[2025-03-10 23:43:09] District User -> FPS Edit -> Leh@pds| ABGH
[2025-03-10 23:43:09] District User -> FPS Edit -> Leh@pds| ABGH
[2025-03-10 23:43:09] District User -> FPS Edit -> Leh@pds| ABGH
[2025-03-10 23:43:09] District User -> FPS Edit -> Leh@pds| ABGH
[2025-03-10 23:43:09] District User -> FPS Edit -> Leh@pds| ABGH
[2025-03-10 23:43:09] District User -> FPS Edit -> Leh@pds| ABGH
[2025-03-10 23:43:09] District User -> FPS Edit -> Leh@pds| ABGH
[2025-03-10 23:43:09] District User -> FPS Edit -> Leh@pds| ABGH
[2025-03-10 23:43:09] District User -> FPS Edit -> Leh@pds| ABGH
[2025-03-10 23:43:09] District User -> FPS Edit -> Leh@pds| ABGH
[2025-03-10 23:43:09] District User -> FPS Edit -> Leh@pds| ABGH
[2025-03-10 23:43:09] District User -> FPS Edit -> Leh@pds| ABGH
[2025-03-10 23:43:09] District User -> FPS Edit -> Leh@pds| ABGH
[2025-03-10 23:43:09] District User -> FPS Edit -> Leh@pds| ABGH
[2025-03-10 23:43:09] District User -> FPS Edit -> Leh@pds| ABGH
[2025-03-10 23:43:09] District User -> FPS Edit -> Leh@pds| ABGH
[2025-03-10 23:43:09] District User -> FPS Edit -> Leh@pds| ABGH
[2025-03-10 23:43:09] District User -> FPS Edit -> Leh@pds| ABGH
[2025-03-10 23:43:09] District User -> FPS Edit -> Leh@pds| ABGH
[2025-03-10 23:43:09] District User -> FPS Edit -> Leh@pds| ABGH
[2025-03-10 23:43:09] District User -> FPS Edit -> Leh@pds| ABGH
[2025-03-10 23:43:09] District User -> FPS Edit -> Leh@pds| ABGH
[2025-03-10 23:43:09] District User -> FPS Edit -> Leh@pds| ABGH
[2025-03-10 23:43:09] District User -> FPS Edit -> Leh@pds| ABGH
[2025-03-10 23:43:09] District User -> FPS Edit -> Leh@pds| ABGH
[2025-03-10 23:43:09] District User -> FPS Edit -> Leh@pds| ABGH
[2025-03-10 23:43:09] District User -> FPS Edit -> Leh@pds| ABGH
[2025-03-10 23:43:09] District User -> FPS Edit -> Leh@pds| ABGH
[2025-03-10 23:43:09] District User -> FPS Edit -> Leh@pds| ABGH
[2025-03-10 23:43:09] District User -> FPS Edit -> Leh@pds| ABGH
[2025-03-10 23:43:09] District User -> FPS Edit -> Leh@pds| ABGH
[2025-03-10 23:43:09] District User -> FPS Edit -> Leh@pds| ABGH
[2025-03-10 23:43:09] District User -> FPS Edit -> Leh@pds| ABGH
[2025-03-10 23:43:09] District User -> FPS Edit -> Leh@pds| ABGH
[2025-03-10 23:43:09] District User -> FPS Edit -> Leh@pds| ABGH
[2025-03-10 23:43:09] District User -> FPS Edit -> Leh@pds| ABGH
[2025-03-10 23:43:09] District User -> FPS Edit -> Leh@pds| ABGH
[2025-03-10 23:43:09] District User -> FPS Edit -> Leh@pds| ABGH
[2025-03-10 23:43:09] District User -> FPS Edit -> Leh@pds| ABGH
[2025-03-10 23:43:09] District User -> FPS Edit -> Leh@pds| ABGH
[2025-03-10 23:43:09] District User -> FPS Edit -> Leh@pds| ABGH
[2025-03-10 23:43:09] District User -> FPS Edit -> Leh@pds| ABGH
[2025-03-10 23:43:09] District User -> FPS Edit -> Leh@pds| ABGH
[2025-03-10 23:43:09] District User -> FPS Edit -> Leh@pds| ABGH
[2025-03-10 23:43:09] District User -> FPS Edit -> Leh@pds| ABGH
[2025-03-10 23:43:09] District User -> FPS Edit -> Leh@pds| ABGH
[2025-03-10 23:43:09] District User -> FPS Edit -> Leh@pds| ABGH
[2025-03-10 23:43:09] District User -> FPS Edit -> Leh@pds| ABGH
[2025-03-10 23:43:09] District User -> FPS Edit -> Leh@pds| ABGH
[2025-03-10 23:43:09] District User -> FPS Edit -> Leh@pds| ABGH
[2025-03-10 23:43:09] District User -> FPS Edit -> Leh@pds| ABGH
[2025-03-10 23:43:09] District User -> FPS Edit -> Leh@pds| ABGH
[2025-03-10 23:43:09] District User -> FPS Edit -> Leh@pds| ABGH
[2025-03-10 23:43:09] District User -> FPS Edit -> Leh@pds| ABGH
[2025-03-10 23:43:09] District User -> FPS Edit -> Leh@pds| ABGH
[2025-03-10 23:43:09] District User -> FPS Edit -> Leh@pds| ABGH
[2025-03-10 23:43:09] District User -> FPS Edit -> Leh@pds| ABGH
[2025-03-10 23:43:09] District User -> FPS Edit -> Leh@pds| ABGH
[2025-03-10 23:43:09] District User -> FPS Edit -> Leh@pds| ABGH
[2025-03-10 23:43:09] District User -> FPS Edit -> Leh@pds| ABGH
[2025-03-10 23:43:09] District User -> FPS Edit -> Leh@pds| ABGH
[2025-03-10 23:43:09] District User -> FPS Edit -> Leh@pds| ABGH
[2025-03-10 23:43:09] District User -> FPS Edit -> Leh@pds| ABGH
[2025-03-10 23:43:09] District User -> FPS Edit -> Leh@pds| ABGH
[2025-03-10 23:43:09] District User -> FPS Edit -> Leh@pds| ABGH
[2025-03-10 23:43:09] District User -> FPS Edit -> Leh@pds| ABGH
[2025-03-10 23:43:09] District User -> FPS Edit -> Leh@pds| ABGH
[2025-03-10 23:43:09] District User -> FPS Edit -> Leh@pds| ABGH
[2025-03-10 23:43:09] District User -> FPS Edit -> Leh@pds| ABGH
[2025-03-10 23:43:09] District User -> FPS Edit -> Leh@pds| ABGH
[2025-03-10 23:43:09] District User -> FPS Edit -> Leh@pds| ABGH
[2025-03-10 23:43:09] District User -> FPS Edit -> Leh@pds| ABGH
[2025-03-10 23:43:09] District User -> FPS Edit -> Leh@pds| ABGH
[2025-03-10 23:43:09] District User -> FPS Edit -> Leh@pds| ABGH
[2025-03-10 23:43:09] District User -> FPS Edit -> Leh@pds| ABGH
[2025-03-10 23:43:09] District User -> FPS Edit -> Leh@pds| ABGH
[2025-03-10 23:43:09] District User -> FPS Edit -> Leh@pds| ABGH
[2025-03-10 23:43:09] District User -> FPS Edit -> Leh@pds| ABGH
[2025-03-10 23:43:09] District User -> FPS Edit -> Leh@pds| ABGH
[2025-03-10 23:43:09] District User -> FPS Edit -> Leh@pds| ABGH
[2025-03-10 23:43:09] District User -> FPS Edit -> Leh@pds| ABGH
[2025-03-10 23:43:09] District User -> FPS Edit -> Leh@pds| ABGH
[2025-03-10 23:43:09] District User -> FPS Edit -> Leh@pds| ABGH
[2025-03-10 23:43:09] District User -> FPS Edit -> Leh@pds| ABGH
[2025-03-10 23:43:09] District User -> FPS Edit -> Leh@pds| ABGH
[2025-03-10 23:43:09] District User -> FPS Edit -> Leh@pds| ABGH
[2025-03-10 23:43:09] District User -> FPS Edit -> Leh@pds| ABGH
[2025-03-10 23:43:09] District User -> FPS Edit -> Leh@pds| ABGH
[2025-03-10 23:43:09] District User -> FPS Edit -> Leh@pds| ABGH
[2025-03-10 23:43:09] District User -> FPS Edit -> Leh@pds| ABGH
[2025-03-10 23:43:09] District User -> FPS Edit -> Leh@pds| ABGH
[2025-03-10 23:43:09] District User -> FPS Edit -> Leh@pds| ABGH
[2025-03-10 23:43:09] District User -> FPS Edit -> Leh@pds| ABGH
[2025-03-10 23:43:09] District User -> FPS Edit -> Leh@pds| ABGH
[2025-03-10 23:43:09] District User -> FPS Edit -> Leh@pds| ABGH
[2025-03-10 23:43:09] District User -> FPS Edit -> Leh@pds| ABGH
[2025-03-10 23:43:09] District User -> FPS Edit -> Leh@pds| ABGH
[2025-03-10 23:43:09] District User -> FPS Edit -> Leh@pds| ABGH
[2025-03-10 23:43:09] District User -> FPS Edit -> Leh@pds| ABGH
[2025-03-10 23:43:09] District User -> FPS Edit -> Leh@pds| ABGH
[2025-03-10 23:43:09] District User -> FPS Edit -> Leh@pds| ABGH
[2025-03-10 23:43:09] District User -> FPS Edit -> Leh@pds| ABGH
[2025-03-10 23:43:09] District User -> FPS Edit -> Leh@pds| ABGH
[2025-03-10 23:43:09] District User -> FPS Edit -> Leh@pds| ABGH
[2025-03-10 23:43:09] District User -> FPS Edit -> Leh@pds| ABGH
[2025-03-10 23:43:09] District User -> FPS Edit -> Leh@pds| ABGH
[2025-03-10 23:43:09] District User -> FPS Edit -> Leh@pds| ABGH
[2025-03-10 23:43:09] District User -> FPS Edit -> Leh@pds| ABGH
[2025-03-10 23:43:09] District User -> FPS Edit -> Leh@pds| ABGH
[2025-03-10 23:43:09] District User -> FPS Edit -> Leh@pds| ABGH
[2025-03-10 23:43:09] District User -> FPS Edit -> Leh@pds| ABGH
[2025-03-10 23:43:09] District User -> FPS Edit -> Leh@pds| ABGH
[2025-03-10 23:43:09] District User -> FPS Edit -> Leh@pds| ABGH
[2025-03-10 23:43:09] District User -> FPS Edit -> Leh@pds| ABGH
[2025-03-10 23:43:09] District User -> FPS Edit -> Leh@pds| ABGH
[2025-03-10 23:43:09] District User -> FPS Edit -> Leh@pds| ABGH
[2025-03-10 23:43:09] District User -> FPS Edit -> Leh@pds| ABGH
[2025-03-10 23:43:09] District User -> FPS Edit -> Leh@pds| ABGH
[2025-03-10 23:43:09] District User -> FPS Edit -> Leh@pds| ABGH
[2025-03-10 23:43:09] District User -> FPS Edit -> Leh@pds| ABGH
[2025-03-10 23:43:09] District User -> FPS Edit -> Leh@pds| ABGH
[2025-03-10 23:43:09] District User -> FPS Edit -> Leh@pds| ABGH
[2025-03-10 23:43:09] District User -> FPS Edit -> Leh@pds| ABGH
[2025-03-10 23:43:09] District User -> FPS Edit -> Leh@pds| ABGH
[2025-03-10 23:43:09] District User -> FPS Edit -> Leh@pds| ABGH
[2025-03-10 23:43:09] District User -> FPS Edit -> Leh@pds| ABGH
[2025-03-10 23:43:09] District User -> FPS Edit -> Leh@pds| ABGH
[2025-03-10 23:43:09] District User -> FPS Edit -> Leh@pds| ABGH
[2025-03-10 23:43:09] District User -> FPS Edit -> Leh@pds| ABGH
[2025-03-10 23:43:09] District User -> FPS Edit -> Leh@pds| ABGH
[2025-03-10 23:43:09] District User -> FPS Edit -> Leh@pds| ABGH
[2025-03-10 23:43:09] District User -> FPS Edit -> Leh@pds| ABGH
[2025-03-10 23:43:09] District User -> FPS Edit -> Leh@pds| ABGH
[2025-03-10 23:43:09] District User -> FPS Edit -> Leh@pds| ABGH
[2025-03-10 23:43:09] District User -> FPS Edit -> Leh@pds| ABGH
[2025-03-10 23:43:09] District User -> FPS Edit -> Leh@pds| ABGH
[2025-03-10 23:43:09] District User -> FPS Edit -> Leh@pds| ABGH
[2025-03-10 23:43:09] District User -> FPS Edit -> Leh@pds| ABGH
[2025-03-10 23:43:09] District User -> FPS Edit -> Leh@pds| ABGH
[2025-03-10 23:43:09] District User -> FPS Edit -> Leh@pds| ABGH
[2025-03-10 23:43:09] District User -> FPS Edit -> Leh@pds| ABGH
[2025-03-10 23:43:09] District User -> FPS Edit -> Leh@pds| ABGH
[2025-03-10 23:43:09] District User -> FPS Edit -> Leh@pds| ABGH
[2025-03-10 23:43:09] District User -> FPS Edit -> Leh@pds| ABGH
[2025-03-10 23:43:09] District User -> FPS Edit -> Leh@pds| ABGH
[2025-03-10 23:43:09] District User -> FPS Edit -> Leh@pds| ABGH
[2025-03-10 23:43:09] District User -> FPS Edit -> Leh@pds| ABGH
[2025-03-10 23:43:09] District User -> FPS Edit -> Leh@pds| ABGH
[2025-03-10 23:43:09] District User -> FPS Edit -> Leh@pds| ABGH
[2025-03-10 23:43:28] District User -> FPS Active -> Leh@pds| Ankush
[2025-03-10 23:43:30] District User -> FPS Active -> Leh@pds| ABGH
[2025-03-10 23:43:34] District User -> FPS Active -> Leh@pds| ABGH
[2025-03-10 23:43:36] District User -> FPS Active -> Leh@pds| Ankush
[2025-03-10 23:46:35] District User -> FPS Edit->Leh@pds|
Requested JSON -> {"name":"ABGH","uniqueid":"FPS_67cf2b42a34","active":"1","type":"Normal FPS","latitude":"32.7703164","longitude":"78.9845082","district":"Leh","id":"100301000000","demand":"37.53","demand_rice":"26.82","demand_frice":"26.82"}
[2025-03-10 23:46:54] District User -> FPS Edit->Leh@pds|
Requested JSON -> {"name":"ABGH","uniqueid":"FPS_67cf2b42a8b","active":"1","type":"Normal FPS","latitude":"34.160555","longitude":"77.787318","district":"Leh","id":"100300100003","demand":"78.87","demand_rice":"55.38","demand_frice":"55.38"}
[2025-03-10 23:46:56] District User -> All Normal FPS InActive -> Leh@pds
[2025-03-10 23:46:58] District User -> All Normal FPS Active -> Leh@pds
[2025-03-10 23:48:06] District User -> All Model FPS InActive -> Leh@pds
[2025-03-10 23:48:08] District User -> All Model FPS Active -> Leh@pds
[2025-03-10 23:51:31] User -> Read Message ->Leh@pds| Requested
JSON -> please respond | Leh@pds
[2025-03-10 23:51:33] User -> Read Message ->Leh@pds| Requested
JSON -> please respond | Leh@pds
