[2025-04-13 12:24:38] District_User -> Mill added ->Leh@pds|
Requested JSON -> {"name":"a","latitude":"10","longitude":"10","district":"Leh","id":"101","demand":"10","demand_rice":"10"}
[2025-04-13 12:24:41] District User -> Mill InActive -> Leh@pds| Kangrimill
[2025-04-13 12:24:43] District User -> Mill Active -> Leh@pds| Kangrimill
[2025-04-13 12:24:46] District User -> Mill InActive -> Leh@pds| a
[2025-04-13 12:24:46] District User -> Mill Active -> Leh@pds| a
[2025-04-13 12:25:12] District User ->Mill Edit->Leh@pds|
Requested JSON -> {"name":"a","uniqueid":"DCP_67fb5faee20","active":"1","type":"10","latitude":"10","longitude":"10","district":"Leh","id":"101","demand":"10","demand_rice":"100"}
[2025-04-13 12:25:16] District User -> Mill deleted -> Leh@pds| Requested JSON -> {"uid":"DCP_67fb5faee20"} | A
[2025-04-13 12:25:20] District User -> Mill deleted -> Leh@pds| Requested JSON -> {"uid":"all"} | all
[2025-04-13 12:25:31] District User -> Mill Added -> Leh@pds| Kangrimill
[2025-04-13 12:25:31] District User -> Mill Added -> Leh@pds| Testing By
[2025-04-13 12:25:42] District User -> Mill Edit -> Leh@pds| Kangrimill
[2025-04-13 12:25:42] District User -> Mill Edit -> Leh@pds| Testing By
[2025-04-13 12:26:14] District_User -> Warehouse added ->Leh@pds|
Requested JSON -> {"name":"Ankush","type":"motorable","latitude":"10","storage":"10","district":"Leh","id":"Leh@pds","warehousetype":"cwc","longitude":"10"}
[2025-04-13 12:26:18] District User -> Warehouse InActive -> Leh@pds| Ankush
[2025-04-13 12:26:20] District User -> Warehouse Active -> Leh@pds| Ankush
[2025-04-13 12:26:40] District User -> Warehouse Edit->Leh@pds|
Requested JSON -> {"name":"Ankush","uniqueid":"WH_67fb600e4555","active":"1","type":"motorable","latitude":"10","storage":"10","district":"Leh","id":"Leh@pds","warehousetype":"cwc","longitude":"100"}
[2025-04-13 12:26:46] District User -> Warehouse deleted -> Leh@pds| Requested JSON -> {"uid":"WH_67fb600e4555"} | Ankush
[2025-04-13 12:26:50] District User -> Warehouse deleted -> Leh@pds| Requested JSON -> {"uid":"all"} | all
[2025-04-13 12:27:02] District User -> Warehouse Added -> Leh@pds| G_Rice_A/B
[2025-04-13 12:27:02] District User -> Warehouse Added -> Leh@pds| ABG
[2025-04-13 12:27:02] District User -> Warehouse Added -> Leh@pds| ABG
[2025-04-13 12:27:02] District User -> Warehouse Added -> Leh@pds| Arjun Upadhyay
[2025-04-13 12:28:36] District User -> Warehouse Edit -> Leh@pds| G_Rice_A/B
[2025-04-13 12:28:36] District User -> Warehouse Edit -> Leh@pds| ABG
[2025-04-13 12:28:36] District User -> Warehouse Edit -> Leh@pds| ABG
[2025-04-13 12:28:36] District User -> Warehouse Edit -> Leh@pds| Arjun Upadhyay
[2025-04-13 12:29:20] District User -> Warehouse Edit -> Leh@pds| G_Rice_A/B
[2025-04-13 12:29:20] District User -> Warehouse Edit -> Leh@pds| ABG
[2025-04-13 12:29:20] District User -> Warehouse Edit -> Leh@pds| ABG
[2025-04-13 12:29:20] District User -> Warehouse Edit -> Leh@pds| Arjun Upadhyay
[2025-04-13 12:29:25] District User -> FPS Active -> Leh@pds| Abgh
[2025-04-13 12:29:27] District User -> FPS Active -> Leh@pds| Ankush
[2025-04-13 12:29:29] District User -> FPS Active -> Leh@pds| Abgh
[2025-04-13 12:29:30] District User -> FPS Active -> Leh@pds| Ankush
[2025-04-13 12:30:10] District User -> FPS added ->Leh@pds|
Requested JSON -> {"name":"Ankush","type":"Model FPS","latitude":"10","longitude":"10","district":"Leh","id":"10","demand":"10","demand_rice":"10","demand_frice":"10"}
[2025-04-13 12:30:55] District User -> FPS Edit->Leh@pds|
Requested JSON -> {"name":"Ankush","uniqueid":"FPS_67fb5d12045","active":"0","type":"Normal FPS","latitude":"19.2667","longitude":"42.03","district":"Leh","id":"Leh@pds","demand":"12.33","demand_rice":"010","demand_frice":"58.86"}
[2025-04-13 12:31:05] District User -> FPS Active -> Leh@pds| Ankush
[2025-04-13 12:31:12] District User -> FPS InActive -> Leh@pds| Ankush
[2025-04-13 12:31:25] district_user -> FPS deleted -> Leh@pds|
Requested JSON -> {"uid":"FPS_67fb60fa89b"} | Ankush
[2025-04-13 12:31:40] district_user -> FPS deleted -> Leh@pds|
Requested JSON -> {"uid":"FPS_67fb5d12045"} | Ankush
[2025-04-13 12:31:46] district_user -> FPS deleted -> Leh@pds|
Requested JSON -> {"uid":"all"} | all
[2025-04-13 12:32:23] District User -> FPS Added -> Leh@pds| Ankush
[2025-04-13 12:32:23] District User -> FPS Added -> Leh@pds| Abgh
[2025-04-13 12:32:23] District User -> FPS Added -> Leh@pds| ABGH
[2025-04-13 12:32:23] District User -> FPS Added -> Leh@pds| Ankush
[2025-04-13 12:32:23] District User -> FPS Added -> Leh@pds| Abgh
[2025-04-13 12:32:23] District User -> FPS Added -> Leh@pds| ABGH
[2025-04-13 12:32:24] District User -> FPS Added -> Leh@pds| ABGH
[2025-04-13 12:32:24] District User -> FPS Added -> Leh@pds| ABGH
[2025-04-13 12:32:24] District User -> FPS Added -> Leh@pds| ABGH
[2025-04-13 12:32:24] District User -> FPS Added -> Leh@pds| ABGH
[2025-04-13 12:32:24] District User -> FPS Added -> Leh@pds| ABGH
[2025-04-13 12:32:24] District User -> FPS Added -> Leh@pds| ABGH
[2025-04-13 12:32:24] District User -> FPS Added -> Leh@pds| ABGH
[2025-04-13 12:32:24] District User -> FPS Added -> Leh@pds| ABGH
[2025-04-13 12:32:24] District User -> FPS Added -> Leh@pds| ABGH
[2025-04-13 12:32:24] District User -> FPS Added -> Leh@pds| ABGH
[2025-04-13 12:32:24] District User -> FPS Added -> Leh@pds| ABGH
[2025-04-13 12:32:24] District User -> FPS Added -> Leh@pds| ABGH
[2025-04-13 12:32:24] District User -> FPS Added -> Leh@pds| ABGH
[2025-04-13 12:32:24] District User -> FPS Added -> Leh@pds| ABGH
[2025-04-13 12:32:24] District User -> FPS Added -> Leh@pds| ABGH
[2025-04-13 12:32:24] District User -> FPS Added -> Leh@pds| ABGH
[2025-04-13 12:32:24] District User -> FPS Added -> Leh@pds| ABGH
[2025-04-13 12:32:24] District User -> FPS Added -> Leh@pds| ABGH
[2025-04-13 12:32:24] District User -> FPS Added -> Leh@pds| ABGH
[2025-04-13 12:32:24] District User -> FPS Added -> Leh@pds| ABGH
[2025-04-13 12:32:24] District User -> FPS Added -> Leh@pds| ABGH
[2025-04-13 12:32:24] District User -> FPS Added -> Leh@pds| ABGH
[2025-04-13 12:32:24] District User -> FPS Added -> Leh@pds| ABGH
[2025-04-13 12:32:24] District User -> FPS Added -> Leh@pds| ABGH
[2025-04-13 12:32:24] District User -> FPS Added -> Leh@pds| ABGH
[2025-04-13 12:32:24] District User -> FPS Added -> Leh@pds| ABGH
[2025-04-13 12:32:24] District User -> FPS Added -> Leh@pds| ABGH
[2025-04-13 12:32:24] District User -> FPS Added -> Leh@pds| ABGH
[2025-04-13 12:32:24] District User -> FPS Added -> Leh@pds| ABGH
[2025-04-13 12:32:24] District User -> FPS Added -> Leh@pds| ABGH
[2025-04-13 12:32:24] District User -> FPS Added -> Leh@pds| ABGH
[2025-04-13 12:32:24] District User -> FPS Added -> Leh@pds| ABGH
[2025-04-13 12:32:24] District User -> FPS Added -> Leh@pds| ABGH
[2025-04-13 12:32:24] District User -> FPS Added -> Leh@pds| ABGH
[2025-04-13 12:32:24] District User -> FPS Added -> Leh@pds| ABGH
[2025-04-13 12:32:24] District User -> FPS Added -> Leh@pds| ABGH
[2025-04-13 12:32:24] District User -> FPS Added -> Leh@pds| ABGH
[2025-04-13 12:32:24] District User -> FPS Added -> Leh@pds| ABGH
[2025-04-13 12:32:24] District User -> FPS Added -> Leh@pds| ABGH
[2025-04-13 12:32:24] District User -> FPS Added -> Leh@pds| ABGH
[2025-04-13 12:32:24] District User -> FPS Added -> Leh@pds| ABGH
[2025-04-13 12:32:24] District User -> FPS Added -> Leh@pds| ABGH
[2025-04-13 12:32:24] District User -> FPS Added -> Leh@pds| ABGH
[2025-04-13 12:32:24] District User -> FPS Added -> Leh@pds| ABGH
[2025-04-13 12:32:24] District User -> FPS Added -> Leh@pds| ABGH
[2025-04-13 12:32:24] District User -> FPS Added -> Leh@pds| ABGH
[2025-04-13 12:32:24] District User -> FPS Added -> Leh@pds| ABGH
[2025-04-13 12:32:24] District User -> FPS Added -> Leh@pds| ABGH
[2025-04-13 12:32:24] District User -> FPS Added -> Leh@pds| ABGH
[2025-04-13 12:32:24] District User -> FPS Added -> Leh@pds| ABGH
[2025-04-13 12:32:24] District User -> FPS Added -> Leh@pds| ABGH
[2025-04-13 12:32:24] District User -> FPS Added -> Leh@pds| ABGH
[2025-04-13 12:32:24] District User -> FPS Added -> Leh@pds| ABGH
[2025-04-13 12:32:24] District User -> FPS Added -> Leh@pds| ABGH
[2025-04-13 12:32:24] District User -> FPS Added -> Leh@pds| ABGH
[2025-04-13 12:32:24] District User -> FPS Added -> Leh@pds| ABGH
[2025-04-13 12:32:24] District User -> FPS Added -> Leh@pds| ABGH
[2025-04-13 12:32:24] District User -> FPS Added -> Leh@pds| ABGH
[2025-04-13 12:32:24] District User -> FPS Added -> Leh@pds| ABGH
[2025-04-13 12:32:24] District User -> FPS Added -> Leh@pds| ABGH
[2025-04-13 12:32:24] District User -> FPS Added -> Leh@pds| ABGH
[2025-04-13 12:32:24] District User -> FPS Added -> Leh@pds| ABGH
[2025-04-13 12:32:24] District User -> FPS Added -> Leh@pds| ABGH
[2025-04-13 12:32:24] District User -> FPS Added -> Leh@pds| ABGH
[2025-04-13 12:32:24] District User -> FPS Added -> Leh@pds| ABGH
[2025-04-13 12:32:24] District User -> FPS Added -> Leh@pds| ABGH
[2025-04-13 12:32:24] District User -> FPS Added -> Leh@pds| ABGH
[2025-04-13 12:32:24] District User -> FPS Added -> Leh@pds| ABGH
[2025-04-13 12:32:24] District User -> FPS Added -> Leh@pds| ABGH
[2025-04-13 12:32:24] District User -> FPS Added -> Leh@pds| ABGH
[2025-04-13 12:32:24] District User -> FPS Added -> Leh@pds| ABGH
[2025-04-13 12:32:24] District User -> FPS Added -> Leh@pds| ABGH
[2025-04-13 12:32:24] District User -> FPS Added -> Leh@pds| ABGH
[2025-04-13 12:32:24] District User -> FPS Added -> Leh@pds| ABGH
[2025-04-13 12:32:24] District User -> FPS Added -> Leh@pds| ABGH
[2025-04-13 12:32:24] District User -> FPS Added -> Leh@pds| ABGH
[2025-04-13 12:32:24] District User -> FPS Added -> Leh@pds| ABGH
[2025-04-13 12:32:24] District User -> FPS Added -> Leh@pds| ABGH
[2025-04-13 12:32:24] District User -> FPS Added -> Leh@pds| ABGH
[2025-04-13 12:32:24] District User -> FPS Added -> Leh@pds| ABGH
[2025-04-13 12:32:24] District User -> FPS Added -> Leh@pds| ABGH
[2025-04-13 12:32:24] District User -> FPS Added -> Leh@pds| ABGH
[2025-04-13 12:32:24] District User -> FPS Added -> Leh@pds| ABGH
[2025-04-13 12:32:24] District User -> FPS Added -> Leh@pds| ABGH
[2025-04-13 12:32:24] District User -> FPS Added -> Leh@pds| ABGH
[2025-04-13 12:32:24] District User -> FPS Added -> Leh@pds| ABGH
[2025-04-13 12:32:24] District User -> FPS Added -> Leh@pds| ABGH
[2025-04-13 12:32:24] District User -> FPS Added -> Leh@pds| ABGH
[2025-04-13 12:32:24] District User -> FPS Added -> Leh@pds| ABGH
[2025-04-13 12:32:24] District User -> FPS Added -> Leh@pds| ABGH
[2025-04-13 12:32:24] District User -> FPS Added -> Leh@pds| ABGH
[2025-04-13 12:32:24] District User -> FPS Added -> Leh@pds| ABGH
[2025-04-13 12:32:24] District User -> FPS Added -> Leh@pds| ABGH
[2025-04-13 12:32:24] District User -> FPS Added -> Leh@pds| ABGH
[2025-04-13 12:32:24] District User -> FPS Added -> Leh@pds| ABGH
[2025-04-13 12:32:24] District User -> FPS Added -> Leh@pds| ABGH
[2025-04-13 12:32:24] District User -> FPS Added -> Leh@pds| ABGH
[2025-04-13 12:32:24] District User -> FPS Added -> Leh@pds| ABGH
[2025-04-13 12:32:24] District User -> FPS Added -> Leh@pds| ABGH
[2025-04-13 12:32:24] District User -> FPS Added -> Leh@pds| ABGH
[2025-04-13 12:32:24] District User -> FPS Added -> Leh@pds| ABGH
[2025-04-13 12:32:24] District User -> FPS Added -> Leh@pds| ABGH
[2025-04-13 12:32:24] District User -> FPS Added -> Leh@pds| ABGH
[2025-04-13 12:32:24] District User -> FPS Added -> Leh@pds| ABGH
[2025-04-13 12:32:24] District User -> FPS Added -> Leh@pds| ABGH
[2025-04-13 12:32:24] District User -> FPS Added -> Leh@pds| ABGH
[2025-04-13 12:32:24] District User -> FPS Added -> Leh@pds| ABGH
[2025-04-13 12:32:24] District User -> FPS Added -> Leh@pds| ABGH
[2025-04-13 12:32:24] District User -> FPS Added -> Leh@pds| ABGH
[2025-04-13 12:32:24] District User -> FPS Added -> Leh@pds| ABGH
[2025-04-13 12:32:24] District User -> FPS Added -> Leh@pds| ABGH
[2025-04-13 12:32:24] District User -> FPS Added -> Leh@pds| ABGH
[2025-04-13 12:32:24] District User -> FPS Added -> Leh@pds| ABGH
[2025-04-13 12:32:24] District User -> FPS Added -> Leh@pds| ABGH
[2025-04-13 12:32:24] District User -> FPS Added -> Leh@pds| ABGH
[2025-04-13 12:32:24] District User -> FPS Added -> Leh@pds| ABGH
[2025-04-13 12:32:24] District User -> FPS Added -> Leh@pds| ABGH
[2025-04-13 12:32:24] District User -> FPS Added -> Leh@pds| ABGH
[2025-04-13 12:32:24] District User -> FPS Added -> Leh@pds| ABGH
[2025-04-13 12:32:24] District User -> FPS Added -> Leh@pds| ABGH
[2025-04-13 12:32:24] District User -> FPS Added -> Leh@pds| ABGH
[2025-04-13 12:32:25] District User -> FPS Added -> Leh@pds| ABGH
[2025-04-13 12:32:25] District User -> FPS Added -> Leh@pds| ABGH
[2025-04-13 12:32:25] District User -> FPS Added -> Leh@pds| ABGH
[2025-04-13 12:32:25] District User -> FPS Added -> Leh@pds| ABGH
[2025-04-13 12:32:25] District User -> FPS Added -> Leh@pds| ABGH
[2025-04-13 12:32:25] District User -> FPS Added -> Leh@pds| ABGH
[2025-04-13 12:32:25] District User -> FPS Added -> Leh@pds| ABGH
[2025-04-13 12:32:25] District User -> FPS Added -> Leh@pds| ABGH
[2025-04-13 12:32:25] District User -> FPS Added -> Leh@pds| ABGH
[2025-04-13 12:32:25] District User -> FPS Added -> Leh@pds| ABGH
[2025-04-13 12:32:25] District User -> FPS Added -> Leh@pds| ABGH
[2025-04-13 12:32:25] District User -> FPS Added -> Leh@pds| ABGH
[2025-04-13 12:32:25] District User -> FPS Added -> Leh@pds| ABGH
[2025-04-13 12:32:25] District User -> FPS Added -> Leh@pds| ABGH
[2025-04-13 12:32:25] District User -> FPS Added -> Leh@pds| ABGH
[2025-04-13 12:32:25] District User -> FPS Added -> Leh@pds| ABGH
[2025-04-13 12:32:25] District User -> FPS Added -> Leh@pds| ABGH
[2025-04-13 12:32:25] District User -> FPS Added -> Leh@pds| ABGH
[2025-04-13 12:32:25] District User -> FPS Added -> Leh@pds| ABGH
[2025-04-13 12:32:25] District User -> FPS Added -> Leh@pds| ABGH
[2025-04-13 12:32:25] District User -> FPS Added -> Leh@pds| ABGH
[2025-04-13 12:32:25] District User -> FPS Added -> Leh@pds| ABGH
[2025-04-13 12:32:25] District User -> FPS Added -> Leh@pds| ABGH
[2025-04-13 12:32:25] District User -> FPS Added -> Leh@pds| ABGH
[2025-04-13 12:32:25] District User -> FPS Added -> Leh@pds| ABGH
[2025-04-13 12:32:25] District User -> FPS Added -> Leh@pds| ABGH
[2025-04-13 12:32:25] District User -> FPS Added -> Leh@pds| ABGH
[2025-04-13 12:32:25] District User -> FPS Added -> Leh@pds| ABGH
[2025-04-13 12:32:25] District User -> FPS Added -> Leh@pds| ABGH
[2025-04-13 12:32:25] District User -> FPS Added -> Leh@pds| ABGH
[2025-04-13 12:32:25] District User -> FPS Added -> Leh@pds| ABGH
[2025-04-13 12:32:25] District User -> FPS Added -> Leh@pds| ABGH
[2025-04-13 12:32:25] District User -> FPS Added -> Leh@pds| ABGH
[2025-04-13 12:32:25] District User -> FPS Added -> Leh@pds| ABGH
[2025-04-13 12:32:25] District User -> FPS Added -> Leh@pds| ABGH
[2025-04-13 12:32:25] District User -> FPS Added -> Leh@pds| ABGH
[2025-04-13 12:32:25] District User -> FPS Added -> Leh@pds| ABGH
[2025-04-13 12:32:25] District User -> FPS Added -> Leh@pds| ABGH
[2025-04-13 12:32:25] District User -> FPS Added -> Leh@pds| ABGH
[2025-04-13 12:32:25] District User -> FPS Added -> Leh@pds| ABGH
[2025-04-13 12:32:25] District User -> FPS Added -> Leh@pds| ABGH
[2025-04-13 12:32:25] District User -> FPS Added -> Leh@pds| ABGH
[2025-04-13 12:32:25] District User -> FPS Added -> Leh@pds| ABGH
[2025-04-13 12:32:25] District User -> FPS Added -> Leh@pds| ABGH
[2025-04-13 12:32:25] District User -> FPS Added -> Leh@pds| ABGH
[2025-04-13 12:32:25] District User -> FPS Added -> Leh@pds| ABGH
[2025-04-13 12:32:25] District User -> FPS Added -> Leh@pds| ABGH
[2025-04-13 12:32:25] District User -> FPS Added -> Leh@pds| ABGH
[2025-04-13 12:32:25] District User -> FPS Added -> Leh@pds| ABGH
[2025-04-13 12:32:25] District User -> FPS Added -> Leh@pds| ABGH
[2025-04-13 12:32:25] District User -> FPS Added -> Leh@pds| ABGH
[2025-04-13 12:32:25] District User -> FPS Added -> Leh@pds| ABGH
[2025-04-13 12:32:25] District User -> FPS Added -> Leh@pds| ABGH
[2025-04-13 12:32:25] District User -> FPS Added -> Leh@pds| ABGH
[2025-04-13 12:32:25] District User -> FPS Added -> Leh@pds| ABGH
[2025-04-13 12:32:25] District User -> FPS Added -> Leh@pds| ABGH
[2025-04-13 12:32:25] District User -> FPS Added -> Leh@pds| ABGH
[2025-04-13 12:32:25] District User -> FPS Added -> Leh@pds| ABGH
[2025-04-13 12:32:25] District User -> FPS Added -> Leh@pds| ABGH
[2025-04-13 12:32:25] District User -> FPS Added -> Leh@pds| ABGH
[2025-04-13 12:32:25] District User -> FPS Added -> Leh@pds| ABGH
[2025-04-13 12:32:25] District User -> FPS Added -> Leh@pds| ABGH
[2025-04-13 12:32:25] District User -> FPS Added -> Leh@pds| ABGH
[2025-04-13 12:32:25] District User -> FPS Added -> Leh@pds| ABGH
[2025-04-13 12:32:25] District User -> FPS Added -> Leh@pds| ABGH
[2025-04-13 12:32:25] District User -> FPS Added -> Leh@pds| ABGH
[2025-04-13 12:32:25] District User -> FPS Added -> Leh@pds| ABGH
[2025-04-13 12:32:25] District User -> FPS Added -> Leh@pds| ABGH
[2025-04-13 12:32:25] District User -> FPS Added -> Leh@pds| ABGH
[2025-04-13 12:32:25] District User -> FPS Added -> Leh@pds| ABGH
[2025-04-13 12:32:25] District User -> FPS Added -> Leh@pds| ABGH
[2025-04-13 12:32:25] District User -> FPS Added -> Leh@pds| ABGH
[2025-04-13 12:32:25] District User -> FPS Added -> Leh@pds| ABGH
[2025-04-13 12:32:25] District User -> FPS Added -> Leh@pds| ABGH
[2025-04-13 12:32:25] District User -> FPS Added -> Leh@pds| ABGH
[2025-04-13 12:32:25] District User -> FPS Added -> Leh@pds| ABGH
[2025-04-13 12:32:25] District User -> FPS Added -> Leh@pds| ABGH
[2025-04-13 12:32:25] District User -> FPS Added -> Leh@pds| ABGH
[2025-04-13 12:32:25] District User -> FPS Added -> Leh@pds| ABGH
[2025-04-13 12:32:25] District User -> FPS Added -> Leh@pds| ABGH
[2025-04-13 12:32:25] District User -> FPS Added -> Leh@pds| Ankush
[2025-04-13 12:32:46] District User -> FPS Edit -> Leh@pds| Ankush
[2025-04-13 12:32:46] District User -> FPS Edit -> Leh@pds| Abgh
[2025-04-13 12:32:46] District User -> FPS Edit -> Leh@pds| ABGH
[2025-04-13 12:32:46] District User -> FPS Edit -> Leh@pds| Ankush
[2025-04-13 12:32:46] District User -> FPS Edit -> Leh@pds| Abgh
[2025-04-13 12:32:46] District User -> FPS Edit -> Leh@pds| ABGH
[2025-04-13 12:32:46] District User -> FPS Edit -> Leh@pds| ABGH
[2025-04-13 12:32:46] District User -> FPS Edit -> Leh@pds| ABGH
[2025-04-13 12:32:46] District User -> FPS Edit -> Leh@pds| ABGH
[2025-04-13 12:32:46] District User -> FPS Edit -> Leh@pds| ABGH
[2025-04-13 12:32:46] District User -> FPS Edit -> Leh@pds| ABGH
[2025-04-13 12:32:46] District User -> FPS Edit -> Leh@pds| ABGH
[2025-04-13 12:32:46] District User -> FPS Edit -> Leh@pds| ABGH
[2025-04-13 12:32:46] District User -> FPS Edit -> Leh@pds| ABGH
[2025-04-13 12:32:46] District User -> FPS Edit -> Leh@pds| ABGH
[2025-04-13 12:32:46] District User -> FPS Edit -> Leh@pds| ABGH
[2025-04-13 12:32:46] District User -> FPS Edit -> Leh@pds| ABGH
[2025-04-13 12:32:46] District User -> FPS Edit -> Leh@pds| ABGH
[2025-04-13 12:32:46] District User -> FPS Edit -> Leh@pds| ABGH
[2025-04-13 12:32:46] District User -> FPS Edit -> Leh@pds| ABGH
[2025-04-13 12:32:46] District User -> FPS Edit -> Leh@pds| ABGH
[2025-04-13 12:32:46] District User -> FPS Edit -> Leh@pds| ABGH
[2025-04-13 12:32:46] District User -> FPS Edit -> Leh@pds| ABGH
[2025-04-13 12:32:46] District User -> FPS Edit -> Leh@pds| ABGH
[2025-04-13 12:32:46] District User -> FPS Edit -> Leh@pds| ABGH
[2025-04-13 12:32:46] District User -> FPS Edit -> Leh@pds| ABGH
[2025-04-13 12:32:46] District User -> FPS Edit -> Leh@pds| ABGH
[2025-04-13 12:32:46] District User -> FPS Edit -> Leh@pds| ABGH
[2025-04-13 12:32:46] District User -> FPS Edit -> Leh@pds| ABGH
[2025-04-13 12:32:46] District User -> FPS Edit -> Leh@pds| ABGH
[2025-04-13 12:32:46] District User -> FPS Edit -> Leh@pds| ABGH
[2025-04-13 12:32:46] District User -> FPS Edit -> Leh@pds| ABGH
[2025-04-13 12:32:46] District User -> FPS Edit -> Leh@pds| ABGH
[2025-04-13 12:32:46] District User -> FPS Edit -> Leh@pds| ABGH
[2025-04-13 12:32:46] District User -> FPS Edit -> Leh@pds| ABGH
[2025-04-13 12:32:46] District User -> FPS Edit -> Leh@pds| ABGH
[2025-04-13 12:32:46] District User -> FPS Edit -> Leh@pds| ABGH
[2025-04-13 12:32:46] District User -> FPS Edit -> Leh@pds| ABGH
[2025-04-13 12:32:46] District User -> FPS Edit -> Leh@pds| ABGH
[2025-04-13 12:32:46] District User -> FPS Edit -> Leh@pds| ABGH
[2025-04-13 12:32:46] District User -> FPS Edit -> Leh@pds| ABGH
[2025-04-13 12:32:46] District User -> FPS Edit -> Leh@pds| ABGH
[2025-04-13 12:32:46] District User -> FPS Edit -> Leh@pds| ABGH
[2025-04-13 12:32:46] District User -> FPS Edit -> Leh@pds| ABGH
[2025-04-13 12:32:46] District User -> FPS Edit -> Leh@pds| ABGH
[2025-04-13 12:32:46] District User -> FPS Edit -> Leh@pds| ABGH
[2025-04-13 12:32:46] District User -> FPS Edit -> Leh@pds| ABGH
[2025-04-13 12:32:46] District User -> FPS Edit -> Leh@pds| ABGH
[2025-04-13 12:32:46] District User -> FPS Edit -> Leh@pds| ABGH
[2025-04-13 12:32:46] District User -> FPS Edit -> Leh@pds| ABGH
[2025-04-13 12:32:46] District User -> FPS Edit -> Leh@pds| ABGH
[2025-04-13 12:32:46] District User -> FPS Edit -> Leh@pds| ABGH
[2025-04-13 12:32:46] District User -> FPS Edit -> Leh@pds| ABGH
[2025-04-13 12:32:46] District User -> FPS Edit -> Leh@pds| ABGH
[2025-04-13 12:32:46] District User -> FPS Edit -> Leh@pds| ABGH
[2025-04-13 12:32:46] District User -> FPS Edit -> Leh@pds| ABGH
[2025-04-13 12:32:46] District User -> FPS Edit -> Leh@pds| ABGH
[2025-04-13 12:32:47] District User -> FPS Edit -> Leh@pds| ABGH
[2025-04-13 12:32:47] District User -> FPS Edit -> Leh@pds| ABGH
[2025-04-13 12:32:47] District User -> FPS Edit -> Leh@pds| ABGH
[2025-04-13 12:32:47] District User -> FPS Edit -> Leh@pds| ABGH
[2025-04-13 12:32:47] District User -> FPS Edit -> Leh@pds| ABGH
[2025-04-13 12:32:47] District User -> FPS Edit -> Leh@pds| ABGH
[2025-04-13 12:32:47] District User -> FPS Edit -> Leh@pds| ABGH
[2025-04-13 12:32:47] District User -> FPS Edit -> Leh@pds| ABGH
[2025-04-13 12:32:47] District User -> FPS Edit -> Leh@pds| ABGH
[2025-04-13 12:32:47] District User -> FPS Edit -> Leh@pds| ABGH
[2025-04-13 12:32:47] District User -> FPS Edit -> Leh@pds| ABGH
[2025-04-13 12:32:47] District User -> FPS Edit -> Leh@pds| ABGH
[2025-04-13 12:32:47] District User -> FPS Edit -> Leh@pds| ABGH
[2025-04-13 12:32:47] District User -> FPS Edit -> Leh@pds| ABGH
[2025-04-13 12:32:47] District User -> FPS Edit -> Leh@pds| ABGH
[2025-04-13 12:32:47] District User -> FPS Edit -> Leh@pds| ABGH
[2025-04-13 12:32:47] District User -> FPS Edit -> Leh@pds| ABGH
[2025-04-13 12:32:47] District User -> FPS Edit -> Leh@pds| ABGH
[2025-04-13 12:32:47] District User -> FPS Edit -> Leh@pds| ABGH
[2025-04-13 12:32:47] District User -> FPS Edit -> Leh@pds| ABGH
[2025-04-13 12:32:47] District User -> FPS Edit -> Leh@pds| ABGH
[2025-04-13 12:32:47] District User -> FPS Edit -> Leh@pds| ABGH
[2025-04-13 12:32:47] District User -> FPS Edit -> Leh@pds| ABGH
[2025-04-13 12:32:47] District User -> FPS Edit -> Leh@pds| ABGH
[2025-04-13 12:32:47] District User -> FPS Edit -> Leh@pds| ABGH
[2025-04-13 12:32:47] District User -> FPS Edit -> Leh@pds| ABGH
[2025-04-13 12:32:47] District User -> FPS Edit -> Leh@pds| ABGH
[2025-04-13 12:32:47] District User -> FPS Edit -> Leh@pds| ABGH
[2025-04-13 12:32:47] District User -> FPS Edit -> Leh@pds| ABGH
[2025-04-13 12:32:47] District User -> FPS Edit -> Leh@pds| ABGH
[2025-04-13 12:32:47] District User -> FPS Edit -> Leh@pds| ABGH
[2025-04-13 12:32:47] District User -> FPS Edit -> Leh@pds| ABGH
[2025-04-13 12:32:47] District User -> FPS Edit -> Leh@pds| ABGH
[2025-04-13 12:32:47] District User -> FPS Edit -> Leh@pds| ABGH
[2025-04-13 12:32:47] District User -> FPS Edit -> Leh@pds| ABGH
[2025-04-13 12:32:47] District User -> FPS Edit -> Leh@pds| ABGH
[2025-04-13 12:32:47] District User -> FPS Edit -> Leh@pds| ABGH
[2025-04-13 12:32:47] District User -> FPS Edit -> Leh@pds| ABGH
[2025-04-13 12:32:47] District User -> FPS Edit -> Leh@pds| ABGH
[2025-04-13 12:32:47] District User -> FPS Edit -> Leh@pds| ABGH
[2025-04-13 12:32:47] District User -> FPS Edit -> Leh@pds| ABGH
[2025-04-13 12:32:47] District User -> FPS Edit -> Leh@pds| ABGH
[2025-04-13 12:32:47] District User -> FPS Edit -> Leh@pds| ABGH
[2025-04-13 12:32:47] District User -> FPS Edit -> Leh@pds| ABGH
[2025-04-13 12:32:47] District User -> FPS Edit -> Leh@pds| ABGH
[2025-04-13 12:32:47] District User -> FPS Edit -> Leh@pds| ABGH
[2025-04-13 12:32:47] District User -> FPS Edit -> Leh@pds| ABGH
[2025-04-13 12:32:47] District User -> FPS Edit -> Leh@pds| ABGH
[2025-04-13 12:32:47] District User -> FPS Edit -> Leh@pds| ABGH
[2025-04-13 12:32:47] District User -> FPS Edit -> Leh@pds| ABGH
[2025-04-13 12:32:47] District User -> FPS Edit -> Leh@pds| ABGH
[2025-04-13 12:32:47] District User -> FPS Edit -> Leh@pds| ABGH
[2025-04-13 12:32:47] District User -> FPS Edit -> Leh@pds| ABGH
[2025-04-13 12:32:47] District User -> FPS Edit -> Leh@pds| ABGH
[2025-04-13 12:32:47] District User -> FPS Edit -> Leh@pds| ABGH
[2025-04-13 12:32:47] District User -> FPS Edit -> Leh@pds| ABGH
[2025-04-13 12:32:47] District User -> FPS Edit -> Leh@pds| ABGH
[2025-04-13 12:32:47] District User -> FPS Edit -> Leh@pds| ABGH
[2025-04-13 12:32:47] District User -> FPS Edit -> Leh@pds| ABGH
[2025-04-13 12:32:47] District User -> FPS Edit -> Leh@pds| ABGH
[2025-04-13 12:32:47] District User -> FPS Edit -> Leh@pds| ABGH
[2025-04-13 12:32:47] District User -> FPS Edit -> Leh@pds| ABGH
[2025-04-13 12:32:47] District User -> FPS Edit -> Leh@pds| ABGH
[2025-04-13 12:32:47] District User -> FPS Edit -> Leh@pds| ABGH
[2025-04-13 12:32:47] District User -> FPS Edit -> Leh@pds| ABGH
[2025-04-13 12:32:47] District User -> FPS Edit -> Leh@pds| ABGH
[2025-04-13 12:32:47] District User -> FPS Edit -> Leh@pds| ABGH
[2025-04-13 12:32:47] District User -> FPS Edit -> Leh@pds| ABGH
[2025-04-13 12:32:47] District User -> FPS Edit -> Leh@pds| ABGH
[2025-04-13 12:32:47] District User -> FPS Edit -> Leh@pds| ABGH
[2025-04-13 12:32:47] District User -> FPS Edit -> Leh@pds| ABGH
[2025-04-13 12:32:47] District User -> FPS Edit -> Leh@pds| ABGH
[2025-04-13 12:32:47] District User -> FPS Edit -> Leh@pds| ABGH
[2025-04-13 12:32:47] District User -> FPS Edit -> Leh@pds| ABGH
[2025-04-13 12:32:47] District User -> FPS Edit -> Leh@pds| ABGH
[2025-04-13 12:32:47] District User -> FPS Edit -> Leh@pds| ABGH
[2025-04-13 12:32:47] District User -> FPS Edit -> Leh@pds| ABGH
[2025-04-13 12:32:47] District User -> FPS Edit -> Leh@pds| ABGH
[2025-04-13 12:32:47] District User -> FPS Edit -> Leh@pds| ABGH
[2025-04-13 12:32:47] District User -> FPS Edit -> Leh@pds| ABGH
[2025-04-13 12:32:47] District User -> FPS Edit -> Leh@pds| ABGH
[2025-04-13 12:32:47] District User -> FPS Edit -> Leh@pds| ABGH
[2025-04-13 12:32:47] District User -> FPS Edit -> Leh@pds| ABGH
[2025-04-13 12:32:47] District User -> FPS Edit -> Leh@pds| ABGH
[2025-04-13 12:32:47] District User -> FPS Edit -> Leh@pds| ABGH
[2025-04-13 12:32:47] District User -> FPS Edit -> Leh@pds| ABGH
[2025-04-13 12:32:47] District User -> FPS Edit -> Leh@pds| ABGH
[2025-04-13 12:32:47] District User -> FPS Edit -> Leh@pds| ABGH
[2025-04-13 12:32:47] District User -> FPS Edit -> Leh@pds| ABGH
[2025-04-13 12:32:47] District User -> FPS Edit -> Leh@pds| ABGH
[2025-04-13 12:32:47] District User -> FPS Edit -> Leh@pds| ABGH
[2025-04-13 12:32:47] District User -> FPS Edit -> Leh@pds| ABGH
[2025-04-13 12:32:47] District User -> FPS Edit -> Leh@pds| ABGH
[2025-04-13 12:32:47] District User -> FPS Edit -> Leh@pds| ABGH
[2025-04-13 12:32:47] District User -> FPS Edit -> Leh@pds| ABGH
[2025-04-13 12:32:47] District User -> FPS Edit -> Leh@pds| ABGH
[2025-04-13 12:32:47] District User -> FPS Edit -> Leh@pds| ABGH
[2025-04-13 12:32:47] District User -> FPS Edit -> Leh@pds| ABGH
[2025-04-13 12:32:47] District User -> FPS Edit -> Leh@pds| ABGH
[2025-04-13 12:32:47] District User -> FPS Edit -> Leh@pds| ABGH
[2025-04-13 12:32:47] District User -> FPS Edit -> Leh@pds| ABGH
[2025-04-13 12:32:47] District User -> FPS Edit -> Leh@pds| ABGH
[2025-04-13 12:32:47] District User -> FPS Edit -> Leh@pds| ABGH
[2025-04-13 12:32:47] District User -> FPS Edit -> Leh@pds| ABGH
[2025-04-13 12:32:47] District User -> FPS Edit -> Leh@pds| ABGH
[2025-04-13 12:32:47] District User -> FPS Edit -> Leh@pds| ABGH
[2025-04-13 12:32:47] District User -> FPS Edit -> Leh@pds| ABGH
[2025-04-13 12:32:47] District User -> FPS Edit -> Leh@pds| ABGH
[2025-04-13 12:32:47] District User -> FPS Edit -> Leh@pds| ABGH
[2025-04-13 12:32:47] District User -> FPS Edit -> Leh@pds| ABGH
[2025-04-13 12:32:47] District User -> FPS Edit -> Leh@pds| ABGH
[2025-04-13 12:32:47] District User -> FPS Edit -> Leh@pds| ABGH
[2025-04-13 12:32:47] District User -> FPS Edit -> Leh@pds| ABGH
[2025-04-13 12:32:47] District User -> FPS Edit -> Leh@pds| ABGH
[2025-04-13 12:32:47] District User -> FPS Edit -> Leh@pds| ABGH
[2025-04-13 12:32:47] District User -> FPS Edit -> Leh@pds| ABGH
[2025-04-13 12:32:47] District User -> FPS Edit -> Leh@pds| ABGH
[2025-04-13 12:32:47] District User -> FPS Edit -> Leh@pds| ABGH
[2025-04-13 12:32:47] District User -> FPS Edit -> Leh@pds| ABGH
[2025-04-13 12:32:47] District User -> FPS Edit -> Leh@pds| ABGH
[2025-04-13 12:32:47] District User -> FPS Edit -> Leh@pds| ABGH
[2025-04-13 12:32:47] District User -> FPS Edit -> Leh@pds| ABGH
[2025-04-13 12:32:47] District User -> FPS Edit -> Leh@pds| ABGH
[2025-04-13 12:32:47] District User -> FPS Edit -> Leh@pds| ABGH
[2025-04-13 12:32:47] District User -> FPS Edit -> Leh@pds| ABGH
[2025-04-13 12:32:47] District User -> FPS Edit -> Leh@pds| ABGH
[2025-04-13 12:32:47] District User -> FPS Edit -> Leh@pds| ABGH
[2025-04-13 12:32:47] District User -> FPS Edit -> Leh@pds| ABGH
[2025-04-13 12:32:47] District User -> FPS Edit -> Leh@pds| ABGH
[2025-04-13 12:32:47] District User -> FPS Edit -> Leh@pds| ABGH
[2025-04-13 12:32:47] District User -> FPS Edit -> Leh@pds| ABGH
[2025-04-13 12:32:47] District User -> FPS Edit -> Leh@pds| ABGH
[2025-04-13 12:32:47] District User -> FPS Edit -> Leh@pds| ABGH
[2025-04-13 12:32:47] District User -> FPS Edit -> Leh@pds| ABGH
[2025-04-13 12:32:47] District User -> FPS Edit -> Leh@pds| ABGH
[2025-04-13 12:32:47] District User -> FPS Edit -> Leh@pds| ABGH
[2025-04-13 12:32:47] District User -> FPS Edit -> Leh@pds| ABGH
[2025-04-13 12:32:47] District User -> FPS Edit -> Leh@pds| ABGH
[2025-04-13 12:32:47] District User -> FPS Edit -> Leh@pds| ABGH
[2025-04-13 12:32:47] District User -> FPS Edit -> Leh@pds| ABGH
[2025-04-13 12:32:47] District User -> FPS Edit -> Leh@pds| ABGH
[2025-04-13 12:32:47] District User -> FPS Edit -> Leh@pds| ABGH
[2025-04-13 12:32:47] District User -> FPS Edit -> Leh@pds| ABGH
[2025-04-13 12:32:47] District User -> FPS Edit -> Leh@pds| ABGH
[2025-04-13 12:32:47] District User -> FPS Edit -> Leh@pds| ABGH
[2025-04-13 12:32:47] District User -> FPS Edit -> Leh@pds| ABGH
[2025-04-13 12:32:47] District User -> FPS Edit -> Leh@pds| ABGH
[2025-04-13 12:32:47] District User -> FPS Edit -> Leh@pds| ABGH
[2025-04-13 12:32:47] District User -> FPS Edit -> Leh@pds| ABGH
[2025-04-13 12:32:47] District User -> FPS Edit -> Leh@pds| ABGH
[2025-04-13 12:32:47] District User -> FPS Edit -> Leh@pds| Ankush
[2025-04-13 12:32:52] User -> Read Message ->Leh@pds| Requested JSON -> hi | Leh@pds
